
> frontend@0.1.0 dev
> next dev

▲ Next.js 16.1.6 (Turbopack)
- Local:         http://localhost:3000
- Network:       http://192.168.100.134:3000

✓ Starting...
✓ Ready in 692ms
 GET / 200 in 694ms (compile: 568ms, render: 126ms)
 GET /manifest.webmanifest 200 in 73ms (compile: 61ms, render: 11ms)
 GET /principal 200 in 43ms (compile: 30ms, render: 13ms)
 GET /manifest.webmanifest 200 in 5ms (compile: 1748µs, render: 3ms)
 GET /principal/caixa 404 in 75ms (compile: 61ms, render: 15ms)
 GET /principal/caixa 404 in 36ms (compile: 3ms, render: 33ms)
 GET /manifest.webmanifest 200 in 5ms (compile: 2ms, render: 3ms)
 GET /principal 200 in 53ms (compile: 1896µs, render: 52ms)
✓ Compiled in 137ms
 GET /principal 200 in 167ms (compile: 101ms, render: 66ms)
 GET /principal 200 in 60ms (compile: 3ms, render: 57ms)
 GET /principal 200 in 65ms (compile: 3ms, render: 62ms)
 GET /principal 200 in 63ms (compile: 3ms, render: 60ms)
 GET /principal 200 in 66ms (compile: 3ms, render: 63ms)
 GET /principal 200 in 66ms (compile: 2ms, render: 64ms)
 GET /principal 200 in 70ms (compile: 2ms, render: 68ms)
 GET /principal 200 in 70ms (compile: 1809µs, render: 68ms)
 GET /principal 200 in 67ms (compile: 2ms, render: 65ms)
 GET /principal 200 in 66ms (compile: 1875µs, render: 64ms)
 GET /principal 200 in 50ms (compile: 2ms, render: 48ms)
 GET /principal 200 in 46ms (compile: 2ms, render: 44ms)
 GET /principal 200 in 41ms (compile: 2ms, render: 39ms)
 GET /principal 200 in 39ms (compile: 2ms, render: 36ms)
 GET /principal 200 in 38ms (compile: 1837µs, render: 37ms)
 GET /principal 200 in 46ms (compile: 3ms, render: 44ms)
 GET /principal 200 in 44ms (compile: 3ms, render: 41ms)
 GET /principal 200 in 47ms (compile: 2ms, render: 45ms)
 GET /principal 200 in 42ms (compile: 3ms, render: 39ms)
 GET /principal 200 in 50ms (compile: 2ms, render: 48ms)
 GET /principal 200 in 52ms (compile: 1755µs, render: 50ms)
 GET /principal 200 in 50ms (compile: 2ms, render: 48ms)
 GET /principal 200 in 51ms (compile: 1304µs, render: 50ms)
 GET /principal 200 in 38ms (compile: 1892µs, render: 37ms)
 GET /principal 200 in 36ms (compile: 1612µs, render: 35ms)
 GET /principal 200 in 56ms (compile: 1663µs, render: 54ms)
 GET /principal 200 in 45ms (compile: 2ms, render: 43ms)
 GET /principal 200 in 46ms (compile: 2ms, render: 44ms)
 GET /principal 200 in 42ms (compile: 2ms, render: 40ms)
 GET /principal 200 in 42ms (compile: 3ms, render: 39ms)
 GET /principal 200 in 58ms (compile: 2ms, render: 56ms)
 GET /principal 200 in 71ms (compile: 1830µs, render: 69ms)
 GET /principal 200 in 72ms (compile: 2ms, render: 70ms)
 GET /principal 200 in 57ms (compile: 2ms, render: 55ms)
 GET /principal 200 in 63ms (compile: 2ms, render: 61ms)
 GET /principal 200 in 48ms (compile: 1939µs, render: 46ms)
 GET /principal 200 in 47ms (compile: 2ms, render: 44ms)
 GET /principal 200 in 47ms (compile: 1795µs, render: 45ms)
 GET /principal 200 in 52ms (compile: 1474µs, render: 50ms)
 GET /principal 200 in 52ms (compile: 1586µs, render: 50ms)
 GET /principal 200 in 39ms (compile: 1875µs, render: 37ms)
 GET /principal 200 in 39ms (compile: 1938µs, render: 37ms)
 GET /principal 200 in 40ms (compile: 1540µs, render: 38ms)
 GET /principal 200 in 45ms (compile: 2ms, render: 43ms)
 GET /principal 200 in 45ms (compile: 2ms, render: 43ms)
 GET /principal 200 in 45ms (compile: 2ms, render: 43ms)
 GET /principal 200 in 43ms (compile: 3ms, render: 41ms)
 GET /principal 200 in 41ms (compile: 2000µs, render: 39ms)
 GET /principal 200 in 39ms (compile: 2ms, render: 37ms)
 GET /principal 200 in 38ms (compile: 1782µs, render: 36ms)
 GET /principal 200 in 53ms (compile: 2ms, render: 51ms)
 GET /principal 200 in 41ms (compile: 1599µs, render: 39ms)
 GET /principal 200 in 39ms (compile: 1791µs, render: 37ms)
 GET /principal 200 in 42ms (compile: 1563µs, render: 41ms)
 GET /principal 200 in 43ms (compile: 1801µs, render: 42ms)
 GET /principal 200 in 45ms (compile: 1563µs, render: 44ms)
 GET /principal 200 in 43ms (compile: 3ms, render: 40ms)
 GET /principal 200 in 42ms (compile: 2ms, render: 39ms)
 GET /principal 200 in 46ms (compile: 1883µs, render: 44ms)
 GET /principal 200 in 49ms (compile: 1985µs, render: 47ms)
 GET /principal 200 in 48ms (compile: 1863µs, render: 46ms)
 GET /principal 200 in 42ms (compile: 3ms, render: 39ms)
 GET /principal 200 in 45ms (compile: 2ms, render: 43ms)
 GET /principal 200 in 36ms (compile: 2ms, render: 33ms)
 GET /principal 200 in 37ms (compile: 1614µs, render: 36ms)
 GET /principal 200 in 41ms (compile: 1663µs, render: 39ms)
 GET /principal 200 in 47ms (compile: 1870µs, render: 45ms)
 GET /principal 200 in 43ms (compile: 1625µs, render: 41ms)
 GET /principal 200 in 47ms (compile: 1784µs, render: 46ms)
 GET /principal 200 in 39ms (compile: 1345µs, render: 37ms)
 GET /principal 200 in 41ms (compile: 1377µs, render: 40ms)
 GET /principal 200 in 41ms (compile: 2ms, render: 38ms)
 GET /principal 200 in 37ms (compile: 2ms, render: 35ms)
 GET /principal 200 in 42ms (compile: 2ms, render: 40ms)
 GET /principal 200 in 41ms (compile: 1560µs, render: 40ms)
 GET /principal 200 in 40ms (compile: 1723µs, render: 39ms)
 GET /principal 200 in 34ms (compile: 1858µs, render: 32ms)
 GET /principal 200 in 31ms (compile: 1613µs, render: 30ms)
 GET /principal 200 in 21ms (compile: 1401µs, render: 19ms)
 GET /principal 200 in 11ms (compile: 1634µs, render: 10ms)
 GET /manifest.webmanifest 200 in 31ms (compile: 26ms, render: 6ms)
 GET /principal/caixa 200 in 577ms (compile: 561ms, render: 16ms)
 GET /manifest.webmanifest 200 in 6ms (compile: 1766µs, render: 4ms)
 GET /principal/parcelas 200 in 55ms (compile: 42ms, render: 14ms)
 GET /manifest.webmanifest 200 in 5ms (compile: 1701µs, render: 3ms)
 GET /principal 200 in 11ms (compile: 1564µs, render: 10ms)
 GET /manifest.webmanifest 200 in 5ms (compile: 1574µs, render: 3ms)
 GET /principal/caixa 200 in 11ms (compile: 1608µs, render: 9ms)
 GET /manifest.webmanifest 200 in 5ms (compile: 1807µs, render: 3ms)
 GET /principal/parcelas 200 in 11ms (compile: 1988µs, render: 9ms)
 GET /manifest.webmanifest 200 in 6ms (compile: 1782µs, render: 4ms)
✓ Compiled in 62ms
 GET /manifest.webmanifest 200 in 4ms (compile: 1322µs, render: 2ms)
 GET /principal/parcelas 200 in 74ms (compile: 47ms, render: 27ms)
 GET /manifest.webmanifest 200 in 5ms (compile: 1946µs, render: 3ms)
 GET /principal/parcelas 200 in 91ms (compile: 2ms, render: 88ms)
✓ Compiled in 53ms
 GET / 200 in 46ms (compile: 11ms, render: 35ms)
 GET /manifest.webmanifest 200 in 4ms (compile: 1954µs, render: 2ms)
 GET /principal 200 in 15ms (compile: 1904µs, render: 13ms)
 GET /manifest.webmanifest 200 in 4ms (compile: 1632µs, render: 3ms)
 GET /principal/parcelas 200 in 67ms (compile: 51ms, render: 16ms)
 GET /manifest.webmanifest 200 in 5ms (compile: 1500µs, render: 3ms)
⚠ Fast Refresh had to perform a full reload due to a runtime error.
✓ Compiled in 47ms
 GET /principal/parcelas 200 in 149ms (compile: 35ms, render: 114ms)
 GET /manifest.webmanifest 200 in 4ms (compile: 1899µs, render: 2ms)
 GET / 200 in 26ms (compile: 2ms, render: 24ms)
 GET /manifest.webmanifest 200 in 4ms (compile: 1845µs, render: 2ms)
 GET /principal 200 in 15ms (compile: 1857µs, render: 13ms)
 GET /manifest.webmanifest 200 in 4ms (compile: 1605µs, render: 3ms)
 GET /principal/parcelas 200 in 10ms (compile: 1635µs, render: 8ms)
 GET /manifest.webmanifest 200 in 4ms (compile: 1266µs, render: 2ms)
 GET /principal/parcelas 200 in 35ms (compile: 2ms, render: 33ms)
 GET / 200 in 30ms (compile: 5ms, render: 25ms)
 GET /manifest.webmanifest 200 in 5ms (compile: 1375µs, render: 3ms)
 GET /principal 200 in 14ms (compile: 1813µs, render: 12ms)
 GET /manifest.webmanifest 200 in 4ms (compile: 1533µs, render: 2ms)
 GET /principal/caixa 200 in 14ms (compile: 4ms, render: 10ms)
 GET /manifest.webmanifest 200 in 4ms (compile: 2ms, render: 2ms)
 GET /principal/parcelas 200 in 67ms (compile: 51ms, render: 16ms)
 GET /manifest.webmanifest 200 in 4ms (compile: 1601µs, render: 2ms)
 GET /principal/parcelas 200 in 74ms (compile: 3ms, render: 71ms)
 GET /principal/parcelas 200 in 30ms (compile: 1889µs, render: 28ms)
✓ Compiled in 55ms
 GET / 200 in 27ms (compile: 2ms, render: 25ms)
 GET /manifest.webmanifest 200 in 5ms (compile: 2ms, render: 3ms)
 GET /principal 200 in 15ms (compile: 1841µs, render: 13ms)
 GET /manifest.webmanifest 200 in 4ms (compile: 1540µs, render: 3ms)
 GET /principal/parcelas 200 in 52ms (compile: 40ms, render: 12ms)
 GET /manifest.webmanifest 200 in 4ms (compile: 1713µs, render: 2ms)
 GET /principal/parcelas 200 in 79ms (compile: 2ms, render: 76ms)
 GET /principal/parcelas 200 in 112ms (compile: 37ms, render: 75ms)
 GET /principal/parcelas 200 in 33ms (compile: 2ms, render: 31ms)
 GET /manifest.webmanifest 200 in 5ms (compile: 1792µs, render: 3ms)
✓ Compiled in 48ms
 GET /principal/parcelas 200 in 118ms (compile: 34ms, render: 84ms)
 GET /manifest.webmanifest 200 in 3ms (compile: 1546µs, render: 1942µs)
 GET /principal/parcelas 200 in 34ms (compile: 1903µs, render: 32ms)
 GET /manifest.webmanifest 200 in 4ms (compile: 1929µs, render: 1898µs)
 GET /manifest.webmanifest 200 in 21ms (compile: 12ms, render: 10ms)
 GET /principal/parcelas 200 in 250ms (compile: 3ms, render: 247ms)
 GET / 200 in 36ms (compile: 1880µs, render: 35ms)
 GET /manifest.webmanifest 200 in 4ms (compile: 1874µs, render: 2ms)
 GET /principal 200 in 16ms (compile: 2ms, render: 14ms)
 GET /manifest.webmanifest 200 in 4ms (compile: 1532µs, render: 2ms)
 GET /principal/parcelas 200 in 12ms (compile: 1946µs, render: 10ms)
 GET /manifest.webmanifest 200 in 4ms (compile: 1484µs, render: 3ms)
✓ Compiled in 103ms
 GET /principal/mensalidades 200 in 75ms (compile: 61ms, render: 15ms)
 GET /manifest.webmanifest 200 in 4ms (compile: 1788µs, render: 2ms)
 GET /principal/parcelas 200 in 57ms (compile: 43ms, render: 14ms)
 GET /manifest.webmanifest 200 in 4ms (compile: 1506µs, render: 3ms)
 GET /manifest.webmanifest 200 in 5ms (compile: 2ms, render: 3ms)
 GET /principal/parcelas 200 in 17ms (compile: 2ms, render: 15ms)
 GET /manifest.webmanifest 200 in 4ms (compile: 1437µs, render: 2ms)
✓ Compiled in 58ms
✓ Compiled in 49ms
✓ Compiled in 49ms
✓ Compiled in 86ms
✓ Compiled in 47ms
⚠ Found a change in next.config.ts. Restarting the server to apply the changes...
▲ Next.js 16.1.6 (Turbopack)
- Local:         http://localhost:3000
- Network:       http://192.168.100.134:3000

✓ Starting...
✓ Ready in 1010ms
 GET /principal/parcelas 200 in 722ms (compile: 600ms, render: 122ms)
 GET /manifest.webmanifest 200 in 57ms (compile: 48ms, render: 9ms)
 GET /manifest.webmanifest 200 in 5ms (compile: 2ms, render: 3ms)
⚠ Found a change in next.config.ts. Restarting the server to apply the changes...
▲ Next.js 16.1.6 (Turbopack)
- Local:         http://localhost:3000
- Network:       http://192.168.100.134:3000

✓ Starting...
✓ Ready in 708ms
 GET /principal/parcelas 200 in 655ms (compile: 539ms, render: 116ms)
 GET /manifest.webmanifest 200 in 54ms (compile: 45ms, render: 9ms)
 GET / 200 in 50ms (compile: 38ms, render: 11ms)
 GET /manifest.webmanifest 200 in 4ms (compile: 1691µs, render: 2ms)
✓ Compiled in 97ms
 GET /msinfor-admin 200 in 356ms (compile: 311ms, render: 45ms)
 GET /manifest.webmanifest 200 in 4ms (compile: 1730µs, render: 3ms)
 GET / 200 in 29ms (compile: 2ms, render: 27ms)
 GET /manifest.webmanifest 200 in 4ms (compile: 1725µs, render: 2ms)
 GET /principal 200 in 28ms (compile: 16ms, render: 13ms)
 GET /manifest.webmanifest 200 in 5ms (compile: 1866µs, render: 4ms)
 GET /principal/financeiro 200 in 68ms (compile: 55ms, render: 13ms)
 GET /manifest.webmanifest 200 in 8ms (compile: 2ms, render: 5ms)
 GET /principal/financeiro/empresa 404 in 90ms (compile: 49ms, render: 41ms)
 GET /manifest.webmanifest 200 in 4ms (compile: 2ms, render: 2ms)
 GET /principal/financeiro 200 in 33ms (compile: 1995µs, render: 31ms)
✓ Compiled in 43ms
 GET / 200 in 31ms (compile: 3ms, render: 28ms)
 GET /manifest.webmanifest 200 in 5ms (compile: 2ms, render: 3ms)
 GET /principal 200 in 12ms (compile: 1659µs, render: 10ms)
 GET /manifest.webmanifest 200 in 5ms (compile: 1951µs, render: 3ms)
 GET /principal/financeiro 200 in 83ms (compile: 58ms, render: 26ms)
 GET /manifest.webmanifest 200 in 5ms (compile: 1509µs, render: 3ms)
 GET /msinfor-admin 200 in 184ms (compile: 161ms, render: 23ms)
 GET /manifest.webmanifest 200 in 4ms (compile: 1794µs, render: 2ms)
✓ Compiled in 61ms
 GET / 200 in 27ms (compile: 2ms, render: 25ms)
 GET /manifest.webmanifest 200 in 4ms (compile: 1482µs, render: 3ms)
 GET /principal 200 in 13ms (compile: 2ms, render: 11ms)
 GET /manifest.webmanifest 200 in 3ms (compile: 1196µs, render: 2ms)
 GET /principal/financeiro 200 in 15ms (compile: 1724µs, render: 13ms)
 GET /manifest.webmanifest 200 in 4ms (compile: 1469µs, render: 2ms)
 GET /manifest.webmanifest 200 in 4ms (compile: 1169µs, render: 2ms)
 GET /principal/caixa 200 in 38ms (compile: 27ms, render: 11ms)
 GET /manifest.webmanifest 200 in 3ms (compile: 1245µs, render: 1930µs)
 GET /manifest.webmanifest 200 in 4ms (compile: 1902µs, render: 2ms)
 GET /principal/mensalidades 200 in 40ms (compile: 28ms, render: 12ms)
 GET /manifest.webmanifest 200 in 3ms (compile: 1146µs, render: 1771µs)
 GET /manifest.webmanifest 200 in 4ms (compile: 1915µs, render: 1814µs)
 GET /principal/financeiro 200 in 13ms (compile: 1522µs, render: 12ms)
 GET /manifest.webmanifest 200 in 4ms (compile: 1250µs, render: 2ms)
 GET /principal/financeiro/empresa 404 in 27ms (compile: 3ms, render: 24ms)
 GET /manifest.webmanifest 200 in 4ms (compile: 1889µs, render: 2ms)
 GET /principal/financeiro 200 in 70ms (compile: 1509µs, render: 68ms)
 GET /principal/financeiro/retornos 404 in 26ms (compile: 3ms, render: 23ms)
 GET /manifest.webmanifest 200 in 4ms (compile: 1734µs, render: 2ms)
 GET /principal/financeiro 200 in 27ms (compile: 1537µs, render: 26ms)
 GET /principal/financeiro/caixa 404 in 23ms (compile: 3ms, render: 20ms)
 GET /manifest.webmanifest 200 in 4ms (compile: 1914µs, render: 3ms)
 GET /principal/financeiro 200 in 29ms (compile: 1775µs, render: 27ms)
 GET /principal/financeiro/retornos 404 in 23ms (compile: 3ms, render: 20ms)
 GET /manifest.webmanifest 200 in 4ms (compile: 1496µs, render: 2ms)
 GET /principal/financeiro 200 in 27ms (compile: 1593µs, render: 25ms)
 GET /principal/financeiro/resumo 404 in 25ms (compile: 2ms, render: 23ms)
 GET /manifest.webmanifest 200 in 4ms (compile: 1691µs, render: 1965µs)
 GET /principal/financeiro 200 in 28ms (compile: 1644µs, render: 26ms)
 GET /principal/financeiro/lotes 404 in 24ms (compile: 2ms, render: 21ms)
 GET /manifest.webmanifest 200 in 4ms (compile: 2ms, render: 2ms)
 GET /principal/financeiro 200 in 27ms (compile: 1653µs, render: 26ms)
 GET /principal 200 in 14ms (compile: 1859µs, render: 12ms)
 GET /manifest.webmanifest 200 in 4ms (compile: 1449µs, render: 2ms)
 GET /principal/alunos 200 in 244ms (compile: 229ms, render: 16ms)
 GET /manifest.webmanifest 200 in 4ms (compile: 1409µs, render: 3ms)
 GET /manifest.webmanifest 200 in 3ms (compile: 1189µs, render: 1799µs)
 GET /principal/mensalidades 200 in 10ms (compile: 1605µs, render: 9ms)
 GET /manifest.webmanifest 200 in 4ms (compile: 1475µs, render: 2ms)
 GET /principal 200 in 12ms (compile: 2ms, render: 10ms)
 GET /manifest.webmanifest 200 in 5ms (compile: 1690µs, render: 3ms)
 GET /principal/financeiro 200 in 12ms (compile: 1550µs, render: 10ms)
 GET /manifest.webmanifest 200 in 4ms (compile: 1460µs, render: 2ms)
 GET /principal 200 in 11ms (compile: 1706µs, render: 9ms)
 GET /manifest.webmanifest 200 in 4ms (compile: 1493µs, render: 3ms)
 GET /principal/financeiro 200 in 12ms (compile: 1514µs, render: 11ms)
 GET /manifest.webmanifest 200 in 4ms (compile: 1739µs, render: 2ms)
✓ Compiled in 37ms
 GET /principal 200 in 10ms (compile: 1863µs, render: 8ms)
 GET /manifest.webmanifest 200 in 4ms (compile: 1978µs, render: 1871µs)
 GET /principal/financeiro 200 in 84ms (compile: 59ms, render: 25ms)
 GET /manifest.webmanifest 200 in 4ms (compile: 1423µs, render: 3ms)
 GET /principal 200 in 10ms (compile: 1633µs, render: 9ms)
 GET /manifest.webmanifest 200 in 4ms (compile: 1714µs, render: 2ms)
 GET /principal/financeiro 200 in 11ms (compile: 1491µs, render: 10ms)
 GET /manifest.webmanifest 200 in 3ms (compile: 1250µs, render: 2ms)
 GET /principal/financeiro 404 in 175ms (compile: 57ms, render: 118ms)
 GET /principal/financeiro 404 in 96ms (compile: 4ms, render: 93ms)
 GET /principal/financeiro 404 in 21ms (compile: 4ms, render: 17ms)
 GET /manifest.webmanifest 200 in 38ms (compile: 32ms, render: 6ms)
 GET /principal/financeiro 404 in 123ms (compile: 10ms, render: 113ms)
 GET /principal/financeiro 200 in 248ms (compile: 190ms, render: 58ms)
 GET /principal/financeiro 200 in 81ms (compile: 1902µs, render: 79ms)
 GET /principal/financeiro 200 in 142ms (compile: 2ms, render: 140ms)
 GET /principal/financeiro 200 in 137ms (compile: 4ms, render: 133ms)
 GET /principal/financeiro 200 in 136ms (compile: 23ms, render: 113ms)
 GET /principal/financeiro 200 in 92ms (compile: 59ms, render: 33ms)
 GET /principal/financeiro 200 in 18ms (compile: 3ms, render: 15ms)
 GET /manifest.webmanifest 200 in 34ms (compile: 30ms, render: 4ms)
 GET /principal/financeiro 200 in 143ms (compile: 2ms, render: 141ms)
 GET /principal/financeiro 200 in 30ms (compile: 1737µs, render: 29ms)
 GET /principal/financeiro 200 in 24ms (compile: 1525µs, render: 23ms)
 GET /principal/financeiro 200 in 29ms (compile: 1459µs, render: 27ms)
 GET /principal/financeiro 200 in 27ms (compile: 1512µs, render: 25ms)
 GET /principal/financeiro 200 in 26ms (compile: 1504µs, render: 25ms)
 GET /principal/financeiro 200 in 26ms (compile: 1568µs, render: 24ms)
✓ Compiled in 47ms
✓ Compiled in 64ms
✓ Compiled in 95ms
 GET /principal/financeiro 200 in 133ms (compile: 79ms, render: 55ms)
 GET /principal/financeiro 200 in 69ms (compile: 2ms, render: 67ms)
 GET /principal/financeiro 200 in 53ms (compile: 1997µs, render: 51ms)
 GET /principal/financeiro 200 in 49ms (compile: 3ms, render: 46ms)
 GET /principal/financeiro 200 in 40ms (compile: 1951µs, render: 38ms)
 GET /principal/financeiro 200 in 40ms (compile: 1812µs, render: 39ms)
 GET /principal/financeiro 200 in 44ms (compile: 2ms, render: 41ms)
 GET /principal/financeiro 200 in 42ms (compile: 1850µs, render: 41ms)
 GET /principal/financeiro 200 in 46ms (compile: 1785µs, render: 45ms)
 GET /principal/financeiro 200 in 62ms (compile: 3ms, render: 60ms)
 GET /principal/financeiro 200 in 49ms (compile: 3ms, render: 46ms)
 GET /principal/financeiro 200 in 44ms (compile: 2ms, render: 42ms)
 GET /principal/financeiro 200 in 42ms (compile: 1839µs, render: 40ms)
 GET /principal/financeiro 200 in 39ms (compile: 1968µs, render: 37ms)
 GET /principal/financeiro 200 in 44ms (compile: 2ms, render: 42ms)
 GET /principal/financeiro 200 in 40ms (compile: 2ms, render: 38ms)
 GET /principal/financeiro 200 in 39ms (compile: 2ms, render: 37ms)
 GET /principal/financeiro 200 in 34ms (compile: 2ms, render: 32ms)
 GET /principal/financeiro 200 in 34ms (compile: 1698µs, render: 32ms)
 GET /principal/financeiro 200 in 39ms (compile: 1561µs, render: 38ms)
 GET /principal/financeiro 200 in 43ms (compile: 1967µs, render: 41ms)
 GET /principal/financeiro 200 in 45ms (compile: 2ms, render: 43ms)
 GET /principal/financeiro 200 in 44ms (compile: 2ms, render: 42ms)
 GET /principal/financeiro 200 in 44ms (compile: 2ms, render: 41ms)
 GET /principal/financeiro 200 in 48ms (compile: 2ms, render: 46ms)
 GET /principal/financeiro 200 in 44ms (compile: 1686µs, render: 43ms)
 GET /principal/financeiro 200 in 41ms (compile: 1919µs, render: 39ms)
 GET /principal/financeiro 200 in 34ms (compile: 2ms, render: 32ms)
 GET /principal/financeiro 200 in 32ms (compile: 1394µs, render: 31ms)
 GET /principal/financeiro 200 in 35ms (compile: 1756µs, render: 33ms)
 GET /principal/financeiro 200 in 35ms (compile: 1267µs, render: 33ms)
 GET /principal/financeiro 200 in 35ms (compile: 1289µs, render: 34ms)
 GET /principal/financeiro 200 in 34ms (compile: 1294µs, render: 33ms)
 GET /principal/financeiro 200 in 47ms (compile: 1674µs, render: 46ms)
 GET /principal/financeiro 200 in 37ms (compile: 1837µs, render: 35ms)
 GET /principal/financeiro 200 in 35ms (compile: 1614µs, render: 33ms)
 GET /principal/financeiro 200 in 33ms (compile: 1073µs, render: 32ms)
 GET /principal/financeiro 200 in 39ms (compile: 2ms, render: 37ms)
 GET /principal/financeiro 200 in 42ms (compile: 1426µs, render: 40ms)
 GET /principal/financeiro 200 in 36ms (compile: 1356µs, render: 35ms)
 GET /principal/financeiro 200 in 37ms (compile: 1123µs, render: 36ms)
 GET /principal/financeiro 200 in 38ms (compile: 1209µs, render: 37ms)
 GET /principal/financeiro 200 in 33ms (compile: 1619µs, render: 31ms)
 GET /principal/financeiro 200 in 34ms (compile: 1789µs, render: 32ms)
 GET /principal/financeiro 200 in 50ms (compile: 1225µs, render: 49ms)
 GET /principal/financeiro 200 in 42ms (compile: 1410µs, render: 40ms)
 GET /principal/financeiro 200 in 44ms (compile: 1639µs, render: 42ms)
 GET /principal/financeiro 200 in 42ms (compile: 1806µs, render: 40ms)
 GET /principal/financeiro 200 in 36ms (compile: 1454µs, render: 34ms)
 GET /principal/financeiro 200 in 34ms (compile: 1491µs, render: 32ms)
 GET /principal/financeiro 200 in 35ms (compile: 1887µs, render: 33ms)
 GET /principal/financeiro 200 in 37ms (compile: 1132µs, render: 36ms)
 GET /principal/financeiro 200 in 36ms (compile: 1656µs, render: 34ms)
 GET /principal/financeiro 200 in 34ms (compile: 1964µs, render: 32ms)
 GET /principal/financeiro 200 in 36ms (compile: 1990µs, render: 34ms)
 GET /principal/financeiro 200 in 36ms (compile: 1941µs, render: 34ms)
 GET /principal/financeiro 200 in 51ms (compile: 1662µs, render: 49ms)
 GET /principal/financeiro 200 in 38ms (compile: 1942µs, render: 36ms)
 GET /principal/financeiro 200 in 63ms (compile: 1640µs, render: 62ms)
 GET /principal/financeiro 200 in 63ms (compile: 1893µs, render: 61ms)
 GET /principal/financeiro 200 in 57ms (compile: 1744µs, render: 56ms)
 GET /principal/financeiro 200 in 32ms (compile: 1924µs, render: 31ms)
 GET /principal/financeiro 200 in 31ms (compile: 1431µs, render: 30ms)
 GET /principal/financeiro 200 in 31ms (compile: 1964µs, render: 29ms)
 GET /principal/financeiro 200 in 32ms (compile: 1447µs, render: 31ms)
 GET /principal/financeiro 200 in 31ms (compile: 1176µs, render: 30ms)
 GET /principal/financeiro 200 in 32ms (compile: 1217µs, render: 31ms)
 GET /principal/financeiro 200 in 30ms (compile: 1203µs, render: 28ms)
 GET /principal/financeiro 200 in 34ms (compile: 1103µs, render: 33ms)
 GET /principal/financeiro 200 in 35ms (compile: 1211µs, render: 34ms)
 GET /principal/financeiro 200 in 38ms (compile: 1509µs, render: 37ms)
 GET /principal/financeiro 200 in 34ms (compile: 1569µs, render: 33ms)
 GET /principal/financeiro 200 in 35ms (compile: 1652µs, render: 33ms)
 GET /principal/financeiro 200 in 41ms (compile: 1561µs, render: 39ms)
 GET /principal/financeiro 200 in 43ms (compile: 1844µs, render: 41ms)
 GET /principal/financeiro 200 in 42ms (compile: 1904µs, render: 41ms)
 GET /principal/financeiro 200 in 35ms (compile: 1984µs, render: 33ms)
 GET /principal/financeiro 200 in 34ms (compile: 1407µs, render: 33ms)
 GET /principal/financeiro 200 in 39ms (compile: 1545µs, render: 37ms)
 GET /principal/financeiro 200 in 39ms (compile: 1684µs, render: 37ms)
 GET /principal/financeiro 200 in 27ms (compile: 2ms, render: 25ms)
 GET /principal/financeiro 200 in 12ms (compile: 1859µs, render: 10ms)
 GET /manifest.webmanifest 200 in 27ms (compile: 23ms, render: 4ms)
 GET /principal/financeiro/resumo 200 in 384ms (compile: 367ms, render: 17ms)
 GET /manifest.webmanifest 200 in 6ms (compile: 1567µs, render: 4ms)
 GET /principal 200 in 68ms (compile: 51ms, render: 17ms)
 GET /manifest.webmanifest 200 in 4ms (compile: 1430µs, render: 2ms)
 GET /principal/financeiro 200 in 11ms (compile: 1570µs, render: 9ms)
 GET /manifest.webmanifest 200 in 4ms (compile: 1639µs, render: 2ms)
 GET /manifest.webmanifest 200 in 5ms (compile: 1396µs, render: 4ms)
 GET /principal/financeiro 200 in 11ms (compile: 1638µs, render: 9ms)
 GET /manifest.webmanifest 200 in 3ms (compile: 1230µs, render: 1946µs)
 GET /principal 200 in 10ms (compile: 1640µs, render: 8ms)
 GET /manifest.webmanifest 200 in 4ms (compile: 1385µs, render: 2ms)
 GET /principal/financeiro 200 in 11ms (compile: 1560µs, render: 10ms)
 GET /manifest.webmanifest 200 in 4ms (compile: 1670µs, render: 1967µs)
✓ Compiled in 56ms
 GET /principal 200 in 67ms (compile: 52ms, render: 15ms)
 GET /manifest.webmanifest 200 in 4ms (compile: 1398µs, render: 2ms)
 GET /principal/financeiro 200 in 71ms (compile: 50ms, render: 21ms)
 GET /manifest.webmanifest 200 in 4ms (compile: 1695µs, render: 3ms)
 GET /principal/financeiro 200 in 12ms (compile: 1647µs, render: 11ms)
 GET /manifest.webmanifest 200 in 3ms (compile: 1167µs, render: 1736µs)
 GET /principal/financeiro 200 in 10ms (compile: 1480µs, render: 9ms)
 GET /manifest.webmanifest 200 in 3ms (compile: 1160µs, render: 1727µs)
 GET /principal/financeiro/resumo 200 in 74ms (compile: 57ms, render: 18ms)
 GET /manifest.webmanifest 200 in 4ms (compile: 1424µs, render: 2ms)
 GET /principal/financeiro 200 in 11ms (compile: 2ms, render: 8ms)
 GET /manifest.webmanifest 200 in 3ms (compile: 1322µs, render: 2ms)
 GET /principal/financeiro/resumo 200 in 15ms (compile: 6ms, render: 9ms)
 GET /manifest.webmanifest 200 in 4ms (compile: 1503µs, render: 2ms)
 GET /principal/financeiro 200 in 12ms (compile: 2ms, render: 10ms)
 GET /manifest.webmanifest 200 in 5ms (compile: 3ms, render: 2ms)
 GET /principal/financeiro/empresa 200 in 17ms (compile: 7ms, render: 10ms)
 GET /manifest.webmanifest 200 in 4ms (compile: 1402µs, render: 2ms)
 GET /principal/financeiro 200 in 12ms (compile: 1714µs, render: 10ms)
 GET /manifest.webmanifest 200 in 3ms (compile: 1224µs, render: 1780µs)
 GET /principal/financeiro/resumo 200 in 16ms (compile: 7ms, render: 10ms)
 GET /manifest.webmanifest 200 in 4ms (compile: 1453µs, render: 3ms)
 GET /principal/financeiro 200 in 11ms (compile: 1491µs, render: 10ms)
 GET /manifest.webmanifest 200 in 4ms (compile: 1347µs, render: 2ms)
 GET /principal/financeiro/empresa 200 in 18ms (compile: 6ms, render: 12ms)
 GET /manifest.webmanifest 200 in 4ms (compile: 1373µs, render: 2ms)
✓ Compiled in 38ms
 GET /principal 200 in 9ms (compile: 1496µs, render: 8ms)
 GET /manifest.webmanifest 200 in 3ms (compile: 1346µs, render: 1822µs)
 GET /principal/financeiro 200 in 67ms (compile: 51ms, render: 15ms)
 GET /manifest.webmanifest 200 in 3ms (compile: 1266µs, render: 1765µs)
 GET /principal/financeiro/resumo 200 in 16ms (compile: 6ms, render: 10ms)
 GET /manifest.webmanifest 200 in 4ms (compile: 1411µs, render: 2ms)
 GET /manifest.webmanifest 200 in 3ms (compile: 1338µs, render: 2ms)
 GET /principal/financeiro/empresa 200 in 18ms (compile: 7ms, render: 12ms)
 GET /manifest.webmanifest 200 in 4ms (compile: 1448µs, render: 3ms)
 GET /manifest.webmanifest 200 in 4ms (compile: 1313µs, render: 3ms)
 GET /principal/financeiro/lotes 200 in 19ms (compile: 7ms, render: 12ms)
 GET /manifest.webmanifest 200 in 4ms (compile: 1226µs, render: 3ms)
 GET /manifest.webmanifest 200 in 4ms (compile: 1536µs, render: 2ms)
 GET /principal/financeiro/resumo 200 in 17ms (compile: 7ms, render: 11ms)
 GET /manifest.webmanifest 200 in 4ms (compile: 1333µs, render: 2ms)
 GET /principal/financeiro 200 in 11ms (compile: 1472µs, render: 9ms)
 GET /manifest.webmanifest 200 in 3ms (compile: 1152µs, render: 1772µs)
 GET /principal/financeiro/empresa 200 in 17ms (compile: 6ms, render: 11ms)
 GET /manifest.webmanifest 200 in 4ms (compile: 1514µs, render: 2ms)
 GET /principal/financeiro 200 in 11ms (compile: 1456µs, render: 10ms)
 GET /manifest.webmanifest 200 in 3ms (compile: 1315µs, render: 1722µs)
 GET /principal/financeiro/lotes 200 in 16ms (compile: 6ms, render: 11ms)
 GET /manifest.webmanifest 200 in 4ms (compile: 1465µs, render: 2ms)
 GET /principal/financeiro 200 in 11ms (compile: 1522µs, render: 10ms)
 GET /manifest.webmanifest 200 in 3ms (compile: 1119µs, render: 2ms)
 GET /principal/financeiro/retornos 200 in 16ms (compile: 6ms, render: 10ms)
 GET /manifest.webmanifest 200 in 4ms (compile: 1470µs, render: 2ms)
 GET /principal/financeiro 200 in 11ms (compile: 1463µs, render: 10ms)
 GET /manifest.webmanifest 200 in 4ms (compile: 1284µs, render: 2ms)
 GET /principal/financeiro/parcelas 200 in 17ms (compile: 7ms, render: 10ms)
 GET /manifest.webmanifest 200 in 4ms (compile: 1481µs, render: 2ms)
 GET /principal/financeiro 200 in 10ms (compile: 1501µs, render: 9ms)
 GET /manifest.webmanifest 200 in 4ms (compile: 1270µs, render: 3ms)
 GET /principal/financeiro/caixa 200 in 16ms (compile: 6ms, render: 10ms)
 GET /manifest.webmanifest 200 in 3ms (compile: 1119µs, render: 2ms)
✓ Compiled in 42ms
 GET /principal/financeiro 200 in 11ms (compile: 2ms, render: 9ms)
 GET /manifest.webmanifest 200 in 3ms (compile: 1484µs, render: 1957µs)
 GET /principal/financeiro/resumo 200 in 93ms (compile: 63ms, render: 30ms)
 GET /manifest.webmanifest 200 in 4ms (compile: 1522µs, render: 3ms)
 GET /principal/financeiro 200 in 14ms (compile: 2ms, render: 12ms)
 GET /manifest.webmanifest 200 in 4ms (compile: 1526µs, render: 3ms)
 GET /principal/financeiro/empresa 200 in 20ms (compile: 9ms, render: 11ms)
 GET /manifest.webmanifest 200 in 4ms (compile: 1392µs, render: 2ms)
 GET /principal/financeiro 200 in 12ms (compile: 1600µs, render: 10ms)
 GET /manifest.webmanifest 200 in 4ms (compile: 2ms, render: 1772µs)
 GET /principal/financeiro/empresa 200 in 16ms (compile: 6ms, render: 10ms)
 GET /manifest.webmanifest 200 in 4ms (compile: 1494µs, render: 2ms)
 GET /principal/financeiro 200 in 11ms (compile: 1618µs, render: 10ms)
 GET /manifest.webmanifest 200 in 3ms (compile: 1106µs, render: 2ms)
 GET /principal/financeiro/resumo 200 in 17ms (compile: 6ms, render: 11ms)
 GET /manifest.webmanifest 200 in 3ms (compile: 1292µs, render: 2ms)
 GET /principal/financeiro 200 in 10ms (compile: 1474µs, render: 9ms)
 GET /manifest.webmanifest 200 in 3ms (compile: 1286µs, render: 1838µs)
 GET /principal/financeiro/lotes 200 in 15ms (compile: 6ms, render: 9ms)
 GET /manifest.webmanifest 200 in 3ms (compile: 1393µs, render: 2ms)
 GET /principal/financeiro 200 in 9ms (compile: 1497µs, render: 8ms)
 GET /manifest.webmanifest 200 in 3ms (compile: 1230µs, render: 1919µs)
 GET /principal/financeiro/retornos 200 in 15ms (compile: 6ms, render: 9ms)
 GET /manifest.webmanifest 200 in 4ms (compile: 1349µs, render: 2ms)
 GET /principal/financeiro 200 in 10ms (compile: 1520µs, render: 8ms)
 GET /manifest.webmanifest 200 in 3ms (compile: 1127µs, render: 1681µs)
 GET /principal/financeiro/parcelas 200 in 16ms (compile: 6ms, render: 10ms)
 GET /manifest.webmanifest 200 in 3ms (compile: 1233µs, render: 2ms)
 GET /principal/financeiro 200 in 11ms (compile: 1546µs, render: 9ms)
 GET /manifest.webmanifest 200 in 3ms (compile: 1416µs, render: 1882µs)
 GET /principal/financeiro/caixa 200 in 15ms (compile: 6ms, render: 9ms)
 GET /manifest.webmanifest 200 in 3ms (compile: 1254µs, render: 2ms)
 GET /principal/financeiro 200 in 11ms (compile: 1571µs, render: 9ms)
 GET /manifest.webmanifest 200 in 3ms (compile: 1481µs, render: 1828µs)
✓ Compiled in 85ms
 GET /principal/financeiro/resumo 200 in 71ms (compile: 55ms, render: 16ms)
 GET /manifest.webmanifest 200 in 4ms (compile: 1319µs, render: 3ms)
 GET /principal/financeiro 200 in 10ms (compile: 1773µs, render: 8ms)
 GET /manifest.webmanifest 200 in 3ms (compile: 1215µs, render: 1805µs)
 GET /principal/financeiro/empresa 200 in 18ms (compile: 7ms, render: 11ms)
 GET /manifest.webmanifest 200 in 4ms (compile: 1327µs, render: 3ms)
 GET /manifest.webmanifest 200 in 3ms (compile: 1469µs, render: 1867µs)
✓ Compiled in 44ms
 GET /principal/financeiro/empresa 200 in 16ms (compile: 6ms, render: 10ms)
 GET /manifest.webmanifest 200 in 4ms (compile: 1448µs, render: 3ms)
 GET /principal/financeiro 200 in 79ms (compile: 57ms, render: 22ms)
 GET /manifest.webmanifest 200 in 4ms (compile: 1698µs, render: 3ms)
 GET /principal/financeiro/empresa 200 in 18ms (compile: 6ms, render: 12ms)
 GET /manifest.webmanifest 200 in 3ms (compile: 1198µs, render: 2ms)
 GET /principal/financeiro 200 in 11ms (compile: 1604µs, render: 9ms)
 GET /manifest.webmanifest 200 in 4ms (compile: 2ms, render: 2ms)
 GET /principal/financeiro/empresa 200 in 17ms (compile: 6ms, render: 11ms)
 GET /manifest.webmanifest 200 in 4ms (compile: 1481µs, render: 2ms)
 GET /principal/financeiro 200 in 14ms (compile: 1855µs, render: 13ms)
 GET /manifest.webmanifest 200 in 4ms (compile: 2ms, render: 1834µs)
 GET /principal/financeiro/empresa 200 in 19ms (compile: 8ms, render: 11ms)
 GET /manifest.webmanifest 200 in 3ms (compile: 1307µs, render: 1856µs)
 GET /principal/financeiro 200 in 11ms (compile: 1650µs, render: 10ms)
 GET /manifest.webmanifest 200 in 3ms (compile: 1290µs, render: 1876µs)
 GET /principal/financeiro/empresa 200 in 17ms (compile: 6ms, render: 11ms)
 GET /manifest.webmanifest 200 in 4ms (compile: 1336µs, render: 2ms)
✓ Compiled in 41ms
 GET /manifest.webmanifest 200 in 4ms (compile: 1499µs, render: 3ms)
 GET /principal/financeiro/empresa 200 in 91ms (compile: 71ms, render: 20ms)
 GET /manifest.webmanifest 200 in 4ms (compile: 1326µs, render: 2ms)
 GET /manifest.webmanifest 200 in 3ms (compile: 1542µs, render: 1885µs)
 GET /principal/financeiro/empresa 200 in 18ms (compile: 7ms, render: 11ms)
 GET /manifest.webmanifest 200 in 4ms (compile: 2ms, render: 2ms)
 GET /manifest.webmanifest 200 in 4ms (compile: 1907µs, render: 2ms)
 GET /principal/financeiro/empresa 200 in 16ms (compile: 6ms, render: 10ms)
 GET /manifest.webmanifest 200 in 3ms (compile: 1185µs, render: 2ms)
 GET /manifest.webmanifest 200 in 3ms (compile: 1235µs, render: 1884µs)
 GET /principal/financeiro/empresa 200 in 17ms (compile: 7ms, render: 11ms)
 GET /manifest.webmanifest 200 in 4ms (compile: 1202µs, render: 3ms)
 GET /manifest.webmanifest 200 in 4ms (compile: 1317µs, render: 3ms)
 GET /principal/financeiro/empresa 200 in 17ms (compile: 6ms, render: 11ms)
 GET /manifest.webmanifest 200 in 4ms (compile: 1329µs, render: 3ms)
 GET /manifest.webmanifest 200 in 5ms (compile: 1594µs, render: 3ms)
 GET /principal/financeiro/resumo 200 in 21ms (compile: 8ms, render: 13ms)
 GET /manifest.webmanifest 200 in 4ms (compile: 1547µs, render: 1997µs)
 GET / 200 in 120ms (compile: 42ms, render: 78ms)
 GET /manifest.webmanifest 200 in 7ms (compile: 2ms, render: 5ms)
 GET /principal 200 in 24ms (compile: 4ms, render: 20ms)
 GET /manifest.webmanifest 200 in 4ms (compile: 1291µs, render: 3ms)
 GET / 200 in 12ms (compile: 2ms, render: 10ms)
 GET /manifest.webmanifest 200 in 4ms (compile: 1494µs, render: 2ms)
 GET /msinfor-admin 200 in 331ms (compile: 264ms, render: 67ms)
 GET /manifest.webmanifest 200 in 3ms (compile: 1475µs, render: 1889µs)
 GET / 200 in 22ms (compile: 2ms, render: 20ms)
 GET /manifest.webmanifest 200 in 4ms (compile: 1586µs, render: 1939µs)
✓ Compiled in 166ms
✓ Compiled in 46ms
 GET /principal 200 in 13ms (compile: 2ms, render: 11ms)
 GET /manifest.webmanifest 200 in 5ms (compile: 1656µs, render: 3ms)
 GET /principal/financeiro 200 in 17ms (compile: 5ms, render: 12ms)
 GET /manifest.webmanifest 200 in 4ms (compile: 1759µs, render: 1766µs)
 GET /manifest.webmanifest 200 in 4ms (compile: 2ms, render: 2ms)
✓ Compiled in 40ms
✓ Compiled in 72ms
 GET /principal/financeiro 200 in 11ms (compile: 1840µs, render: 9ms)
 GET /manifest.webmanifest 200 in 3ms (compile: 1191µs, render: 1923µs)
 GET /manifest.webmanifest 200 in 4ms (compile: 1568µs, render: 2ms)
 GET /principal/financeiro 200 in 11ms (compile: 1653µs, render: 9ms)
 GET /manifest.webmanifest 200 in 4ms (compile: 1526µs, render: 2ms)
 GET /manifest.webmanifest 200 in 4ms (compile: 1524µs, render: 3ms)
 GET /principal/financeiro 200 in 11ms (compile: 1682µs, render: 9ms)
 GET /manifest.webmanifest 200 in 3ms (compile: 1254µs, render: 1851µs)
 GET /manifest.webmanifest 200 in 3ms (compile: 1326µs, render: 2ms)
✓ Compiled in 75ms
 GET /principal 200 in 140ms (compile: 56ms, render: 84ms)
 GET /manifest.webmanifest 200 in 4ms (compile: 1619µs, render: 2ms)
 GET /principal 200 in 24ms (compile: 1566µs, render: 23ms)
 GET /manifest.webmanifest 200 in 3ms (compile: 1468µs, render: 1955µs)
✓ Compiled in 72ms
 GET /principal/financeiro 200 in 13ms (compile: 4ms, render: 9ms)
 GET /manifest.webmanifest 200 in 4ms (compile: 1241µs, render: 3ms)
✓ Compiled in 39ms
✓ Compiled in 32ms
✓ Compiled in 70ms
 GET /manifest.webmanifest 200 in 4ms (compile: 1666µs, render: 2ms)
 GET /principal/financeiro 200 in 73ms (compile: 57ms, render: 16ms)
 GET /manifest.webmanifest 200 in 3ms (compile: 1316µs, render: 1838µs)
 GET /manifest.webmanifest 200 in 4ms (compile: 1926µs, render: 2ms)
 GET /principal/financeiro 200 in 11ms (compile: 1636µs, render: 10ms)
 GET /manifest.webmanifest 200 in 3ms (compile: 1111µs, render: 2ms)
✓ Compiled in 40ms
 GET /manifest.webmanifest 200 in 4ms (compile: 1218µs, render: 2ms)
 GET /principal/financeiro 200 in 69ms (compile: 53ms, render: 16ms)
 GET /manifest.webmanifest 200 in 3ms (compile: 1418µs, render: 1960µs)
 GET /principal 200 in 70ms (compile: 54ms, render: 16ms)
 GET /manifest.webmanifest 200 in 5ms (compile: 2ms, render: 3ms)
✓ Compiled in 34ms
 GET /principal/financeiro 200 in 10ms (compile: 1628µs, render: 9ms)
 GET /manifest.webmanifest 200 in 4ms (compile: 1182µs, render: 3ms)
 GET /manifest.webmanifest 200 in 4ms (compile: 1429µs, render: 3ms)
 GET /principal/financeiro 200 in 11ms (compile: 1536µs, render: 9ms)
 GET /manifest.webmanifest 200 in 4ms (compile: 1791µs, render: 2ms)
 GET /manifest.webmanifest 200 in 4ms (compile: 1222µs, render: 2ms)
 GET /principal/financeiro 200 in 11ms (compile: 1721µs, render: 9ms)
 GET /manifest.webmanifest 200 in 3ms (compile: 1182µs, render: 1992µs)
✓ Compiled in 36ms
 GET /principal 200 in 68ms (compile: 54ms, render: 14ms)
 GET /manifest.webmanifest 200 in 4ms (compile: 1481µs, render: 2ms)
 GET /principal/financeiro 200 in 82ms (compile: 54ms, render: 28ms)
 GET /manifest.webmanifest 200 in 4ms (compile: 1312µs, render: 3ms)
 GET /principal/financeiro/lotes 200 in 19ms (compile: 10ms, render: 9ms)
 GET /manifest.webmanifest 200 in 3ms (compile: 1296µs, render: 2ms)
 GET /manifest.webmanifest 200 in 4ms (compile: 1477µs, render: 2ms)
 GET /principal/financeiro/lotes 200 in 16ms (compile: 6ms, render: 10ms)
 GET /manifest.webmanifest 200 in 4ms (compile: 1146µs, render: 3ms)
 GET /manifest.webmanifest 200 in 4ms (compile: 1472µs, render: 2ms)
✓ Compiled in 39ms
✓ Compiled in 37ms
✓ Compiled in 37ms
✓ Compiled in 65ms
 GET /manifest.webmanifest 200 in 4ms (compile: 1493µs, render: 3ms)
✓ Compiled in 38ms
 GET /principal/financeiro 200 in 70ms (compile: 55ms, render: 15ms)
 GET /manifest.webmanifest 200 in 4ms (compile: 1821µs, render: 1849µs)
 GET /principal/financeiro/caixa 200 in 16ms (compile: 6ms, render: 10ms)
 GET /manifest.webmanifest 200 in 4ms (compile: 1489µs, render: 2ms)
 GET /manifest.webmanifest 200 in 4ms (compile: 1475µs, render: 2ms)
✓ Compiled in 37ms
✓ Compiled in 35ms
✓ Compiled in 38ms
 GET /principal/financeiro/bancos 200 in 78ms (compile: 61ms, render: 17ms)
 GET /manifest.webmanifest 200 in 4ms (compile: 1810µs, render: 2ms)
 GET /principal 200 in 85ms (compile: 58ms, render: 28ms)
 GET /manifest.webmanifest 200 in 4ms (compile: 1537µs, render: 2ms)
 GET /principal/alunos 200 in 189ms (compile: 175ms, render: 15ms)
 GET /manifest.webmanifest 200 in 4ms (compile: 1352µs, render: 2ms)
 GET /principal 200 in 11ms (compile: 2ms, render: 9ms)
 GET /manifest.webmanifest 200 in 5ms (compile: 1173µs, render: 3ms)
 GET /principal/financeiro 200 in 71ms (compile: 55ms, render: 16ms)
 GET /manifest.webmanifest 200 in 3ms (compile: 1150µs, render: 1802µs)
 GET /principal/financeiro/bancos 200 in 15ms (compile: 6ms, render: 9ms)
 GET /manifest.webmanifest 200 in 3ms (compile: 1176µs, render: 2ms)
 GET /principal 200 in 9ms (compile: 1530µs, render: 8ms)
 GET /manifest.webmanifest 200 in 3ms (compile: 1356µs, render: 1902µs)
 GET /principal/alunos 200 in 122ms (compile: 113ms, render: 9ms)
 GET /manifest.webmanifest 200 in 4ms (compile: 1344µs, render: 2ms)
 GET /principal 200 in 11ms (compile: 2ms, render: 9ms)
 GET /manifest.webmanifest 200 in 3ms (compile: 1197µs, render: 1869µs)
 GET /principal/financeiro 200 in 10ms (compile: 2ms, render: 8ms)
 GET /manifest.webmanifest 200 in 3ms (compile: 1258µs, render: 1815µs)
 GET /principal/financeiro/bancos 200 in 16ms (compile: 7ms, render: 9ms)
 GET /manifest.webmanifest 200 in 4ms (compile: 1865µs, render: 2ms)
 GET /manifest.webmanifest 200 in 3ms (compile: 1276µs, render: 1788µs)
 GET /principal 200 in 10ms (compile: 1466µs, render: 9ms)
 GET /manifest.webmanifest 200 in 3ms (compile: 1404µs, render: 1794µs)
 GET /principal/professores 200 in 197ms (compile: 185ms, render: 12ms)
 GET /manifest.webmanifest 200 in 5ms (compile: 1678µs, render: 3ms)
 GET /principal 200 in 9ms (compile: 1612µs, render: 7ms)
 GET /manifest.webmanifest 200 in 3ms (compile: 1198µs, render: 1874µs)
 GET /principal/financeiro 200 in 9ms (compile: 1647µs, render: 8ms)
 GET /manifest.webmanifest 200 in 3ms (compile: 1094µs, render: 1862µs)
 GET /principal/financeiro/bancos 200 in 17ms (compile: 6ms, render: 10ms)
 GET /manifest.webmanifest 200 in 3ms (compile: 1187µs, render: 1792µs)
 GET /principal/financeiro 200 in 62ms (compile: 1690µs, render: 61ms)
 GET /manifest.webmanifest 200 in 3ms (compile: 1291µs, render: 1865µs)
 GET /principal/financeiro/bancos 200 in 34ms (compile: 6ms, render: 27ms)
✓ Compiled in 46ms
✓ Compiled in 36ms
 GET /principal 200 in 162ms (compile: 133ms, render: 29ms)
 GET /manifest.webmanifest 200 in 8ms (compile: 2ms, render: 6ms)
 GET /principal/caixa 200 in 98ms (compile: 81ms, render: 18ms)
 GET /manifest.webmanifest 200 in 4ms (compile: 1620µs, render: 2ms)
 GET /principal/caixa 200 in 218ms (compile: 65ms, render: 153ms)
 GET /principal/caixa 307 in 120ms (compile: 2ms, render: 118ms)
 GET /manifest.webmanifest 200 in 5ms (compile: 3ms, render: 3ms)
 GET /principal/financeiro/caixa 200 in 147ms (compile: 67ms, render: 81ms)
 GET /manifest.webmanifest 200 in 3ms (compile: 1339µs, render: 2ms)
 GET / 200 in 121ms (compile: 66ms, render: 55ms)
 GET /manifest.webmanifest 200 in 3ms (compile: 1332µs, render: 1958µs)
 GET /principal 200 in 13ms (compile: 1978µs, render: 11ms)
 GET /manifest.webmanifest 200 in 3ms (compile: 1339µs, render: 2ms)
 GET / 200 in 9ms (compile: 1458µs, render: 8ms)
 GET /manifest.webmanifest 200 in 3ms (compile: 1188µs, render: 1975µs)
 GET /principal 200 in 13ms (compile: 1618µs, render: 11ms)
 GET /manifest.webmanifest 200 in 3ms (compile: 1396µs, render: 2ms)
 GET /principal/caixa 200 in 10ms (compile: 1850µs, render: 8ms)
 GET /manifest.webmanifest 200 in 3ms (compile: 1106µs, render: 1788µs)
 GET /principal/financeiro/caixa 200 in 32ms (compile: 6ms, render: 26ms)
 GET /principal/financeiro/caixa 200 in 12ms (compile: 1672µs, render: 10ms)
 GET /manifest.webmanifest 200 in 3ms (compile: 1291µs, render: 2ms)
 GET /principal/financeiro/caixa 200 in 21ms (compile: 6ms, render: 14ms)
 GET /manifest.webmanifest 200 in 3ms (compile: 1282µs, render: 2ms)
✓ Compiled in 40ms
 GET /principal/financeiro/caixa 200 in 30ms (compile: 6ms, render: 24ms)
 GET /manifest.webmanifest 200 in 4ms (compile: 1499µs, render: 2ms)
 GET /principal/financeiro/caixa 200 in 33ms (compile: 6ms, render: 27ms)
 GET /manifest.webmanifest 200 in 3ms (compile: 1513µs, render: 1923µs)
✓ Compiled in 40ms
✓ Compiled in 39ms
✓ Compiled in 80ms
✓ Compiled in 77ms
 GET /principal/financeiro/caixa 200 in 237ms (compile: 132ms, render: 105ms)
 GET /manifest.webmanifest 200 in 8ms (compile: 2ms, render: 5ms)
✓ Compiled in 75ms
 GET /principal/financeiro 200 in 141ms (compile: 111ms, render: 29ms)
 GET /manifest.webmanifest 200 in 5ms (compile: 2ms, render: 3ms)
 GET / 200 in 24ms (compile: 7ms, render: 17ms)
 GET /manifest.webmanifest 200 in 4ms (compile: 1334µs, render: 2ms)
 GET /principal 200 in 78ms (compile: 59ms, render: 19ms)
 GET /manifest.webmanifest 200 in 3ms (compile: 1220µs, render: 1916µs)
 GET /principal/financeiro 200 in 10ms (compile: 1667µs, render: 9ms)
 GET /manifest.webmanifest 200 in 3ms (compile: 1250µs, render: 2ms)
 GET /principal/financeiro/bancos 200 in 81ms (compile: 62ms, render: 19ms)
 GET /manifest.webmanifest 200 in 4ms (compile: 1420µs, render: 2ms)
 GET /principal/financeiro 200 in 12ms (compile: 2ms, render: 10ms)
 GET /manifest.webmanifest 200 in 4ms (compile: 1810µs, render: 2ms)
 GET /principal/financeiro/caixa 200 in 22ms (compile: 11ms, render: 12ms)
 GET /manifest.webmanifest 200 in 6ms (compile: 1989µs, render: 4ms)
 GET / 200 in 10ms (compile: 1713µs, render: 8ms)
 GET /manifest.webmanifest 200 in 3ms (compile: 1338µs, render: 1964µs)
 GET /principal 200 in 12ms (compile: 3ms, render: 9ms)
 GET /manifest.webmanifest 200 in 4ms (compile: 1851µs, render: 2ms)
 GET /principal/financeiro 200 in 11ms (compile: 2ms, render: 9ms)
 GET /manifest.webmanifest 200 in 3ms (compile: 1381µs, render: 2ms)
 GET /principal/financeiro/caixa 200 in 18ms (compile: 7ms, render: 10ms)
 GET /manifest.webmanifest 200 in 3ms (compile: 1206µs, render: 1869µs)
✓ Compiled in 121ms
✓ Compiled in 63ms
 GET /principal/financeiro/caixa 200 in 174ms (compile: 75ms, render: 99ms)
 GET /manifest.webmanifest 200 in 5ms (compile: 2ms, render: 3ms)
✓ Compiled in 37ms
 GET /principal 200 in 80ms (compile: 64ms, render: 16ms)
 GET /manifest.webmanifest 200 in 4ms (compile: 1588µs, render: 2ms)
 GET /principal/pessoas 200 in 67ms (compile: 57ms, render: 10ms)
 GET /manifest.webmanifest 200 in 3ms (compile: 1335µs, render: 1920µs)
 GET /principal/alunos 200 in 204ms (compile: 187ms, render: 17ms)
 GET /manifest.webmanifest 200 in 4ms (compile: 1487µs, render: 2ms)
 GET /principal 200 in 49ms (compile: 16ms, render: 33ms)
 GET /manifest.webmanifest 200 in 10ms (compile: 3ms, render: 7ms)
 GET / 200 in 23ms (compile: 9ms, render: 14ms)
 GET /manifest.webmanifest 200 in 4ms (compile: 1526µs, render: 2ms)
 GET /principal 200 in 13ms (compile: 2ms, render: 11ms)
 GET /manifest.webmanifest 200 in 4ms (compile: 1857µs, render: 3ms)
 GET /principal/financeiro 200 in 142ms (compile: 123ms, render: 19ms)
 GET /manifest.webmanifest 200 in 5ms (compile: 2ms, render: 2ms)
 GET /principal/financeiro/bancos 200 in 93ms (compile: 64ms, render: 29ms)
 GET /manifest.webmanifest 200 in 5ms (compile: 2ms, render: 3ms)
 GET / 200 in 87ms (compile: 15ms, render: 72ms)
 GET /manifest.webmanifest 200 in 9ms (compile: 2ms, render: 7ms)
 GET / 200 in 25ms (compile: 2ms, render: 23ms)
 GET /manifest.webmanifest 200 in 6ms (compile: 2ms, render: 3ms)
 GET /principal 200 in 18ms (compile: 3ms, render: 14ms)
 GET /manifest.webmanifest 200 in 4ms (compile: 1355µs, render: 3ms)
 GET /principal/financeiro 200 in 17ms (compile: 3ms, render: 14ms)
 GET /manifest.webmanifest 200 in 3ms (compile: 1165µs, render: 1786µs)
✓ Compiled in 82ms
 GET /principal/financeiro/contas-a-pagar 200 in 143ms (compile: 121ms, render: 22ms)
 GET /manifest.webmanifest 200 in 3ms (compile: 1461µs, render: 1966µs)
 GET /principal/financeiro 200 in 86ms (compile: 69ms, render: 17ms)
 GET /manifest.webmanifest 200 in 5ms (compile: 1478µs, render: 3ms)
 GET /principal/financeiro/contas-a-pagar 200 in 19ms (compile: 6ms, render: 13ms)
 GET /manifest.webmanifest 200 in 3ms (compile: 1189µs, render: 1766µs)
 GET /principal/financeiro/contas-a-pagar 200 in 31ms (compile: 13ms, render: 18ms)
 GET /manifest.webmanifest 200 in 5ms (compile: 2ms, render: 3ms)
 GET /principal/financeiro 200 in 15ms (compile: 3ms, render: 12ms)
 GET /manifest.webmanifest 200 in 6ms (compile: 4ms, render: 2ms)
 GET /principal/financeiro/contas-a-pagar 200 in 20ms (compile: 7ms, render: 12ms)
 GET /manifest.webmanifest 200 in 4ms (compile: 1601µs, render: 2ms)
 GET /principal/financeiro/contas-a-pagar 200 in 19ms (compile: 7ms, render: 12ms)
 GET /manifest.webmanifest 200 in 4ms (compile: 1842µs, render: 2ms)
 GET /principal/financeiro/contas-a-pagar 200 in 18ms (compile: 7ms, render: 11ms)
 GET /manifest.webmanifest 200 in 4ms (compile: 1493µs, render: 3ms)
 GET /principal/financeiro/contas-a-pagar 200 in 17ms (compile: 7ms, render: 11ms)
 GET /manifest.webmanifest 200 in 3ms (compile: 1444µs, render: 1835µs)
 GET /principal/financeiro 200 in 14ms (compile: 2ms, render: 11ms)
 GET /manifest.webmanifest 200 in 4ms (compile: 1687µs, render: 2ms)
 GET /principal/financeiro/contas-a-pagar 200 in 23ms (compile: 6ms, render: 17ms)
 GET /manifest.webmanifest 200 in 5ms (compile: 3ms, render: 2ms)
 GET /principal/financeiro/contas-a-pagar 200 in 19ms (compile: 6ms, render: 13ms)
 GET /manifest.webmanifest 200 in 4ms (compile: 2ms, render: 1853µs)
 GET /principal/financeiro/contas-a-pagar 200 in 16ms (compile: 6ms, render: 10ms)
 GET /manifest.webmanifest 200 in 5ms (compile: 1548µs, render: 4ms)
 GET /principal/financeiro 200 in 12ms (compile: 2ms, render: 9ms)
 GET /manifest.webmanifest 200 in 4ms (compile: 1223µs, render: 3ms)
 GET /principal/financeiro/contas-a-pagar 200 in 18ms (compile: 6ms, render: 11ms)
 GET /manifest.webmanifest 200 in 4ms (compile: 1956µs, render: 2ms)
 GET /principal/financeiro 200 in 11ms (compile: 1759µs, render: 9ms)
 GET /manifest.webmanifest 200 in 3ms (compile: 1444µs, render: 1915µs)
 GET /principal/financeiro/contas-a-pagar 200 in 16ms (compile: 6ms, render: 10ms)
 GET /manifest.webmanifest 200 in 3ms (compile: 1527µs, render: 1843µs)
 GET /principal/financeiro/contas-a-pagar 200 in 16ms (compile: 6ms, render: 10ms)
 GET /manifest.webmanifest 200 in 3ms (compile: 1378µs, render: 1851µs)
 GET /principal/financeiro/contas-a-pagar 200 in 17ms (compile: 7ms, render: 10ms)
 GET /manifest.webmanifest 200 in 3ms (compile: 1321µs, render: 1818µs)
 GET /principal/financeiro/contas-a-pagar 200 in 12ms (compile: 1806µs, render: 11ms)
 GET /manifest.webmanifest 200 in 3ms (compile: 1142µs, render: 1892µs)
 GET /principal/financeiro/contas-a-pagar 200 in 15ms (compile: 6ms, render: 9ms)
 GET /manifest.webmanifest 200 in 4ms (compile: 1579µs, render: 1975µs)
 GET /principal/financeiro 200 in 11ms (compile: 1839µs, render: 9ms)
 GET /manifest.webmanifest 200 in 4ms (compile: 1665µs, render: 2ms)
 GET /principal/financeiro/contas-a-pagar 200 in 18ms (compile: 6ms, render: 12ms)
 GET /manifest.webmanifest 200 in 3ms (compile: 1181µs, render: 1818µs)
 GET /principal/financeiro/contas-a-pagar 200 in 17ms (compile: 6ms, render: 10ms)
 GET /manifest.webmanifest 200 in 4ms (compile: 3ms, render: 1944µs)
 GET /principal/financeiro 200 in 11ms (compile: 2ms, render: 9ms)
 GET /manifest.webmanifest 200 in 3ms (compile: 1290µs, render: 1893µs)
 GET /principal/financeiro/contas-a-pagar 200 in 17ms (compile: 6ms, render: 11ms)
 GET /manifest.webmanifest 200 in 3ms (compile: 1206µs, render: 2ms)
 GET /principal/financeiro/contas-a-pagar 200 in 16ms (compile: 7ms, render: 10ms)
 GET /manifest.webmanifest 200 in 4ms (compile: 1263µs, render: 3ms)
 GET /principal/financeiro/contas-a-pagar 200 in 16ms (compile: 6ms, render: 9ms)
 GET /manifest.webmanifest 200 in 3ms (compile: 1166µs, render: 1762µs)
 GET /principal/financeiro 200 in 11ms (compile: 1682µs, render: 9ms)
 GET /manifest.webmanifest 200 in 4ms (compile: 1262µs, render: 3ms)
 GET /principal/financeiro/contas-a-pagar 200 in 17ms (compile: 7ms, render: 10ms)
 GET /manifest.webmanifest 200 in 4ms (compile: 1407µs, render: 3ms)
✓ Compiled in 67ms
 GET /principal/financeiro/contas-a-pagar 200 in 204ms (compile: 107ms, render: 96ms)
 GET /manifest.webmanifest 200 in 4ms (compile: 2ms, render: 2ms)
 GET /principal/financeiro/contas-a-pagar 200 in 36ms (compile: 7ms, render: 29ms)
 GET /manifest.webmanifest 200 in 4ms (compile: 1683µs, render: 2ms)
 GET /principal/financeiro/contas-a-pagar 200 in 37ms (compile: 7ms, render: 30ms)
 GET /manifest.webmanifest 200 in 5ms (compile: 1611µs, render: 3ms)
 GET /principal/financeiro 200 in 86ms (compile: 69ms, render: 17ms)
 GET /manifest.webmanifest 200 in 4ms (compile: 1276µs, render: 3ms)
 GET /principal/financeiro/contas-a-pagar 200 in 17ms (compile: 6ms, render: 10ms)
 GET /manifest.webmanifest 200 in 4ms (compile: 1687µs, render: 1994µs)
 GET /principal/financeiro/contas-a-pagar 200 in 33ms (compile: 6ms, render: 27ms)
 GET /manifest.webmanifest 200 in 3ms (compile: 1424µs, render: 1912µs)
✓ Compiled in 49ms
✓ Compiled in 41ms
 GET /principal 200 in 82ms (compile: 67ms, render: 15ms)
 GET /manifest.webmanifest 200 in 3ms (compile: 1185µs, render: 1823µs)
 GET /principal/pessoas 200 in 75ms (compile: 59ms, render: 16ms)
 GET /manifest.webmanifest 200 in 3ms (compile: 1390µs, render: 1855µs)
 GET /principal/alunos 200 in 197ms (compile: 181ms, render: 16ms)
 GET /manifest.webmanifest 200 in 3ms (compile: 1406µs, render: 2ms)
 GET /principal/responsaveis 200 in 225ms (compile: 213ms, render: 12ms)
 GET /manifest.webmanifest 200 in 4ms (compile: 1541µs, render: 2ms)
 GET /principal/mensalidades 200 in 81ms (compile: 65ms, render: 16ms)
 GET /manifest.webmanifest 200 in 3ms (compile: 1233µs, render: 1853µs)
 GET /principal/parcelas 200 in 81ms (compile: 64ms, render: 16ms)
 GET /manifest.webmanifest 200 in 3ms (compile: 1222µs, render: 1961µs)
 GET /principal/disciplinas 200 in 170ms (compile: 160ms, render: 10ms)
 GET /manifest.webmanifest 200 in 4ms (compile: 1734µs, render: 1969µs)
 GET /principal 200 in 9ms (compile: 1757µs, render: 7ms)
 GET /manifest.webmanifest 200 in 3ms (compile: 1434µs, render: 1974µs)
 GET /principal/financeiro 200 in 80ms (compile: 66ms, render: 14ms)
 GET /manifest.webmanifest 200 in 5ms (compile: 3ms, render: 1672µs)
 GET /principal/financeiro/contas-a-pagar 200 in 77ms (compile: 60ms, render: 17ms)
 GET /manifest.webmanifest 200 in 4ms (compile: 1585µs, render: 2ms)
 GET /principal/financeiro/contas-a-pagar 200 in 81ms (compile: 9ms, render: 72ms)
 GET /manifest.webmanifest 200 in 3ms (compile: 1418µs, render: 2ms)
 GET /principal/financeiro/contas-a-pagar 200 in 34ms (compile: 7ms, render: 27ms)
 GET /manifest.webmanifest 200 in 4ms (compile: 1581µs, render: 3ms)
 GET /principal/financeiro/contas-a-pagar 200 in 33ms (compile: 7ms, render: 27ms)
 GET /manifest.webmanifest 200 in 4ms (compile: 1683µs, render: 2ms)
 GET /principal/financeiro/contas-a-pagar 200 in 40ms (compile: 7ms, render: 32ms)
 GET /manifest.webmanifest 200 in 5ms (compile: 3ms, render: 2ms)
✓ Compiled in 45ms
 GET /principal/financeiro/contas-a-pagar 200 in 148ms (compile: 71ms, render: 77ms)
 GET /manifest.webmanifest 200 in 4ms (compile: 1690µs, render: 1883µs)
✓ Compiled in 52ms
✓ Compiled in 37ms
 GET /principal/notificacoes 200 in 109ms (compile: 92ms, render: 16ms)
 GET /manifest.webmanifest 200 in 4ms (compile: 2ms, render: 1841µs)
 GET /manifest.webmanifest 200 in 4ms (compile: 1608µs, render: 2ms)
✓ Compiled in 43ms
✓ Compiled in 36ms
✓ Compiled in 89ms
✓ Compiled in 80ms
✓ Compiled in 72ms
✓ Compiled in 76ms
 GET /principal 200 in 83ms (compile: 66ms, render: 17ms)
 GET /manifest.webmanifest 200 in 4ms (compile: 1856µs, render: 2ms)
 GET /principal/financeiro 200 in 74ms (compile: 58ms, render: 16ms)
 GET /manifest.webmanifest 200 in 3ms (compile: 1274µs, render: 1937µs)
 GET /manifest.webmanifest 200 in 4ms (compile: 1688µs, render: 2ms)
 GET /principal/financeiro 200 in 11ms (compile: 1530µs, render: 10ms)
 GET /manifest.webmanifest 200 in 3ms (compile: 1110µs, render: 1729µs)
 GET /principal/financeiro/contas-a-pagar 200 in 80ms (compile: 63ms, render: 17ms)
 GET /manifest.webmanifest 200 in 3ms (compile: 1252µs, render: 1910µs)
 GET /principal/financeiro/contas-a-pagar 200 in 82ms (compile: 6ms, render: 76ms)
 GET /manifest.webmanifest 200 in 4ms (compile: 1337µs, render: 2ms)
 GET /principal/financeiro/contas-a-pagar 200 in 34ms (compile: 6ms, render: 28ms)
 GET /manifest.webmanifest 200 in 5ms (compile: 1637µs, render: 3ms)
✓ Compiled in 46ms
 GET /principal/financeiro/contas-a-pagar 200 in 148ms (compile: 73ms, render: 75ms)
 GET /manifest.webmanifest 200 in 4ms (compile: 1475µs, render: 2ms)
 GET /principal/financeiro/contas-a-pagar 200 in 39ms (compile: 8ms, render: 31ms)
 GET /manifest.webmanifest 200 in 4ms (compile: 1221µs, render: 3ms)
 GET /principal/financeiro/contas-a-pagar 200 in 38ms (compile: 7ms, render: 31ms)
 GET /manifest.webmanifest 200 in 3ms (compile: 1390µs, render: 1825µs)
✓ Compiled in 45ms
 GET /principal 200 in 12ms (compile: 2ms, render: 10ms)
 GET /manifest.webmanifest 200 in 4ms (compile: 1540µs, render: 3ms)
 GET /principal 200 in 10ms (compile: 1595µs, render: 9ms)
 GET /manifest.webmanifest 200 in 4ms (compile: 1251µs, render: 3ms)
 GET /principal/notificacoes 200 in 74ms (compile: 60ms, render: 14ms)
 GET /manifest.webmanifest 200 in 3ms (compile: 1304µs, render: 1972µs)
 GET /principal/pessoas 200 in 72ms (compile: 57ms, render: 15ms)
 GET /manifest.webmanifest 200 in 4ms (compile: 1548µs, render: 2ms)
 GET /principal 200 in 9ms (compile: 1539µs, render: 8ms)
 GET /manifest.webmanifest 200 in 4ms (compile: 1432µs, render: 2ms)
 GET /principal/financeiro 200 in 12ms (compile: 1817µs, render: 10ms)
 GET /manifest.webmanifest 200 in 3ms (compile: 1118µs, render: 1704µs)
 GET /principal/financeiro/contas-a-pagar 200 in 82ms (compile: 64ms, render: 18ms)
 GET /manifest.webmanifest 200 in 4ms (compile: 1777µs, render: 2ms)
 GET /principal/financeiro/contas-a-pagar 200 in 75ms (compile: 7ms, render: 68ms)
 GET /manifest.webmanifest 200 in 4ms (compile: 1552µs, render: 2ms)
 GET / 200 in 16ms (compile: 5ms, render: 11ms)
 GET /manifest.webmanifest 200 in 4ms (compile: 1837µs, render: 1779µs)
 GET /principal 200 in 13ms (compile: 1940µs, render: 11ms)
 GET /manifest.webmanifest 200 in 3ms (compile: 1544µs, render: 1724µs)
 GET /principal/financeiro 200 in 11ms (compile: 1592µs, render: 9ms)
 GET /manifest.webmanifest 200 in 3ms (compile: 1242µs, render: 1945µs)
 GET /principal/financeiro/contas-a-pagar 200 in 18ms (compile: 6ms, render: 11ms)
 GET /manifest.webmanifest 200 in 3ms (compile: 1299µs, render: 1897µs)
✓ Compiled in 40ms
 GET /principal/financeiro/contas-a-pagar 200 in 154ms (compile: 73ms, render: 81ms)
 GET /manifest.webmanifest 200 in 3ms (compile: 1183µs, render: 1866µs)
 GET /principal/financeiro/contas-a-pagar 200 in 36ms (compile: 6ms, render: 30ms)
 GET /manifest.webmanifest 200 in 3ms (compile: 1449µs, render: 1710µs)
 GET /principal 200 in 73ms (compile: 58ms, render: 15ms)
 GET /manifest.webmanifest 200 in 3ms (compile: 1192µs, render: 2ms)
 GET /principal/notificacoes 200 in 71ms (compile: 57ms, render: 14ms)
 GET /manifest.webmanifest 200 in 3ms (compile: 1353µs, render: 2ms)
 GET /principal/pessoas 200 in 74ms (compile: 57ms, render: 17ms)
 GET /manifest.webmanifest 200 in 3ms (compile: 1310µs, render: 1935µs)
 GET /principal/comunicacoes 200 in 51ms (compile: 40ms, render: 11ms)
 GET /manifest.webmanifest 200 in 3ms (compile: 1283µs, render: 2ms)
 GET /principal/professores 200 in 240ms (compile: 223ms, render: 17ms)
 GET /manifest.webmanifest 200 in 4ms (compile: 1608µs, render: 2ms)
 GET /principal 200 in 9ms (compile: 1497µs, render: 8ms)
 GET /manifest.webmanifest 200 in 4ms (compile: 1665µs, render: 2ms)
 GET /principal/financeiro 200 in 87ms (compile: 68ms, render: 19ms)
 GET /manifest.webmanifest 200 in 3ms (compile: 1172µs, render: 1989µs)
 GET /principal/financeiro/contas-a-pagar 200 in 18ms (compile: 8ms, render: 10ms)
 GET /manifest.webmanifest 200 in 3ms (compile: 1175µs, render: 1820µs)
 GET /principal 200 in 13ms (compile: 1491µs, render: 12ms)
 GET /manifest.webmanifest 200 in 4ms (compile: 2ms, render: 1744µs)
✓ Compiled in 79ms
✓ Compiled in 42ms
 GET /principal/financeiro 200 in 72ms (compile: 57ms, render: 16ms)
 GET /manifest.webmanifest 200 in 3ms (compile: 1315µs, render: 2ms)
 GET /principal/financeiro/contas-a-pagar 200 in 78ms (compile: 61ms, render: 17ms)
 GET /manifest.webmanifest 200 in 4ms (compile: 1839µs, render: 2ms)
 GET /manifest.webmanifest 200 in 3ms (compile: 1235µs, render: 1847µs)
 GET /principal 200 in 68ms (compile: 54ms, render: 14ms)
 GET /manifest.webmanifest 200 in 4ms (compile: 1657µs, render: 2ms)
 GET /principal/financeiro 200 in 10ms (compile: 1630µs, render: 8ms)
 GET /manifest.webmanifest 200 in 3ms (compile: 1671µs, render: 1719µs)
 GET /principal/financeiro/contas-a-pagar 200 in 19ms (compile: 8ms, render: 11ms)
 GET /manifest.webmanifest 200 in 3ms (compile: 1226µs, render: 1819µs)
 GET /principal 200 in 10ms (compile: 1516µs, render: 9ms)
 GET /manifest.webmanifest 200 in 4ms (compile: 2ms, render: 1914µs)
✓ Compiled in 35ms
✓ Compiled in 36ms
✓ Compiled in 37ms
 GET /principal/pessoas 200 in 86ms (compile: 67ms, render: 19ms)
 GET /manifest.webmanifest 200 in 4ms (compile: 1525µs, render: 2ms)
 GET /manifest.webmanifest 200 in 3ms (compile: 1411µs, render: 2ms)
 GET /principal/financeiro 200 in 13ms (compile: 3ms, render: 10ms)
 GET /manifest.webmanifest 200 in 3ms (compile: 1383µs, render: 1942µs)
 GET /principal/financeiro/contas-a-pagar 200 in 18ms (compile: 8ms, render: 11ms)
 GET /manifest.webmanifest 200 in 4ms (compile: 1199µs, render: 3ms)
 GET /principal 200 in 73ms (compile: 58ms, render: 15ms)
 GET /manifest.webmanifest 200 in 4ms (compile: 1758µs, render: 2ms)
✓ Compiled in 35ms
 GET /manifest.webmanifest 200 in 4ms (compile: 1438µs, render: 2ms)
 GET /manifest.webmanifest 200 in 4ms (compile: 1481µs, render: 3ms)
 GET /manifest.webmanifest 200 in 3ms (compile: 1257µs, render: 1877µs)
 GET /manifest.webmanifest 200 in 3ms (compile: 1395µs, render: 2ms)
 GET /manifest.webmanifest 200 in 4ms (compile: 1860µs, render: 3ms)
 GET /manifest.webmanifest 200 in 4ms (compile: 1461µs, render: 2ms)
 GET /manifest.webmanifest 200 in 4ms (compile: 1325µs, render: 2ms)
 GET /manifest.webmanifest 200 in 3ms (compile: 1370µs, render: 1914µs)
✓ Compiled in 78ms
✓ Compiled in 82ms
✓ Compiled in 39ms
✓ Compiled in 79ms
✓ Compiled in 38ms
 GET /principal/notificacoes 200 in 77ms (compile: 63ms, render: 14ms)
 GET /manifest.webmanifest 200 in 4ms (compile: 1530µs, render: 2ms)
 GET /principal 200 in 74ms (compile: 59ms, render: 16ms)
 GET /manifest.webmanifest 200 in 3ms (compile: 1259µs, render: 1831µs)
 GET /principal 200 in 10ms (compile: 1571µs, render: 8ms)
 GET /manifest.webmanifest 200 in 4ms (compile: 1246µs, render: 3ms)
 GET /principal/financeiro 200 in 75ms (compile: 59ms, render: 15ms)
 GET /manifest.webmanifest 200 in 3ms (compile: 1340µs, render: 1804µs)
 GET /principal/financeiro/contas-a-pagar 200 in 83ms (compile: 63ms, render: 20ms)
 GET /manifest.webmanifest 200 in 4ms (compile: 1572µs, render: 2ms)
 GET /principal 200 in 12ms (compile: 2ms, render: 10ms)
 GET /manifest.webmanifest 200 in 5ms (compile: 1219µs, render: 3ms)
✓ Compiled in 69ms
✓ Compiled in 73ms
 GET /principal/financeiro 200 in 85ms (compile: 69ms, render: 17ms)
 GET /manifest.webmanifest 200 in 4ms (compile: 2ms, render: 2ms)
 GET /principal/financeiro/contas-a-pagar 200 in 80ms (compile: 63ms, render: 17ms)
 GET /manifest.webmanifest 200 in 4ms (compile: 1674µs, render: 2ms)
✓ Compiled in 36ms
 GET /principal 200 in 79ms (compile: 63ms, render: 16ms)
 GET /manifest.webmanifest 200 in 4ms (compile: 1544µs, render: 1991µs)
 GET /principal 200 in 74ms (compile: 1823µs, render: 73ms)
 GET /manifest.webmanifest 200 in 4ms (compile: 1846µs, render: 1821µs)
 GET /principal/financeiro/contas-a-pagar 200 in 19ms (compile: 6ms, render: 13ms)
 GET /manifest.webmanifest 200 in 4ms (compile: 2ms, render: 1895µs)
✓ Compiled in 75ms
 GET /principal 200 in 84ms (compile: 67ms, render: 17ms)
 GET /manifest.webmanifest 200 in 4ms (compile: 1699µs, render: 2ms)
 GET /principal 200 in 11ms (compile: 1604µs, render: 9ms)
 GET /manifest.webmanifest 200 in 3ms (compile: 1424µs, render: 1979µs)
✓ Compiled in 43ms
 GET /principal/notificacoes 200 in 79ms (compile: 65ms, render: 14ms)
 GET /manifest.webmanifest 200 in 4ms (compile: 1249µs, render: 3ms)
✓ Compiled in 36ms
✓ Compiled in 40ms
✓ Compiled in 44ms
 GET /principal/pessoas 200 in 88ms (compile: 72ms, render: 16ms)
 GET /manifest.webmanifest 200 in 5ms (compile: 1493µs, render: 3ms)
 GET /principal 200 in 75ms (compile: 59ms, render: 15ms)
 GET /manifest.webmanifest 200 in 3ms (compile: 1402µs, render: 1972µs)
 GET /principal/notificacoes 200 in 69ms (compile: 55ms, render: 14ms)
 GET /manifest.webmanifest 200 in 4ms (compile: 1532µs, render: 2ms)
 GET /principal/pessoas 200 in 10ms (compile: 1592µs, render: 8ms)
 GET /manifest.webmanifest 200 in 3ms (compile: 1270µs, render: 2ms)
✓ Compiled in 37ms
✓ Compiled in 43ms
✓ Compiled in 74ms
 GET /principal/notificacoes 200 in 72ms (compile: 58ms, render: 14ms)
 GET /manifest.webmanifest 200 in 3ms (compile: 1464µs, render: 1890µs)
 GET /manifest.webmanifest 200 in 3ms (compile: 1304µs, render: 2ms)
 GET /principal/notificacoes 200 in 12ms (compile: 1684µs, render: 10ms)
 GET /manifest.webmanifest 200 in 3ms (compile: 1303µs, render: 1932µs)
 GET /manifest.webmanifest 200 in 3ms (compile: 1208µs, render: 1888µs)
✓ Compiled in 85ms
✓ Compiled in 47ms
✓ Compiled in 39ms
 GET /principal 200 in 88ms (compile: 72ms, render: 16ms)
 GET /manifest.webmanifest 200 in 3ms (compile: 1551µs, render: 1895µs)
 GET /principal/notificacoes 200 in 68ms (compile: 54ms, render: 14ms)
 GET /manifest.webmanifest 200 in 3ms (compile: 1413µs, render: 1855µs)
 GET /principal/pessoas 200 in 74ms (compile: 57ms, render: 17ms)
 GET /manifest.webmanifest 200 in 4ms (compile: 1483µs, render: 2ms)
 GET /principal 200 in 12ms (compile: 2ms, render: 10ms)
 GET /manifest.webmanifest 200 in 3ms (compile: 1238µs, render: 2ms)
✓ Compiled in 71ms
 GET /principal 200 in 11ms (compile: 1933µs, render: 9ms)
 GET /manifest.webmanifest 200 in 3ms (compile: 1334µs, render: 1775µs)
 GET /principal 200 in 11ms (compile: 1470µs, render: 9ms)
 GET /manifest.webmanifest 200 in 4ms (compile: 1696µs, render: 1848µs)
 GET /principal 200 in 11ms (compile: 1747µs, render: 9ms)
 GET /manifest.webmanifest 200 in 4ms (compile: 1279µs, render: 3ms)
✓ Compiled in 52ms
✓ Compiled in 103ms
 GET /principal 200 in 150ms (compile: 71ms, render: 79ms)
 GET /manifest.webmanifest 200 in 3ms (compile: 1784µs, render: 1689µs)
✓ Compiled in 40ms
 GET /principal 200 in 144ms (compile: 66ms, render: 78ms)
 GET /manifest.webmanifest 200 in 3ms (compile: 1521µs, render: 1778µs)
 GET /principal/notificacoes 200 in 67ms (compile: 52ms, render: 15ms)
 GET /manifest.webmanifest 200 in 3ms (compile: 1398µs, render: 1833µs)
 GET /manifest.webmanifest 200 in 3ms (compile: 1220µs, render: 1853µs)
✓ Compiled in 74ms
✓ Compiled in 72ms
✓ Compiled in 72ms
 GET /principal 200 in 37ms (compile: 3ms, render: 34ms)
 GET /manifest.webmanifest 200 in 5ms (compile: 1607µs, render: 3ms)
 GET /principal/notificacoes 200 in 76ms (compile: 62ms, render: 14ms)
 GET /manifest.webmanifest 200 in 6ms (compile: 4ms, render: 2ms)
 GET /principal 200 in 10ms (compile: 1521µs, render: 9ms)
 GET /manifest.webmanifest 200 in 3ms (compile: 1447µs, render: 1993µs)
 GET /principal/notificacoes 200 in 12ms (compile: 1813µs, render: 10ms)
 GET /manifest.webmanifest 200 in 4ms (compile: 1165µs, render: 3ms)
✓ Compiled in 40ms
 GET /principal/notificacoes 200 in 137ms (compile: 65ms, render: 72ms)
 GET /manifest.webmanifest 200 in 3ms (compile: 1270µs, render: 1852µs)
 GET /manifest.webmanifest 200 in 3ms (compile: 1168µs, render: 1746µs)
✓ Compiled in 42ms
✓ Compiled in 42ms
 GET /principal/pessoas 200 in 89ms (compile: 72ms, render: 17ms)
 GET /manifest.webmanifest 200 in 4ms (compile: 1602µs, render: 2ms)
 GET /principal/notificacoes 200 in 69ms (compile: 55ms, render: 14ms)
 GET /manifest.webmanifest 200 in 3ms (compile: 1632µs, render: 1860µs)
 GET /manifest.webmanifest 200 in 3ms (compile: 1204µs, render: 1872µs)
 GET /manifest.webmanifest 200 in 5ms (compile: 3ms, render: 1951µs)
 GET /principal 200 in 77ms (compile: 61ms, render: 16ms)
 GET /manifest.webmanifest 200 in 3ms (compile: 1557µs, render: 1925µs)
 GET /principal 200 in 11ms (compile: 1753µs, render: 9ms)
 GET /manifest.webmanifest 200 in 3ms (compile: 1417µs, render: 1860µs)
 GET /principal/notificacoes 200 in 11ms (compile: 1620µs, render: 10ms)
 GET /manifest.webmanifest 200 in 4ms (compile: 1457µs, render: 3ms)
 GET /principal 200 in 12ms (compile: 2ms, render: 10ms)
 GET /manifest.webmanifest 200 in 4ms (compile: 1249µs, render: 3ms)
 GET /principal/pessoas 200 in 11ms (compile: 1485µs, render: 9ms)
 GET /manifest.webmanifest 200 in 3ms (compile: 1232µs, render: 1760µs)
✓ Compiled in 42ms
 GET /principal/comunicacoes 200 in 96ms (compile: 80ms, render: 17ms)
 GET /manifest.webmanifest 200 in 6ms (compile: 2ms, render: 3ms)
✓ Compiled in 52ms
✓ Compiled in 37ms
 GET /manifest.webmanifest 200 in 4ms (compile: 1715µs, render: 2ms)
 GET /manifest.webmanifest 200 in 3ms (compile: 1259µs, render: 1870µs)
 GET /manifest.webmanifest 200 in 4ms (compile: 2ms, render: 2ms)
 GET /principal 200 in 91ms (compile: 72ms, render: 19ms)
 GET /manifest.webmanifest 200 in 4ms (compile: 1441µs, render: 2ms)
 GET /principal/notificacoes 200 in 69ms (compile: 54ms, render: 15ms)
 GET /manifest.webmanifest 200 in 3ms (compile: 1302µs, render: 2ms)
 GET /principal 200 in 12ms (compile: 1704µs, render: 10ms)
 GET /manifest.webmanifest 200 in 4ms (compile: 1427µs, render: 2ms)
 GET /principal/notificacoes 200 in 13ms (compile: 1739µs, render: 11ms)
 GET /manifest.webmanifest 200 in 4ms (compile: 1703µs, render: 2ms)
 GET /principal 200 in 10ms (compile: 1509µs, render: 8ms)
 GET /manifest.webmanifest 200 in 3ms (compile: 1411µs, render: 1923µs)
 GET /principal/notificacoes 200 in 11ms (compile: 1456µs, render: 9ms)
 GET /manifest.webmanifest 200 in 3ms (compile: 1190µs, render: 1920µs)
 GET /principal 200 in 9ms (compile: 1730µs, render: 7ms)
 GET /manifest.webmanifest 200 in 4ms (compile: 1529µs, render: 1973µs)
 GET /principal 200 in 11ms (compile: 1529µs, render: 9ms)
 GET /manifest.webmanifest 200 in 5ms (compile: 3ms, render: 1861µs)
 GET /principal/notificacoes 200 in 13ms (compile: 3ms, render: 10ms)
 GET /manifest.webmanifest 200 in 3ms (compile: 1391µs, render: 1992µs)
 GET /principal 200 in 11ms (compile: 1698µs, render: 9ms)
 GET /manifest.webmanifest 200 in 3ms (compile: 1333µs, render: 1944µs)
 GET /principal/notificacoes 200 in 11ms (compile: 1518µs, render: 10ms)
 GET /manifest.webmanifest 200 in 4ms (compile: 1262µs, render: 3ms)
 GET /principal 200 in 11ms (compile: 1813µs, render: 9ms)
 GET /manifest.webmanifest 200 in 3ms (compile: 1251µs, render: 1917µs)
 GET /principal/notificacoes 200 in 12ms (compile: 1458µs, render: 10ms)
 GET /manifest.webmanifest 200 in 3ms (compile: 1209µs, render: 1983µs)
 GET /principal 200 in 10ms (compile: 1497µs, render: 9ms)
 GET /manifest.webmanifest 200 in 3ms (compile: 1298µs, render: 1815µs)
 GET /principal/notificacoes 200 in 11ms (compile: 1768µs, render: 9ms)
 GET /manifest.webmanifest 200 in 5ms (compile: 1530µs, render: 3ms)
 GET /principal 200 in 11ms (compile: 1587µs, render: 10ms)
 GET /manifest.webmanifest 200 in 4ms (compile: 2ms, render: 1932µs)
 GET /principal/notificacoes 200 in 11ms (compile: 3ms, render: 9ms)
 GET /manifest.webmanifest 200 in 3ms (compile: 1519µs, render: 1903µs)
 GET /principal 200 in 11ms (compile: 1541µs, render: 9ms)
 GET /manifest.webmanifest 200 in 3ms (compile: 1357µs, render: 1942µs)
 GET /principal/notificacoes 200 in 12ms (compile: 1847µs, render: 10ms)
 GET /manifest.webmanifest 200 in 3ms (compile: 1419µs, render: 1910µs)
✓ Compiled in 38ms
 GET /principal 200 in 11ms (compile: 1527µs, render: 10ms)
 GET /manifest.webmanifest 200 in 3ms (compile: 1431µs, render: 1896µs)
 GET /principal/notificacoes 200 in 82ms (compile: 68ms, render: 15ms)
 GET /manifest.webmanifest 200 in 3ms (compile: 1422µs, render: 1764µs)
 GET /principal 200 in 10ms (compile: 1954µs, render: 8ms)
 GET /manifest.webmanifest 200 in 3ms (compile: 1166µs, render: 1691µs)
 GET /principal/notificacoes 200 in 11ms (compile: 1501µs, render: 10ms)
 GET /manifest.webmanifest 200 in 3ms (compile: 1607µs, render: 1832µs)
 GET /principal 200 in 10ms (compile: 1700µs, render: 9ms)
 GET /manifest.webmanifest 200 in 4ms (compile: 1592µs, render: 2ms)
 GET /principal/notificacoes 200 in 11ms (compile: 1546µs, render: 10ms)
 GET /manifest.webmanifest 200 in 3ms (compile: 1285µs, render: 1859µs)
 GET /principal/pessoas 200 in 85ms (compile: 68ms, render: 17ms)
 GET /manifest.webmanifest 200 in 3ms (compile: 1456µs, render: 1911µs)
 GET /principal/notificacoes 200 in 12ms (compile: 2ms, render: 10ms)
 GET /manifest.webmanifest 200 in 3ms (compile: 1314µs, render: 2ms)
 GET /principal/pessoas 200 in 11ms (compile: 1464µs, render: 9ms)
 GET /manifest.webmanifest 200 in 3ms (compile: 1419µs, render: 1779µs)
✓ Compiled in 40ms
 GET /principal/notificacoes 200 in 13ms (compile: 3ms, render: 9ms)
 GET /manifest.webmanifest 200 in 4ms (compile: 1575µs, render: 1950µs)
 GET /principal/pessoas 200 in 87ms (compile: 71ms, render: 16ms)
 GET /manifest.webmanifest 200 in 3ms (compile: 1500µs, render: 1938µs)
 GET /principal/notificacoes 200 in 11ms (compile: 1692µs, render: 9ms)
 GET /manifest.webmanifest 200 in 4ms (compile: 1372µs, render: 2ms)
 GET /principal 200 in 10ms (compile: 1597µs, render: 9ms)
 GET /manifest.webmanifest 200 in 3ms (compile: 1205µs, render: 1824µs)
 GET /principal/notificacoes 200 in 11ms (compile: 1476µs, render: 10ms)
 GET /manifest.webmanifest 200 in 3ms (compile: 1249µs, render: 1872µs)
 GET /principal/pessoas 200 in 11ms (compile: 1471µs, render: 10ms)
 GET /manifest.webmanifest 200 in 3ms (compile: 1428µs, render: 1977µs)
 GET /principal/notificacoes 200 in 11ms (compile: 1618µs, render: 9ms)
 GET /manifest.webmanifest 200 in 3ms (compile: 1368µs, render: 2ms)
 GET /principal/pessoas 200 in 11ms (compile: 1645µs, render: 9ms)
 GET /manifest.webmanifest 200 in 3ms (compile: 1299µs, render: 1921µs)
 GET /principal/comunicacoes 200 in 72ms (compile: 55ms, render: 16ms)
 GET /manifest.webmanifest 200 in 4ms (compile: 1655µs, render: 2ms)
 GET /principal/professores 200 in 268ms (compile: 251ms, render: 17ms)
 GET /manifest.webmanifest 200 in 4ms (compile: 1798µs, render: 3ms)
✓ Compiled in 71ms
✓ Compiled in 39ms
 GET /principal/professores 200 in 266ms (compile: 247ms, render: 19ms)
 GET /manifest.webmanifest 200 in 4ms (compile: 1555µs, render: 2ms)
 GET /principal/comunicacoes 200 in 71ms (compile: 56ms, render: 14ms)
 GET /manifest.webmanifest 200 in 4ms (compile: 1589µs, render: 1916µs)
 GET /principal/professores 200 in 127ms (compile: 118ms, render: 9ms)
 GET /manifest.webmanifest 200 in 4ms (compile: 1786µs, render: 2ms)
 GET /principal/alunos 200 in 213ms (compile: 195ms, render: 18ms)
 GET /manifest.webmanifest 200 in 4ms (compile: 1694µs, render: 2ms)
 GET /principal/responsaveis 200 in 242ms (compile: 225ms, render: 18ms)
 GET /manifest.webmanifest 200 in 3ms (compile: 1381µs, render: 2ms)
 GET /principal/mensalidades 200 in 75ms (compile: 61ms, render: 14ms)
 GET /manifest.webmanifest 200 in 3ms (compile: 1170µs, render: 1877µs)
 GET /principal/parcelas 200 in 81ms (compile: 66ms, render: 15ms)
 GET /manifest.webmanifest 200 in 4ms (compile: 1439µs, render: 2ms)
 GET /principal/disciplinas 200 in 212ms (compile: 196ms, render: 17ms)
 GET /manifest.webmanifest 200 in 3ms (compile: 1427µs, render: 2ms)
 GET /principal/series 200 in 192ms (compile: 181ms, render: 12ms)
 GET /manifest.webmanifest 200 in 3ms (compile: 1396µs, render: 2ms)
 GET /principal/turmas 200 in 199ms (compile: 186ms, render: 13ms)
 GET /manifest.webmanifest 200 in 4ms (compile: 1412µs, render: 2ms)
 GET /principal 200 in 75ms (compile: 61ms, render: 14ms)
 GET /manifest.webmanifest 200 in 4ms (compile: 1589µs, render: 2ms)
 GET /principal/financeiro 200 in 81ms (compile: 64ms, render: 17ms)
 GET /manifest.webmanifest 200 in 3ms (compile: 1204µs, render: 1955µs)
 GET /principal/financeiro/contas-a-pagar 200 in 91ms (compile: 71ms, render: 20ms)
 GET /manifest.webmanifest 200 in 3ms (compile: 1233µs, render: 1995µs)
 GET /principal/financeiro 200 in 10ms (compile: 1738µs, render: 8ms)
 GET /manifest.webmanifest 200 in 3ms (compile: 1270µs, render: 1898µs)
 GET /principal/financeiro/bancos 200 in 16ms (compile: 6ms, render: 9ms)
 GET /manifest.webmanifest 200 in 3ms (compile: 1200µs, render: 1854µs)
