
> financeiro-backend@0.0.1 start:dev
> nest start --watch

[2J[3J[H[[90m09:09:22[0m] Starting compilation in watch mode...

[[90m09:09:24[0m] Found 0 errors. Watching for file changes.

[32m[Nest] 40148  - [39m06/04/2026, 09:09:25 [32m    LOG[39m [38;5;3m[NestFactory] [39m[32mStarting Nest application...[39m
[32m[Nest] 40148  - [39m06/04/2026, 09:09:25 [32m    LOG[39m [38;5;3m[InstanceLoader] [39m[32mPrismaModule dependencies initialized[39m[38;5;3m +12ms[39m
[32m[Nest] 40148  - [39m06/04/2026, 09:09:25 [32m    LOG[39m [38;5;3m[InstanceLoader] [39m[32mConfigHostModule dependencies initialized[39m[38;5;3m +1ms[39m
[32m[Nest] 40148  - [39m06/04/2026, 09:09:25 [32m    LOG[39m [38;5;3m[InstanceLoader] [39m[32mHealthModule dependencies initialized[39m[38;5;3m +1ms[39m
[32m[Nest] 40148  - [39m06/04/2026, 09:09:25 [32m    LOG[39m [38;5;3m[InstanceLoader] [39m[32mAppModule dependencies initialized[39m[38;5;3m +0ms[39m
[32m[Nest] 40148  - [39m06/04/2026, 09:09:25 [32m    LOG[39m [38;5;3m[InstanceLoader] [39m[32mConfigModule dependencies initialized[39m[38;5;3m +0ms[39m
[32m[Nest] 40148  - [39m06/04/2026, 09:09:25 [32m    LOG[39m [38;5;3m[InstanceLoader] [39m[32mCompaniesModule dependencies initialized[39m[38;5;3m +0ms[39m
[32m[Nest] 40148  - [39m06/04/2026, 09:09:25 [32m    LOG[39m [38;5;3m[InstanceLoader] [39m[32mReceivablesModule dependencies initialized[39m[38;5;3m +0ms[39m
[32m[Nest] 40148  - [39m06/04/2026, 09:09:25 [32m    LOG[39m [38;5;3m[InstanceLoader] [39m[32mCashSessionsModule dependencies initialized[39m[38;5;3m +0ms[39m
[32m[Nest] 40148  - [39m06/04/2026, 09:09:25 [32m    LOG[39m [38;5;3m[RoutesResolver] [39m[32mAppController {/api/v1}:[39m[38;5;3m +3ms[39m
[32m[Nest] 40148  - [39m06/04/2026, 09:09:25 [32m    LOG[39m [38;5;3m[RouterExplorer] [39m[32mMapped {/api/v1, GET} route[39m[38;5;3m +2ms[39m
[32m[Nest] 40148  - [39m06/04/2026, 09:09:25 [32m    LOG[39m [38;5;3m[RoutesResolver] [39m[32mHealthController {/api/v1/health}:[39m[38;5;3m +0ms[39m
[32m[Nest] 40148  - [39m06/04/2026, 09:09:25 [32m    LOG[39m [38;5;3m[RouterExplorer] [39m[32mMapped {/api/v1/health, GET} route[39m[38;5;3m +0ms[39m
[32m[Nest] 40148  - [39m06/04/2026, 09:09:25 [32m    LOG[39m [38;5;3m[RoutesResolver] [39m[32mCompaniesController {/api/v1/companies}:[39m[38;5;3m +0ms[39m
[32m[Nest] 40148  - [39m06/04/2026, 09:09:25 [32m    LOG[39m [38;5;3m[RouterExplorer] [39m[32mMapped {/api/v1/companies, POST} route[39m[38;5;3m +1ms[39m
[32m[Nest] 40148  - [39m06/04/2026, 09:09:25 [32m    LOG[39m [38;5;3m[RouterExplorer] [39m[32mMapped {/api/v1/companies, GET} route[39m[38;5;3m +0ms[39m
[32m[Nest] 40148  - [39m06/04/2026, 09:09:25 [32m    LOG[39m [38;5;3m[RoutesResolver] [39m[32mReceivablesController {/api/v1/receivables}:[39m[38;5;3m +0ms[39m
[32m[Nest] 40148  - [39m06/04/2026, 09:09:25 [32m    LOG[39m [38;5;3m[RouterExplorer] [39m[32mMapped {/api/v1/receivables/import, POST} route[39m[38;5;3m +0ms[39m
[32m[Nest] 40148  - [39m06/04/2026, 09:09:25 [32m    LOG[39m [38;5;3m[RouterExplorer] [39m[32mMapped {/api/v1/receivables/existing-business-keys, POST} route[39m[38;5;3m +0ms[39m
[32m[Nest] 40148  - [39m06/04/2026, 09:09:25 [32m    LOG[39m [38;5;3m[RouterExplorer] [39m[32mMapped {/api/v1/receivables/batches, GET} route[39m[38;5;3m +0ms[39m
[32m[Nest] 40148  - [39m06/04/2026, 09:09:25 [32m    LOG[39m [38;5;3m[RouterExplorer] [39m[32mMapped {/api/v1/receivables/installments, GET} route[39m[38;5;3m +1ms[39m
[32m[Nest] 40148  - [39m06/04/2026, 09:09:25 [32m    LOG[39m [38;5;3m[RouterExplorer] [39m[32mMapped {/api/v1/receivables/installments/open, GET} route[39m[38;5;3m +0ms[39m
[32m[Nest] 40148  - [39m06/04/2026, 09:09:25 [32m    LOG[39m [38;5;3m[RouterExplorer] [39m[32mMapped {/api/v1/receivables/batches/:batchId, GET} route[39m[38;5;3m +0ms[39m
[32m[Nest] 40148  - [39m06/04/2026, 09:09:25 [32m    LOG[39m [38;5;3m[RouterExplorer] [39m[32mMapped {/api/v1/receivables/installments/:installmentId/settle-cash, POST} route[39m[38;5;3m +0ms[39m
[32m[Nest] 40148  - [39m06/04/2026, 09:09:25 [32m    LOG[39m [38;5;3m[RoutesResolver] [39m[32mCashSessionsController {/api/v1/cash-sessions}:[39m[38;5;3m +0ms[39m
[32m[Nest] 40148  - [39m06/04/2026, 09:09:25 [32m    LOG[39m [38;5;3m[RouterExplorer] [39m[32mMapped {/api/v1/cash-sessions/current, GET} route[39m[38;5;3m +1ms[39m
[32m[Nest] 40148  - [39m06/04/2026, 09:09:25 [32m    LOG[39m [38;5;3m[RouterExplorer] [39m[32mMapped {/api/v1/cash-sessions/open, POST} route[39m[38;5;3m +0ms[39m
[32m[Nest] 40148  - [39m06/04/2026, 09:09:25 [32m    LOG[39m [38;5;3m[RouterExplorer] [39m[32mMapped {/api/v1/cash-sessions/close-current, POST} route[39m[38;5;3m +0ms[39m
[32m[Nest] 40148  - [39m06/04/2026, 09:09:25 [32m    LOG[39m [38;5;3m[NestApplication] [39m[32mNest application successfully started[39m[38;5;3m +2ms[39m
[2J[3J[H[[90m17:51:52[0m] File change detected. Starting incremental compilation...

[[90m17:51:52[0m] Found 0 errors. Watching for file changes.

[2J[3J[H[[90m17:51:52[0m] File change detected. Starting incremental compilation...

[[90m17:51:53[0m] Found 0 errors. Watching for file changes.

[2J[3J[H[[90m17:51:53[0m] File change detected. Starting incremental compilation...

[32m[Nest] 18080  - [39m06/04/2026, 17:51:53 [32m    LOG[39m [38;5;3m[NestFactory] [39m[32mStarting Nest application...[39m
[32m[Nest] 18080  - [39m06/04/2026, 17:51:53 [32m    LOG[39m [38;5;3m[InstanceLoader] [39m[32mPrismaModule dependencies initialized[39m[38;5;3m +13ms[39m
[32m[Nest] 18080  - [39m06/04/2026, 17:51:53 [32m    LOG[39m [38;5;3m[InstanceLoader] [39m[32mConfigHostModule dependencies initialized[39m[38;5;3m +1ms[39m
[32m[Nest] 18080  - [39m06/04/2026, 17:51:53 [32m    LOG[39m [38;5;3m[InstanceLoader] [39m[32mHealthModule dependencies initialized[39m[38;5;3m +0ms[39m
[32m[Nest] 18080  - [39m06/04/2026, 17:51:53 [32m    LOG[39m [38;5;3m[InstanceLoader] [39m[32mAppModule dependencies initialized[39m[38;5;3m +1ms[39m
[32m[Nest] 18080  - [39m06/04/2026, 17:51:53 [32m    LOG[39m [38;5;3m[InstanceLoader] [39m[32mConfigModule dependencies initialized[39m[38;5;3m +0ms[39m
[32m[Nest] 18080  - [39m06/04/2026, 17:51:53 [32m    LOG[39m [38;5;3m[InstanceLoader] [39m[32mCompaniesModule dependencies initialized[39m[38;5;3m +0ms[39m
[32m[Nest] 18080  - [39m06/04/2026, 17:51:53 [32m    LOG[39m [38;5;3m[InstanceLoader] [39m[32mReceivablesModule dependencies initialized[39m[38;5;3m +0ms[39m
[32m[Nest] 18080  - [39m06/04/2026, 17:51:53 [32m    LOG[39m [38;5;3m[InstanceLoader] [39m[32mCashSessionsModule dependencies initialized[39m[38;5;3m +0ms[39m
[32m[Nest] 18080  - [39m06/04/2026, 17:51:53 [32m    LOG[39m [38;5;3m[RoutesResolver] [39m[32mAppController {/api/v1}:[39m[38;5;3m +3ms[39m
[32m[Nest] 18080  - [39m06/04/2026, 17:51:53 [32m    LOG[39m [38;5;3m[RouterExplorer] [39m[32mMapped {/api/v1, GET} route[39m[38;5;3m +1ms[39m
[32m[Nest] 18080  - [39m06/04/2026, 17:51:53 [32m    LOG[39m [38;5;3m[RoutesResolver] [39m[32mHealthController {/api/v1/health}:[39m[38;5;3m +0ms[39m
[32m[Nest] 18080  - [39m06/04/2026, 17:51:53 [32m    LOG[39m [38;5;3m[RouterExplorer] [39m[32mMapped {/api/v1/health, GET} route[39m[38;5;3m +0ms[39m
[32m[Nest] 18080  - [39m06/04/2026, 17:51:53 [32m    LOG[39m [38;5;3m[RoutesResolver] [39m[32mCompaniesController {/api/v1/companies}:[39m[38;5;3m +0ms[39m
[32m[Nest] 18080  - [39m06/04/2026, 17:51:53 [32m    LOG[39m [38;5;3m[RouterExplorer] [39m[32mMapped {/api/v1/companies, POST} route[39m[38;5;3m +1ms[39m
[32m[Nest] 18080  - [39m06/04/2026, 17:51:53 [32m    LOG[39m [38;5;3m[RouterExplorer] [39m[32mMapped {/api/v1/companies, GET} route[39m[38;5;3m +0ms[39m
[32m[Nest] 18080  - [39m06/04/2026, 17:51:53 [32m    LOG[39m [38;5;3m[RoutesResolver] [39m[32mReceivablesController {/api/v1/receivables}:[39m[38;5;3m +0ms[39m
[32m[Nest] 18080  - [39m06/04/2026, 17:51:53 [32m    LOG[39m [38;5;3m[RouterExplorer] [39m[32mMapped {/api/v1/receivables/import, POST} route[39m[38;5;3m +0ms[39m
[32m[Nest] 18080  - [39m06/04/2026, 17:51:53 [32m    LOG[39m [38;5;3m[RouterExplorer] [39m[32mMapped {/api/v1/receivables/existing-business-keys, POST} route[39m[38;5;3m +0ms[39m
[32m[Nest] 18080  - [39m06/04/2026, 17:51:53 [32m    LOG[39m [38;5;3m[RouterExplorer] [39m[32mMapped {/api/v1/receivables/batches, GET} route[39m[38;5;3m +1ms[39m
[32m[Nest] 18080  - [39m06/04/2026, 17:51:53 [32m    LOG[39m [38;5;3m[RouterExplorer] [39m[32mMapped {/api/v1/receivables/installments, GET} route[39m[38;5;3m +0ms[39m
[32m[Nest] 18080  - [39m06/04/2026, 17:51:53 [32m    LOG[39m [38;5;3m[RouterExplorer] [39m[32mMapped {/api/v1/receivables/installments/open, GET} route[39m[38;5;3m +0ms[39m
[32m[Nest] 18080  - [39m06/04/2026, 17:51:53 [32m    LOG[39m [38;5;3m[RouterExplorer] [39m[32mMapped {/api/v1/receivables/batches/:batchId, GET} route[39m[38;5;3m +0ms[39m
[32m[Nest] 18080  - [39m06/04/2026, 17:51:53 [32m    LOG[39m [38;5;3m[RouterExplorer] [39m[32mMapped {/api/v1/receivables/installments/:installmentId/settle-cash, POST} route[39m[38;5;3m +1ms[39m
[32m[Nest] 18080  - [39m06/04/2026, 17:51:53 [32m    LOG[39m [38;5;3m[RoutesResolver] [39m[32mCashSessionsController {/api/v1/cash-sessions}:[39m[38;5;3m +0ms[39m
[32m[Nest] 18080  - [39m06/04/2026, 17:51:53 [32m    LOG[39m [38;5;3m[RouterExplorer] [39m[32mMapped {/api/v1/cash-sessions/current, GET} route[39m[38;5;3m +0ms[39m
[32m[Nest] 18080  - [39m06/04/2026, 17:51:53 [32m    LOG[39m [38;5;3m[RouterExplorer] [39m[32mMapped {/api/v1/cash-sessions/open, POST} route[39m[38;5;3m +0ms[39m
[32m[Nest] 18080  - [39m06/04/2026, 17:51:53 [32m    LOG[39m [38;5;3m[RouterExplorer] [39m[32mMapped {/api/v1/cash-sessions/close-current, POST} route[39m[38;5;3m +0ms[39m
[32m[Nest] 18080  - [39m06/04/2026, 17:51:53 [32m    LOG[39m [38;5;3m[NestApplication] [39m[32mNest application successfully started[39m[38;5;3m +2ms[39m
[[90m17:51:54[0m] Found 0 errors. Watching for file changes.

[2J[3J[H[[90m17:51:54[0m] File change detected. Starting incremental compilation...

[[90m17:51:54[0m] Found 0 errors. Watching for file changes.

[2J[3J[H[[90m17:51:55[0m] File change detected. Starting incremental compilation...

[32m[Nest] 54456  - [39m06/04/2026, 17:51:55 [32m    LOG[39m [38;5;3m[NestFactory] [39m[32mStarting Nest application...[39m
[32m[Nest] 54456  - [39m06/04/2026, 17:51:55 [32m    LOG[39m [38;5;3m[InstanceLoader] [39m[32mPrismaModule dependencies initialized[39m[38;5;3m +10ms[39m
[32m[Nest] 54456  - [39m06/04/2026, 17:51:55 [32m    LOG[39m [38;5;3m[InstanceLoader] [39m[32mConfigHostModule dependencies initialized[39m[38;5;3m +2ms[39m
[32m[Nest] 54456  - [39m06/04/2026, 17:51:55 [32m    LOG[39m [38;5;3m[InstanceLoader] [39m[32mHealthModule dependencies initialized[39m[38;5;3m +0ms[39m
[32m[Nest] 54456  - [39m06/04/2026, 17:51:55 [32m    LOG[39m [38;5;3m[InstanceLoader] [39m[32mAppModule dependencies initialized[39m[38;5;3m +0ms[39m
[32m[Nest] 54456  - [39m06/04/2026, 17:51:55 [32m    LOG[39m [38;5;3m[InstanceLoader] [39m[32mConfigModule dependencies initialized[39m[38;5;3m +0ms[39m
[32m[Nest] 54456  - [39m06/04/2026, 17:51:55 [32m    LOG[39m [38;5;3m[InstanceLoader] [39m[32mCompaniesModule dependencies initialized[39m[38;5;3m +0ms[39m
[32m[Nest] 54456  - [39m06/04/2026, 17:51:55 [32m    LOG[39m [38;5;3m[InstanceLoader] [39m[32mReceivablesModule dependencies initialized[39m[38;5;3m +0ms[39m
[32m[Nest] 54456  - [39m06/04/2026, 17:51:55 [32m    LOG[39m [38;5;3m[InstanceLoader] [39m[32mCashSessionsModule dependencies initialized[39m[38;5;3m +0ms[39m
[32m[Nest] 54456  - [39m06/04/2026, 17:51:55 [32m    LOG[39m [38;5;3m[RoutesResolver] [39m[32mAppController {/api/v1}:[39m[38;5;3m +3ms[39m
[32m[Nest] 54456  - [39m06/04/2026, 17:51:55 [32m    LOG[39m [38;5;3m[RouterExplorer] [39m[32mMapped {/api/v1, GET} route[39m[38;5;3m +1ms[39m
[32m[Nest] 54456  - [39m06/04/2026, 17:51:55 [32m    LOG[39m [38;5;3m[RoutesResolver] [39m[32mHealthController {/api/v1/health}:[39m[38;5;3m +0ms[39m
[32m[Nest] 54456  - [39m06/04/2026, 17:51:55 [32m    LOG[39m [38;5;3m[RouterExplorer] [39m[32mMapped {/api/v1/health, GET} route[39m[38;5;3m +0ms[39m
[32m[Nest] 54456  - [39m06/04/2026, 17:51:55 [32m    LOG[39m [38;5;3m[RoutesResolver] [39m[32mCompaniesController {/api/v1/companies}:[39m[38;5;3m +0ms[39m
[32m[Nest] 54456  - [39m06/04/2026, 17:51:55 [32m    LOG[39m [38;5;3m[RouterExplorer] [39m[32mMapped {/api/v1/companies, POST} route[39m[38;5;3m +1ms[39m
[32m[Nest] 54456  - [39m06/04/2026, 17:51:55 [32m    LOG[39m [38;5;3m[RouterExplorer] [39m[32mMapped {/api/v1/companies, GET} route[39m[38;5;3m +0ms[39m
[32m[Nest] 54456  - [39m06/04/2026, 17:51:55 [32m    LOG[39m [38;5;3m[RoutesResolver] [39m[32mReceivablesController {/api/v1/receivables}:[39m[38;5;3m +0ms[39m
[32m[Nest] 54456  - [39m06/04/2026, 17:51:55 [32m    LOG[39m [38;5;3m[RouterExplorer] [39m[32mMapped {/api/v1/receivables/import, POST} route[39m[38;5;3m +0ms[39m
[32m[Nest] 54456  - [39m06/04/2026, 17:51:55 [32m    LOG[39m [38;5;3m[RouterExplorer] [39m[32mMapped {/api/v1/receivables/existing-business-keys, POST} route[39m[38;5;3m +0ms[39m
[32m[Nest] 54456  - [39m06/04/2026, 17:51:55 [32m    LOG[39m [38;5;3m[RouterExplorer] [39m[32mMapped {/api/v1/receivables/batches, GET} route[39m[38;5;3m +0ms[39m
[32m[Nest] 54456  - [39m06/04/2026, 17:51:55 [32m    LOG[39m [38;5;3m[RouterExplorer] [39m[32mMapped {/api/v1/receivables/installments, GET} route[39m[38;5;3m +1ms[39m
[32m[Nest] 54456  - [39m06/04/2026, 17:51:55 [32m    LOG[39m [38;5;3m[RouterExplorer] [39m[32mMapped {/api/v1/receivables/installments/open, GET} route[39m[38;5;3m +0ms[39m
[32m[Nest] 54456  - [39m06/04/2026, 17:51:55 [32m    LOG[39m [38;5;3m[RouterExplorer] [39m[32mMapped {/api/v1/receivables/batches/:batchId, GET} route[39m[38;5;3m +0ms[39m
[32m[Nest] 54456  - [39m06/04/2026, 17:51:55 [32m    LOG[39m [38;5;3m[RouterExplorer] [39m[32mMapped {/api/v1/receivables/installments/:installmentId/settle-cash, POST} route[39m[38;5;3m +0ms[39m
[32m[Nest] 54456  - [39m06/04/2026, 17:51:55 [32m    LOG[39m [38;5;3m[RoutesResolver] [39m[32mCashSessionsController {/api/v1/cash-sessions}:[39m[38;5;3m +0ms[39m
[32m[Nest] 54456  - [39m06/04/2026, 17:51:55 [32m    LOG[39m [38;5;3m[RouterExplorer] [39m[32mMapped {/api/v1/cash-sessions/current, GET} route[39m[38;5;3m +1ms[39m
[32m[Nest] 54456  - [39m06/04/2026, 17:51:55 [32m    LOG[39m [38;5;3m[RouterExplorer] [39m[32mMapped {/api/v1/cash-sessions/open, POST} route[39m[38;5;3m +0ms[39m
[32m[Nest] 54456  - [39m06/04/2026, 17:51:55 [32m    LOG[39m [38;5;3m[RouterExplorer] [39m[32mMapped {/api/v1/cash-sessions/close-current, POST} route[39m[38;5;3m +0ms[39m
[32m[Nest] 54456  - [39m06/04/2026, 17:51:55 [32m    LOG[39m [38;5;3m[NestApplication] [39m[32mNest application successfully started[39m[38;5;3m +2ms[39m
[[90m17:51:55[0m] Found 0 errors. Watching for file changes.

[2J[3J[H[[90m17:51:55[0m] File change detected. Starting incremental compilation...

[[90m17:51:56[0m] Found 0 errors. Watching for file changes.

[32m[Nest] 50600  - [39m06/04/2026, 17:51:56 [32m    LOG[39m [38;5;3m[NestFactory] [39m[32mStarting Nest application...[39m
[32m[Nest] 50600  - [39m06/04/2026, 17:51:56 [32m    LOG[39m [38;5;3m[InstanceLoader] [39m[32mPrismaModule dependencies initialized[39m[38;5;3m +11ms[39m
[32m[Nest] 50600  - [39m06/04/2026, 17:51:56 [32m    LOG[39m [38;5;3m[InstanceLoader] [39m[32mConfigHostModule dependencies initialized[39m[38;5;3m +2ms[39m
[32m[Nest] 50600  - [39m06/04/2026, 17:51:56 [32m    LOG[39m [38;5;3m[InstanceLoader] [39m[32mHealthModule dependencies initialized[39m[38;5;3m +0ms[39m
[32m[Nest] 50600  - [39m06/04/2026, 17:51:56 [32m    LOG[39m [38;5;3m[InstanceLoader] [39m[32mAppModule dependencies initialized[39m[38;5;3m +0ms[39m
[32m[Nest] 50600  - [39m06/04/2026, 17:51:56 [32m    LOG[39m [38;5;3m[InstanceLoader] [39m[32mConfigModule dependencies initialized[39m[38;5;3m +0ms[39m
[32m[Nest] 50600  - [39m06/04/2026, 17:51:56 [32m    LOG[39m [38;5;3m[InstanceLoader] [39m[32mCompaniesModule dependencies initialized[39m[38;5;3m +0ms[39m
[32m[Nest] 50600  - [39m06/04/2026, 17:51:56 [32m    LOG[39m [38;5;3m[InstanceLoader] [39m[32mReceivablesModule dependencies initialized[39m[38;5;3m +0ms[39m
[32m[Nest] 50600  - [39m06/04/2026, 17:51:56 [32m    LOG[39m [38;5;3m[InstanceLoader] [39m[32mCashSessionsModule dependencies initialized[39m[38;5;3m +0ms[39m
[32m[Nest] 50600  - [39m06/04/2026, 17:51:56 [32m    LOG[39m [38;5;3m[RoutesResolver] [39m[32mAppController {/api/v1}:[39m[38;5;3m +3ms[39m
[32m[Nest] 50600  - [39m06/04/2026, 17:51:56 [32m    LOG[39m [38;5;3m[RouterExplorer] [39m[32mMapped {/api/v1, GET} route[39m[38;5;3m +2ms[39m
[32m[Nest] 50600  - [39m06/04/2026, 17:51:56 [32m    LOG[39m [38;5;3m[RoutesResolver] [39m[32mHealthController {/api/v1/health}:[39m[38;5;3m +0ms[39m
[32m[Nest] 50600  - [39m06/04/2026, 17:51:56 [32m    LOG[39m [38;5;3m[RouterExplorer] [39m[32mMapped {/api/v1/health, GET} route[39m[38;5;3m +0ms[39m
[32m[Nest] 50600  - [39m06/04/2026, 17:51:56 [32m    LOG[39m [38;5;3m[RoutesResolver] [39m[32mCompaniesController {/api/v1/companies}:[39m[38;5;3m +0ms[39m
[32m[Nest] 50600  - [39m06/04/2026, 17:51:56 [32m    LOG[39m [38;5;3m[RouterExplorer] [39m[32mMapped {/api/v1/companies, POST} route[39m[38;5;3m +0ms[39m
[32m[Nest] 50600  - [39m06/04/2026, 17:51:56 [32m    LOG[39m [38;5;3m[RouterExplorer] [39m[32mMapped {/api/v1/companies, GET} route[39m[38;5;3m +1ms[39m
[32m[Nest] 50600  - [39m06/04/2026, 17:51:56 [32m    LOG[39m [38;5;3m[RoutesResolver] [39m[32mReceivablesController {/api/v1/receivables}:[39m[38;5;3m +0ms[39m
[32m[Nest] 50600  - [39m06/04/2026, 17:51:56 [32m    LOG[39m [38;5;3m[RouterExplorer] [39m[32mMapped {/api/v1/receivables/import, POST} route[39m[38;5;3m +0ms[39m
[32m[Nest] 50600  - [39m06/04/2026, 17:51:56 [32m    LOG[39m [38;5;3m[RouterExplorer] [39m[32mMapped {/api/v1/receivables/existing-business-keys, POST} route[39m[38;5;3m +0ms[39m
[32m[Nest] 50600  - [39m06/04/2026, 17:51:56 [32m    LOG[39m [38;5;3m[RouterExplorer] [39m[32mMapped {/api/v1/receivables/batches, GET} route[39m[38;5;3m +0ms[39m
[32m[Nest] 50600  - [39m06/04/2026, 17:51:56 [32m    LOG[39m [38;5;3m[RouterExplorer] [39m[32mMapped {/api/v1/receivables/installments, GET} route[39m[38;5;3m +0ms[39m
[32m[Nest] 50600  - [39m06/04/2026, 17:51:56 [32m    LOG[39m [38;5;3m[RouterExplorer] [39m[32mMapped {/api/v1/receivables/installments/open, GET} route[39m[38;5;3m +0ms[39m
[32m[Nest] 50600  - [39m06/04/2026, 17:51:56 [32m    LOG[39m [38;5;3m[RouterExplorer] [39m[32mMapped {/api/v1/receivables/batches/:batchId, GET} route[39m[38;5;3m +1ms[39m
[32m[Nest] 50600  - [39m06/04/2026, 17:51:56 [32m    LOG[39m [38;5;3m[RouterExplorer] [39m[32mMapped {/api/v1/receivables/installments/:installmentId/settle-cash, POST} route[39m[38;5;3m +0ms[39m
[32m[Nest] 50600  - [39m06/04/2026, 17:51:56 [32m    LOG[39m [38;5;3m[RoutesResolver] [39m[32mCashSessionsController {/api/v1/cash-sessions}:[39m[38;5;3m +0ms[39m
[32m[Nest] 50600  - [39m06/04/2026, 17:51:56 [32m    LOG[39m [38;5;3m[RouterExplorer] [39m[32mMapped {/api/v1/cash-sessions/current, GET} route[39m[38;5;3m +0ms[39m
[32m[Nest] 50600  - [39m06/04/2026, 17:51:56 [32m    LOG[39m [38;5;3m[RouterExplorer] [39m[32mMapped {/api/v1/cash-sessions/open, POST} route[39m[38;5;3m +0ms[39m
[32m[Nest] 50600  - [39m06/04/2026, 17:51:56 [32m    LOG[39m [38;5;3m[RouterExplorer] [39m[32mMapped {/api/v1/cash-sessions/close-current, POST} route[39m[38;5;3m +0ms[39m
[32m[Nest] 50600  - [39m06/04/2026, 17:51:56 [32m    LOG[39m [38;5;3m[NestApplication] [39m[32mNest application successfully started[39m[38;5;3m +3ms[39m
[2J[3J[H[[90m17:51:57[0m] File change detected. Starting incremental compilation...

[[90m17:51:57[0m] Found 0 errors. Watching for file changes.

[32m[Nest] 44352  - [39m06/04/2026, 17:51:58 [32m    LOG[39m [38;5;3m[NestFactory] [39m[32mStarting Nest application...[39m
[32m[Nest] 44352  - [39m06/04/2026, 17:51:58 [32m    LOG[39m [38;5;3m[InstanceLoader] [39m[32mPrismaModule dependencies initialized[39m[38;5;3m +13ms[39m
[32m[Nest] 44352  - [39m06/04/2026, 17:51:58 [32m    LOG[39m [38;5;3m[InstanceLoader] [39m[32mConfigHostModule dependencies initialized[39m[38;5;3m +2ms[39m
[32m[Nest] 44352  - [39m06/04/2026, 17:51:58 [32m    LOG[39m [38;5;3m[InstanceLoader] [39m[32mHealthModule dependencies initialized[39m[38;5;3m +0ms[39m
[32m[Nest] 44352  - [39m06/04/2026, 17:51:58 [32m    LOG[39m [38;5;3m[InstanceLoader] [39m[32mAppModule dependencies initialized[39m[38;5;3m +0ms[39m
[32m[Nest] 44352  - [39m06/04/2026, 17:51:58 [32m    LOG[39m [38;5;3m[InstanceLoader] [39m[32mConfigModule dependencies initialized[39m[38;5;3m +0ms[39m
[32m[Nest] 44352  - [39m06/04/2026, 17:51:58 [32m    LOG[39m [38;5;3m[InstanceLoader] [39m[32mCompaniesModule dependencies initialized[39m[38;5;3m +0ms[39m
[32m[Nest] 44352  - [39m06/04/2026, 17:51:58 [32m    LOG[39m [38;5;3m[InstanceLoader] [39m[32mReceivablesModule dependencies initialized[39m[38;5;3m +1ms[39m
[32m[Nest] 44352  - [39m06/04/2026, 17:51:58 [32m    LOG[39m [38;5;3m[InstanceLoader] [39m[32mCashSessionsModule dependencies initialized[39m[38;5;3m +0ms[39m
[32m[Nest] 44352  - [39m06/04/2026, 17:51:58 [32m    LOG[39m [38;5;3m[RoutesResolver] [39m[32mAppController {/api/v1}:[39m[38;5;3m +3ms[39m
[32m[Nest] 44352  - [39m06/04/2026, 17:51:58 [32m    LOG[39m [38;5;3m[RouterExplorer] [39m[32mMapped {/api/v1, GET} route[39m[38;5;3m +2ms[39m
[32m[Nest] 44352  - [39m06/04/2026, 17:51:58 [32m    LOG[39m [38;5;3m[RoutesResolver] [39m[32mHealthController {/api/v1/health}:[39m[38;5;3m +0ms[39m
[32m[Nest] 44352  - [39m06/04/2026, 17:51:58 [32m    LOG[39m [38;5;3m[RouterExplorer] [39m[32mMapped {/api/v1/health, GET} route[39m[38;5;3m +0ms[39m
[32m[Nest] 44352  - [39m06/04/2026, 17:51:58 [32m    LOG[39m [38;5;3m[RoutesResolver] [39m[32mCompaniesController {/api/v1/companies}:[39m[38;5;3m +0ms[39m
[32m[Nest] 44352  - [39m06/04/2026, 17:51:58 [32m    LOG[39m [38;5;3m[RouterExplorer] [39m[32mMapped {/api/v1/companies, POST} route[39m[38;5;3m +0ms[39m
[32m[Nest] 44352  - [39m06/04/2026, 17:51:58 [32m    LOG[39m [38;5;3m[RouterExplorer] [39m[32mMapped {/api/v1/companies, GET} route[39m[38;5;3m +1ms[39m
[32m[Nest] 44352  - [39m06/04/2026, 17:51:58 [32m    LOG[39m [38;5;3m[RoutesResolver] [39m[32mReceivablesController {/api/v1/receivables}:[39m[38;5;3m +0ms[39m
[32m[Nest] 44352  - [39m06/04/2026, 17:51:58 [32m    LOG[39m [38;5;3m[RouterExplorer] [39m[32mMapped {/api/v1/receivables/import, POST} route[39m[38;5;3m +0ms[39m
[32m[Nest] 44352  - [39m06/04/2026, 17:51:58 [32m    LOG[39m [38;5;3m[RouterExplorer] [39m[32mMapped {/api/v1/receivables/existing-business-keys, POST} route[39m[38;5;3m +0ms[39m
[32m[Nest] 44352  - [39m06/04/2026, 17:51:58 [32m    LOG[39m [38;5;3m[RouterExplorer] [39m[32mMapped {/api/v1/receivables/batches, GET} route[39m[38;5;3m +0ms[39m
[32m[Nest] 44352  - [39m06/04/2026, 17:51:58 [32m    LOG[39m [38;5;3m[RouterExplorer] [39m[32mMapped {/api/v1/receivables/installments, GET} route[39m[38;5;3m +0ms[39m
[32m[Nest] 44352  - [39m06/04/2026, 17:51:58 [32m    LOG[39m [38;5;3m[RouterExplorer] [39m[32mMapped {/api/v1/receivables/installments/open, GET} route[39m[38;5;3m +1ms[39m
[32m[Nest] 44352  - [39m06/04/2026, 17:51:58 [32m    LOG[39m [38;5;3m[RouterExplorer] [39m[32mMapped {/api/v1/receivables/batches/:batchId, GET} route[39m[38;5;3m +0ms[39m
[32m[Nest] 44352  - [39m06/04/2026, 17:51:58 [32m    LOG[39m [38;5;3m[RouterExplorer] [39m[32mMapped {/api/v1/receivables/installments/:installmentId/settle-cash, POST} route[39m[38;5;3m +1ms[39m
[32m[Nest] 44352  - [39m06/04/2026, 17:51:58 [32m    LOG[39m [38;5;3m[RoutesResolver] [39m[32mCashSessionsController {/api/v1/cash-sessions}:[39m[38;5;3m +0ms[39m
[32m[Nest] 44352  - [39m06/04/2026, 17:51:58 [32m    LOG[39m [38;5;3m[RouterExplorer] [39m[32mMapped {/api/v1/cash-sessions/current, GET} route[39m[38;5;3m +0ms[39m
[32m[Nest] 44352  - [39m06/04/2026, 17:51:58 [32m    LOG[39m [38;5;3m[RouterExplorer] [39m[32mMapped {/api/v1/cash-sessions/open, POST} route[39m[38;5;3m +0ms[39m
[32m[Nest] 44352  - [39m06/04/2026, 17:51:58 [32m    LOG[39m [38;5;3m[RouterExplorer] [39m[32mMapped {/api/v1/cash-sessions/close-current, POST} route[39m[38;5;3m +0ms[39m
[32m[Nest] 44352  - [39m06/04/2026, 17:51:58 [32m    LOG[39m [38;5;3m[NestApplication] [39m[32mNest application successfully started[39m[38;5;3m +3ms[39m
[2J[3J[H[[90m17:52:01[0m] File change detected. Starting incremental compilation...

[[90m17:52:01[0m] Found 0 errors. Watching for file changes.

[32m[Nest] 40912  - [39m06/04/2026, 17:52:02 [32m    LOG[39m [38;5;3m[NestFactory] [39m[32mStarting Nest application...[39m
[32m[Nest] 40912  - [39m06/04/2026, 17:52:02 [32m    LOG[39m [38;5;3m[InstanceLoader] [39m[32mPrismaModule dependencies initialized[39m[38;5;3m +12ms[39m
[32m[Nest] 40912  - [39m06/04/2026, 17:52:02 [32m    LOG[39m [38;5;3m[InstanceLoader] [39m[32mConfigHostModule dependencies initialized[39m[38;5;3m +2ms[39m
[32m[Nest] 40912  - [39m06/04/2026, 17:52:02 [32m    LOG[39m [38;5;3m[InstanceLoader] [39m[32mHealthModule dependencies initialized[39m[38;5;3m +0ms[39m
[32m[Nest] 40912  - [39m06/04/2026, 17:52:02 [32m    LOG[39m [38;5;3m[InstanceLoader] [39m[32mAppModule dependencies initialized[39m[38;5;3m +0ms[39m
[32m[Nest] 40912  - [39m06/04/2026, 17:52:02 [32m    LOG[39m [38;5;3m[InstanceLoader] [39m[32mConfigModule dependencies initialized[39m[38;5;3m +0ms[39m
[32m[Nest] 40912  - [39m06/04/2026, 17:52:02 [32m    LOG[39m [38;5;3m[InstanceLoader] [39m[32mCompaniesModule dependencies initialized[39m[38;5;3m +1ms[39m
[32m[Nest] 40912  - [39m06/04/2026, 17:52:02 [32m    LOG[39m [38;5;3m[InstanceLoader] [39m[32mReceivablesModule dependencies initialized[39m[38;5;3m +0ms[39m
[32m[Nest] 40912  - [39m06/04/2026, 17:52:02 [32m    LOG[39m [38;5;3m[InstanceLoader] [39m[32mCashSessionsModule dependencies initialized[39m[38;5;3m +0ms[39m
[32m[Nest] 40912  - [39m06/04/2026, 17:52:02 [32m    LOG[39m [38;5;3m[RoutesResolver] [39m[32mAppController {/api/v1}:[39m[38;5;3m +3ms[39m
[32m[Nest] 40912  - [39m06/04/2026, 17:52:02 [32m    LOG[39m [38;5;3m[RouterExplorer] [39m[32mMapped {/api/v1, GET} route[39m[38;5;3m +1ms[39m
[32m[Nest] 40912  - [39m06/04/2026, 17:52:02 [32m    LOG[39m [38;5;3m[RoutesResolver] [39m[32mHealthController {/api/v1/health}:[39m[38;5;3m +0ms[39m
[32m[Nest] 40912  - [39m06/04/2026, 17:52:02 [32m    LOG[39m [38;5;3m[RouterExplorer] [39m[32mMapped {/api/v1/health, GET} route[39m[38;5;3m +1ms[39m
[32m[Nest] 40912  - [39m06/04/2026, 17:52:02 [32m    LOG[39m [38;5;3m[RoutesResolver] [39m[32mCompaniesController {/api/v1/companies}:[39m[38;5;3m +0ms[39m
[32m[Nest] 40912  - [39m06/04/2026, 17:52:02 [32m    LOG[39m [38;5;3m[RouterExplorer] [39m[32mMapped {/api/v1/companies, POST} route[39m[38;5;3m +0ms[39m
[32m[Nest] 40912  - [39m06/04/2026, 17:52:02 [32m    LOG[39m [38;5;3m[RouterExplorer] [39m[32mMapped {/api/v1/companies, GET} route[39m[38;5;3m +0ms[39m
[32m[Nest] 40912  - [39m06/04/2026, 17:52:02 [32m    LOG[39m [38;5;3m[RoutesResolver] [39m[32mReceivablesController {/api/v1/receivables}:[39m[38;5;3m +0ms[39m
[32m[Nest] 40912  - [39m06/04/2026, 17:52:02 [32m    LOG[39m [38;5;3m[RouterExplorer] [39m[32mMapped {/api/v1/receivables/import, POST} route[39m[38;5;3m +1ms[39m
[32m[Nest] 40912  - [39m06/04/2026, 17:52:02 [32m    LOG[39m [38;5;3m[RouterExplorer] [39m[32mMapped {/api/v1/receivables/existing-business-keys, POST} route[39m[38;5;3m +0ms[39m
[32m[Nest] 40912  - [39m06/04/2026, 17:52:02 [32m    LOG[39m [38;5;3m[RouterExplorer] [39m[32mMapped {/api/v1/receivables/batches, GET} route[39m[38;5;3m +0ms[39m
[32m[Nest] 40912  - [39m06/04/2026, 17:52:02 [32m    LOG[39m [38;5;3m[RouterExplorer] [39m[32mMapped {/api/v1/receivables/installments, GET} route[39m[38;5;3m +0ms[39m
[32m[Nest] 40912  - [39m06/04/2026, 17:52:02 [32m    LOG[39m [38;5;3m[RouterExplorer] [39m[32mMapped {/api/v1/receivables/installments/open, GET} route[39m[38;5;3m +0ms[39m
[32m[Nest] 40912  - [39m06/04/2026, 17:52:02 [32m    LOG[39m [38;5;3m[RouterExplorer] [39m[32mMapped {/api/v1/receivables/batches/:batchId, GET} route[39m[38;5;3m +1ms[39m
[32m[Nest] 40912  - [39m06/04/2026, 17:52:02 [32m    LOG[39m [38;5;3m[RouterExplorer] [39m[32mMapped {/api/v1/receivables/installments/:installmentId/settle-cash, POST} route[39m[38;5;3m +0ms[39m
[32m[Nest] 40912  - [39m06/04/2026, 17:52:02 [32m    LOG[39m [38;5;3m[RoutesResolver] [39m[32mCashSessionsController {/api/v1/cash-sessions}:[39m[38;5;3m +0ms[39m
[32m[Nest] 40912  - [39m06/04/2026, 17:52:02 [32m    LOG[39m [38;5;3m[RouterExplorer] [39m[32mMapped {/api/v1/cash-sessions/current, GET} route[39m[38;5;3m +0ms[39m
[32m[Nest] 40912  - [39m06/04/2026, 17:52:02 [32m    LOG[39m [38;5;3m[RouterExplorer] [39m[32mMapped {/api/v1/cash-sessions/open, POST} route[39m[38;5;3m +0ms[39m
[32m[Nest] 40912  - [39m06/04/2026, 17:52:02 [32m    LOG[39m [38;5;3m[RouterExplorer] [39m[32mMapped {/api/v1/cash-sessions/close-current, POST} route[39m[38;5;3m +0ms[39m
[32m[Nest] 40912  - [39m06/04/2026, 17:52:02 [32m    LOG[39m [38;5;3m[NestApplication] [39m[32mNest application successfully started[39m[38;5;3m +2ms[39m
[2J[3J[H[[90m17:52:02[0m] File change detected. Starting incremental compilation...

[[90m17:52:03[0m] Found 0 errors. Watching for file changes.

[32m[Nest] 18228  - [39m06/04/2026, 17:52:04 [32m    LOG[39m [38;5;3m[NestFactory] [39m[32mStarting Nest application...[39m
[32m[Nest] 18228  - [39m06/04/2026, 17:52:04 [32m    LOG[39m [38;5;3m[InstanceLoader] [39m[32mPrismaModule dependencies initialized[39m[38;5;3m +11ms[39m
[32m[Nest] 18228  - [39m06/04/2026, 17:52:04 [32m    LOG[39m [38;5;3m[InstanceLoader] [39m[32mConfigHostModule dependencies initialized[39m[38;5;3m +1ms[39m
[32m[Nest] 18228  - [39m06/04/2026, 17:52:04 [32m    LOG[39m [38;5;3m[InstanceLoader] [39m[32mHealthModule dependencies initialized[39m[38;5;3m +0ms[39m
[32m[Nest] 18228  - [39m06/04/2026, 17:52:04 [32m    LOG[39m [38;5;3m[InstanceLoader] [39m[32mAppModule dependencies initialized[39m[38;5;3m +0ms[39m
[32m[Nest] 18228  - [39m06/04/2026, 17:52:04 [32m    LOG[39m [38;5;3m[InstanceLoader] [39m[32mConfigModule dependencies initialized[39m[38;5;3m +0ms[39m
[32m[Nest] 18228  - [39m06/04/2026, 17:52:04 [32m    LOG[39m [38;5;3m[InstanceLoader] [39m[32mCompaniesModule dependencies initialized[39m[38;5;3m +1ms[39m
[32m[Nest] 18228  - [39m06/04/2026, 17:52:04 [32m    LOG[39m [38;5;3m[InstanceLoader] [39m[32mReceivablesModule dependencies initialized[39m[38;5;3m +0ms[39m
[32m[Nest] 18228  - [39m06/04/2026, 17:52:04 [32m    LOG[39m [38;5;3m[InstanceLoader] [39m[32mCashSessionsModule dependencies initialized[39m[38;5;3m +0ms[39m
[32m[Nest] 18228  - [39m06/04/2026, 17:52:04 [32m    LOG[39m [38;5;3m[RoutesResolver] [39m[32mAppController {/api/v1}:[39m[38;5;3m +2ms[39m
[32m[Nest] 18228  - [39m06/04/2026, 17:52:04 [32m    LOG[39m [38;5;3m[RouterExplorer] [39m[32mMapped {/api/v1, GET} route[39m[38;5;3m +2ms[39m
[32m[Nest] 18228  - [39m06/04/2026, 17:52:04 [32m    LOG[39m [38;5;3m[RoutesResolver] [39m[32mHealthController {/api/v1/health}:[39m[38;5;3m +0ms[39m
[32m[Nest] 18228  - [39m06/04/2026, 17:52:04 [32m    LOG[39m [38;5;3m[RouterExplorer] [39m[32mMapped {/api/v1/health, GET} route[39m[38;5;3m +0ms[39m
[32m[Nest] 18228  - [39m06/04/2026, 17:52:04 [32m    LOG[39m [38;5;3m[RoutesResolver] [39m[32mCompaniesController {/api/v1/companies}:[39m[38;5;3m +0ms[39m
[32m[Nest] 18228  - [39m06/04/2026, 17:52:04 [32m    LOG[39m [38;5;3m[RouterExplorer] [39m[32mMapped {/api/v1/companies, POST} route[39m[38;5;3m +0ms[39m
[32m[Nest] 18228  - [39m06/04/2026, 17:52:04 [32m    LOG[39m [38;5;3m[RouterExplorer] [39m[32mMapped {/api/v1/companies, GET} route[39m[38;5;3m +1ms[39m
[32m[Nest] 18228  - [39m06/04/2026, 17:52:04 [32m    LOG[39m [38;5;3m[RoutesResolver] [39m[32mReceivablesController {/api/v1/receivables}:[39m[38;5;3m +0ms[39m
[32m[Nest] 18228  - [39m06/04/2026, 17:52:04 [32m    LOG[39m [38;5;3m[RouterExplorer] [39m[32mMapped {/api/v1/receivables/import, POST} route[39m[38;5;3m +0ms[39m
[32m[Nest] 18228  - [39m06/04/2026, 17:52:04 [32m    LOG[39m [38;5;3m[RouterExplorer] [39m[32mMapped {/api/v1/receivables/existing-business-keys, POST} route[39m[38;5;3m +0ms[39m
[32m[Nest] 18228  - [39m06/04/2026, 17:52:04 [32m    LOG[39m [38;5;3m[RouterExplorer] [39m[32mMapped {/api/v1/receivables/batches, GET} route[39m[38;5;3m +0ms[39m
[32m[Nest] 18228  - [39m06/04/2026, 17:52:04 [32m    LOG[39m [38;5;3m[RouterExplorer] [39m[32mMapped {/api/v1/receivables/installments, GET} route[39m[38;5;3m +0ms[39m
[32m[Nest] 18228  - [39m06/04/2026, 17:52:04 [32m    LOG[39m [38;5;3m[RouterExplorer] [39m[32mMapped {/api/v1/receivables/installments/open, GET} route[39m[38;5;3m +1ms[39m
[32m[Nest] 18228  - [39m06/04/2026, 17:52:04 [32m    LOG[39m [38;5;3m[RouterExplorer] [39m[32mMapped {/api/v1/receivables/batches/:batchId, GET} route[39m[38;5;3m +0ms[39m
[32m[Nest] 18228  - [39m06/04/2026, 17:52:04 [32m    LOG[39m [38;5;3m[RouterExplorer] [39m[32mMapped {/api/v1/receivables/installments/:installmentId/settle-cash, POST} route[39m[38;5;3m +0ms[39m
[32m[Nest] 18228  - [39m06/04/2026, 17:52:04 [32m    LOG[39m [38;5;3m[RoutesResolver] [39m[32mCashSessionsController {/api/v1/cash-sessions}:[39m[38;5;3m +0ms[39m
[32m[Nest] 18228  - [39m06/04/2026, 17:52:04 [32m    LOG[39m [38;5;3m[RouterExplorer] [39m[32mMapped {/api/v1/cash-sessions/current, GET} route[39m[38;5;3m +0ms[39m
[32m[Nest] 18228  - [39m06/04/2026, 17:52:04 [32m    LOG[39m [38;5;3m[RouterExplorer] [39m[32mMapped {/api/v1/cash-sessions/open, POST} route[39m[38;5;3m +0ms[39m
[32m[Nest] 18228  - [39m06/04/2026, 17:52:04 [32m    LOG[39m [38;5;3m[RouterExplorer] [39m[32mMapped {/api/v1/cash-sessions/close-current, POST} route[39m[38;5;3m +0ms[39m
[32m[Nest] 18228  - [39m06/04/2026, 17:52:04 [32m    LOG[39m [38;5;3m[NestApplication] [39m[32mNest application successfully started[39m[38;5;3m +2ms[39m
[2J[3J[H[[90m17:52:04[0m] File change detected. Starting incremental compilation...

[[90m17:52:04[0m] Found 0 errors. Watching for file changes.

[2J[3J[H[[90m17:52:04[0m] File change detected. Starting incremental compilation...

[[90m17:52:05[0m] Found 0 errors. Watching for file changes.

[2J[3J[H[[90m17:52:05[0m] File change detected. Starting incremental compilation...

[[90m17:52:05[0m] Found 0 errors. Watching for file changes.

[2J[3J[H[[90m17:52:05[0m] File change detected. Starting incremental compilation...

[[90m17:52:06[0m] Found 0 errors. Watching for file changes.

[2J[3J[H[[90m17:52:06[0m] File change detected. Starting incremental compilation...

[[90m17:52:06[0m] Found 0 errors. Watching for file changes.

[2J[3J[H[[90m17:52:07[0m] File change detected. Starting incremental compilation...

[32m[Nest] 12604  - [39m06/04/2026, 17:52:07 [32m    LOG[39m [38;5;3m[NestFactory] [39m[32mStarting Nest application...[39m
[32m[Nest] 12604  - [39m06/04/2026, 17:52:07 [32m    LOG[39m [38;5;3m[InstanceLoader] [39m[32mPrismaModule dependencies initialized[39m[38;5;3m +11ms[39m
[32m[Nest] 12604  - [39m06/04/2026, 17:52:07 [32m    LOG[39m [38;5;3m[InstanceLoader] [39m[32mConfigHostModule dependencies initialized[39m[38;5;3m +1ms[39m
[32m[Nest] 12604  - [39m06/04/2026, 17:52:07 [32m    LOG[39m [38;5;3m[InstanceLoader] [39m[32mHealthModule dependencies initialized[39m[38;5;3m +0ms[39m
[32m[Nest] 12604  - [39m06/04/2026, 17:52:07 [32m    LOG[39m [38;5;3m[InstanceLoader] [39m[32mAppModule dependencies initialized[39m[38;5;3m +1ms[39m
[32m[Nest] 12604  - [39m06/04/2026, 17:52:07 [32m    LOG[39m [38;5;3m[InstanceLoader] [39m[32mConfigModule dependencies initialized[39m[38;5;3m +0ms[39m
[32m[Nest] 12604  - [39m06/04/2026, 17:52:07 [32m    LOG[39m [38;5;3m[InstanceLoader] [39m[32mCompaniesModule dependencies initialized[39m[38;5;3m +0ms[39m
[32m[Nest] 12604  - [39m06/04/2026, 17:52:07 [32m    LOG[39m [38;5;3m[InstanceLoader] [39m[32mReceivablesModule dependencies initialized[39m[38;5;3m +0ms[39m
[32m[Nest] 12604  - [39m06/04/2026, 17:52:07 [32m    LOG[39m [38;5;3m[InstanceLoader] [39m[32mCashSessionsModule dependencies initialized[39m[38;5;3m +0ms[39m
[32m[Nest] 12604  - [39m06/04/2026, 17:52:07 [32m    LOG[39m [38;5;3m[RoutesResolver] [39m[32mAppController {/api/v1}:[39m[38;5;3m +2ms[39m
[32m[Nest] 12604  - [39m06/04/2026, 17:52:07 [32m    LOG[39m [38;5;3m[RouterExplorer] [39m[32mMapped {/api/v1, GET} route[39m[38;5;3m +2ms[39m
[32m[Nest] 12604  - [39m06/04/2026, 17:52:07 [32m    LOG[39m [38;5;3m[RoutesResolver] [39m[32mHealthController {/api/v1/health}:[39m[38;5;3m +0ms[39m
[32m[Nest] 12604  - [39m06/04/2026, 17:52:07 [32m    LOG[39m [38;5;3m[RouterExplorer] [39m[32mMapped {/api/v1/health, GET} route[39m[38;5;3m +0ms[39m
[32m[Nest] 12604  - [39m06/04/2026, 17:52:07 [32m    LOG[39m [38;5;3m[RoutesResolver] [39m[32mCompaniesController {/api/v1/companies}:[39m[38;5;3m +0ms[39m
[32m[Nest] 12604  - [39m06/04/2026, 17:52:07 [32m    LOG[39m [38;5;3m[RouterExplorer] [39m[32mMapped {/api/v1/companies, POST} route[39m[38;5;3m +1ms[39m
[32m[Nest] 12604  - [39m06/04/2026, 17:52:07 [32m    LOG[39m [38;5;3m[RouterExplorer] [39m[32mMapped {/api/v1/companies, GET} route[39m[38;5;3m +0ms[39m
[32m[Nest] 12604  - [39m06/04/2026, 17:52:07 [32m    LOG[39m [38;5;3m[RoutesResolver] [39m[32mReceivablesController {/api/v1/receivables}:[39m[38;5;3m +0ms[39m
[32m[Nest] 12604  - [39m06/04/2026, 17:52:07 [32m    LOG[39m [38;5;3m[RouterExplorer] [39m[32mMapped {/api/v1/receivables/import, POST} route[39m[38;5;3m +0ms[39m
[32m[Nest] 12604  - [39m06/04/2026, 17:52:07 [32m    LOG[39m [38;5;3m[RouterExplorer] [39m[32mMapped {/api/v1/receivables/existing-business-keys, POST} route[39m[38;5;3m +0ms[39m
[32m[Nest] 12604  - [39m06/04/2026, 17:52:07 [32m    LOG[39m [38;5;3m[RouterExplorer] [39m[32mMapped {/api/v1/receivables/batches, GET} route[39m[38;5;3m +0ms[39m
[32m[Nest] 12604  - [39m06/04/2026, 17:52:07 [32m    LOG[39m [38;5;3m[RouterExplorer] [39m[32mMapped {/api/v1/receivables/installments, GET} route[39m[38;5;3m +0ms[39m
[32m[Nest] 12604  - [39m06/04/2026, 17:52:07 [32m    LOG[39m [38;5;3m[RouterExplorer] [39m[32mMapped {/api/v1/receivables/installments/open, GET} route[39m[38;5;3m +1ms[39m
[32m[Nest] 12604  - [39m06/04/2026, 17:52:07 [32m    LOG[39m [38;5;3m[RouterExplorer] [39m[32mMapped {/api/v1/receivables/batches/:batchId, GET} route[39m[38;5;3m +0ms[39m
[32m[Nest] 12604  - [39m06/04/2026, 17:52:07 [32m    LOG[39m [38;5;3m[RouterExplorer] [39m[32mMapped {/api/v1/receivables/installments/:installmentId/settle-cash, POST} route[39m[38;5;3m +0ms[39m
[32m[Nest] 12604  - [39m06/04/2026, 17:52:07 [32m    LOG[39m [38;5;3m[RoutesResolver] [39m[32mCashSessionsController {/api/v1/cash-sessions}:[39m[38;5;3m +0ms[39m
[32m[Nest] 12604  - [39m06/04/2026, 17:52:07 [32m    LOG[39m [38;5;3m[RouterExplorer] [39m[32mMapped {/api/v1/cash-sessions/current, GET} route[39m[38;5;3m +0ms[39m
[32m[Nest] 12604  - [39m06/04/2026, 17:52:07 [32m    LOG[39m [38;5;3m[RouterExplorer] [39m[32mMapped {/api/v1/cash-sessions/open, POST} route[39m[38;5;3m +0ms[39m
[32m[Nest] 12604  - [39m06/04/2026, 17:52:07 [32m    LOG[39m [38;5;3m[RouterExplorer] [39m[32mMapped {/api/v1/cash-sessions/close-current, POST} route[39m[38;5;3m +1ms[39m
[32m[Nest] 12604  - [39m06/04/2026, 17:52:07 [32m    LOG[39m [38;5;3m[NestApplication] [39m[32mNest application successfully started[39m[38;5;3m +1ms[39m
[[90m17:52:07[0m] Found 0 errors. Watching for file changes.

[2J[3J[H[[90m17:52:08[0m] File change detected. Starting incremental compilation...

[32m[Nest] 4500  - [39m06/04/2026, 17:52:08 [32m    LOG[39m [38;5;3m[NestFactory] [39m[32mStarting Nest application...[39m
[32m[Nest] 4500  - [39m06/04/2026, 17:52:08 [32m    LOG[39m [38;5;3m[InstanceLoader] [39m[32mPrismaModule dependencies initialized[39m[38;5;3m +11ms[39m
[32m[Nest] 4500  - [39m06/04/2026, 17:52:08 [32m    LOG[39m [38;5;3m[InstanceLoader] [39m[32mConfigHostModule dependencies initialized[39m[38;5;3m +2ms[39m
[32m[Nest] 4500  - [39m06/04/2026, 17:52:08 [32m    LOG[39m [38;5;3m[InstanceLoader] [39m[32mHealthModule dependencies initialized[39m[38;5;3m +0ms[39m
[32m[Nest] 4500  - [39m06/04/2026, 17:52:08 [32m    LOG[39m [38;5;3m[InstanceLoader] [39m[32mAppModule dependencies initialized[39m[38;5;3m +0ms[39m
[32m[Nest] 4500  - [39m06/04/2026, 17:52:08 [32m    LOG[39m [38;5;3m[InstanceLoader] [39m[32mConfigModule dependencies initialized[39m[38;5;3m +0ms[39m
[32m[Nest] 4500  - [39m06/04/2026, 17:52:08 [32m    LOG[39m [38;5;3m[InstanceLoader] [39m[32mCompaniesModule dependencies initialized[39m[38;5;3m +0ms[39m
[32m[Nest] 4500  - [39m06/04/2026, 17:52:08 [32m    LOG[39m [38;5;3m[InstanceLoader] [39m[32mReceivablesModule dependencies initialized[39m[38;5;3m +0ms[39m
[32m[Nest] 4500  - [39m06/04/2026, 17:52:08 [32m    LOG[39m [38;5;3m[InstanceLoader] [39m[32mCashSessionsModule dependencies initialized[39m[38;5;3m +0ms[39m
[32m[Nest] 4500  - [39m06/04/2026, 17:52:08 [32m    LOG[39m [38;5;3m[RoutesResolver] [39m[32mAppController {/api/v1}:[39m[38;5;3m +3ms[39m
[32m[Nest] 4500  - [39m06/04/2026, 17:52:08 [32m    LOG[39m [38;5;3m[RouterExplorer] [39m[32mMapped {/api/v1, GET} route[39m[38;5;3m +1ms[39m
[32m[Nest] 4500  - [39m06/04/2026, 17:52:08 [32m    LOG[39m [38;5;3m[RoutesResolver] [39m[32mHealthController {/api/v1/health}:[39m[38;5;3m +1ms[39m
[32m[Nest] 4500  - [39m06/04/2026, 17:52:08 [32m    LOG[39m [38;5;3m[RouterExplorer] [39m[32mMapped {/api/v1/health, GET} route[39m[38;5;3m +0ms[39m
[32m[Nest] 4500  - [39m06/04/2026, 17:52:08 [32m    LOG[39m [38;5;3m[RoutesResolver] [39m[32mCompaniesController {/api/v1/companies}:[39m[38;5;3m +0ms[39m
[32m[Nest] 4500  - [39m06/04/2026, 17:52:08 [32m    LOG[39m [38;5;3m[RouterExplorer] [39m[32mMapped {/api/v1/companies, POST} route[39m[38;5;3m +0ms[39m
[32m[Nest] 4500  - [39m06/04/2026, 17:52:08 [32m    LOG[39m [38;5;3m[RouterExplorer] [39m[32mMapped {/api/v1/companies, GET} route[39m[38;5;3m +0ms[39m
[32m[Nest] 4500  - [39m06/04/2026, 17:52:08 [32m    LOG[39m [38;5;3m[RoutesResolver] [39m[32mReceivablesController {/api/v1/receivables}:[39m[38;5;3m +0ms[39m
[32m[Nest] 4500  - [39m06/04/2026, 17:52:08 [32m    LOG[39m [38;5;3m[RouterExplorer] [39m[32mMapped {/api/v1/receivables/import, POST} route[39m[38;5;3m +1ms[39m
[32m[Nest] 4500  - [39m06/04/2026, 17:52:08 [32m    LOG[39m [38;5;3m[RouterExplorer] [39m[32mMapped {/api/v1/receivables/existing-business-keys, POST} route[39m[38;5;3m +0ms[39m
[32m[Nest] 4500  - [39m06/04/2026, 17:52:08 [32m    LOG[39m [38;5;3m[RouterExplorer] [39m[32mMapped {/api/v1/receivables/batches, GET} route[39m[38;5;3m +0ms[39m
[32m[Nest] 4500  - [39m06/04/2026, 17:52:08 [32m    LOG[39m [38;5;3m[RouterExplorer] [39m[32mMapped {/api/v1/receivables/installments, GET} route[39m[38;5;3m +0ms[39m
[32m[Nest] 4500  - [39m06/04/2026, 17:52:08 [32m    LOG[39m [38;5;3m[RouterExplorer] [39m[32mMapped {/api/v1/receivables/installments/open, GET} route[39m[38;5;3m +0ms[39m
[32m[Nest] 4500  - [39m06/04/2026, 17:52:08 [32m    LOG[39m [38;5;3m[RouterExplorer] [39m[32mMapped {/api/v1/receivables/batches/:batchId, GET} route[39m[38;5;3m +1ms[39m
[32m[Nest] 4500  - [39m06/04/2026, 17:52:08 [32m    LOG[39m [38;5;3m[RouterExplorer] [39m[32mMapped {/api/v1/receivables/installments/:installmentId/settle-cash, POST} route[39m[38;5;3m +0ms[39m
[32m[Nest] 4500  - [39m06/04/2026, 17:52:08 [32m    LOG[39m [38;5;3m[RoutesResolver] [39m[32mCashSessionsController {/api/v1/cash-sessions}:[39m[38;5;3m +0ms[39m
[32m[Nest] 4500  - [39m06/04/2026, 17:52:08 [32m    LOG[39m [38;5;3m[RouterExplorer] [39m[32mMapped {/api/v1/cash-sessions/current, GET} route[39m[38;5;3m +0ms[39m
[32m[Nest] 4500  - [39m06/04/2026, 17:52:08 [32m    LOG[39m [38;5;3m[RouterExplorer] [39m[32mMapped {/api/v1/cash-sessions/open, POST} route[39m[38;5;3m +0ms[39m
[32m[Nest] 4500  - [39m06/04/2026, 17:52:08 [32m    LOG[39m [38;5;3m[RouterExplorer] [39m[32mMapped {/api/v1/cash-sessions/close-current, POST} route[39m[38;5;3m +0ms[39m
[32m[Nest] 4500  - [39m06/04/2026, 17:52:08 [32m    LOG[39m [38;5;3m[NestApplication] [39m[32mNest application successfully started[39m[38;5;3m +2ms[39m
[[90m17:52:08[0m] Found 0 errors. Watching for file changes.

[32m[Nest] 47788  - [39m06/04/2026, 17:52:09 [32m    LOG[39m [38;5;3m[NestFactory] [39m[32mStarting Nest application...[39m
[32m[Nest] 47788  - [39m06/04/2026, 17:52:09 [32m    LOG[39m [38;5;3m[InstanceLoader] [39m[32mPrismaModule dependencies initialized[39m[38;5;3m +12ms[39m
[32m[Nest] 47788  - [39m06/04/2026, 17:52:09 [32m    LOG[39m [38;5;3m[InstanceLoader] [39m[32mConfigHostModule dependencies initialized[39m[38;5;3m +1ms[39m
[32m[Nest] 47788  - [39m06/04/2026, 17:52:09 [32m    LOG[39m [38;5;3m[InstanceLoader] [39m[32mHealthModule dependencies initialized[39m[38;5;3m +1ms[39m
[32m[Nest] 47788  - [39m06/04/2026, 17:52:09 [32m    LOG[39m [38;5;3m[InstanceLoader] [39m[32mAppModule dependencies initialized[39m[38;5;3m +0ms[39m
[32m[Nest] 47788  - [39m06/04/2026, 17:52:09 [32m    LOG[39m [38;5;3m[InstanceLoader] [39m[32mConfigModule dependencies initialized[39m[38;5;3m +0ms[39m
[32m[Nest] 47788  - [39m06/04/2026, 17:52:09 [32m    LOG[39m [38;5;3m[InstanceLoader] [39m[32mCompaniesModule dependencies initialized[39m[38;5;3m +0ms[39m
[32m[Nest] 47788  - [39m06/04/2026, 17:52:09 [32m    LOG[39m [38;5;3m[InstanceLoader] [39m[32mReceivablesModule dependencies initialized[39m[38;5;3m +0ms[39m
[32m[Nest] 47788  - [39m06/04/2026, 17:52:09 [32m    LOG[39m [38;5;3m[InstanceLoader] [39m[32mCashSessionsModule dependencies initialized[39m[38;5;3m +0ms[39m
[32m[Nest] 47788  - [39m06/04/2026, 17:52:09 [32m    LOG[39m [38;5;3m[RoutesResolver] [39m[32mAppController {/api/v1}:[39m[38;5;3m +3ms[39m
[32m[Nest] 47788  - [39m06/04/2026, 17:52:09 [32m    LOG[39m [38;5;3m[RouterExplorer] [39m[32mMapped {/api/v1, GET} route[39m[38;5;3m +2ms[39m
[32m[Nest] 47788  - [39m06/04/2026, 17:52:09 [32m    LOG[39m [38;5;3m[RoutesResolver] [39m[32mHealthController {/api/v1/health}:[39m[38;5;3m +0ms[39m
[32m[Nest] 47788  - [39m06/04/2026, 17:52:09 [32m    LOG[39m [38;5;3m[RouterExplorer] [39m[32mMapped {/api/v1/health, GET} route[39m[38;5;3m +0ms[39m
[32m[Nest] 47788  - [39m06/04/2026, 17:52:09 [32m    LOG[39m [38;5;3m[RoutesResolver] [39m[32mCompaniesController {/api/v1/companies}:[39m[38;5;3m +0ms[39m
[32m[Nest] 47788  - [39m06/04/2026, 17:52:09 [32m    LOG[39m [38;5;3m[RouterExplorer] [39m[32mMapped {/api/v1/companies, POST} route[39m[38;5;3m +0ms[39m
[32m[Nest] 47788  - [39m06/04/2026, 17:52:09 [32m    LOG[39m [38;5;3m[RouterExplorer] [39m[32mMapped {/api/v1/companies, GET} route[39m[38;5;3m +0ms[39m
[32m[Nest] 47788  - [39m06/04/2026, 17:52:09 [32m    LOG[39m [38;5;3m[RoutesResolver] [39m[32mReceivablesController {/api/v1/receivables}:[39m[38;5;3m +0ms[39m
[32m[Nest] 47788  - [39m06/04/2026, 17:52:09 [32m    LOG[39m [38;5;3m[RouterExplorer] [39m[32mMapped {/api/v1/receivables/import, POST} route[39m[38;5;3m +1ms[39m
[32m[Nest] 47788  - [39m06/04/2026, 17:52:09 [32m    LOG[39m [38;5;3m[RouterExplorer] [39m[32mMapped {/api/v1/receivables/existing-business-keys, POST} route[39m[38;5;3m +0ms[39m
[32m[Nest] 47788  - [39m06/04/2026, 17:52:09 [32m    LOG[39m [38;5;3m[RouterExplorer] [39m[32mMapped {/api/v1/receivables/batches, GET} route[39m[38;5;3m +0ms[39m
[32m[Nest] 47788  - [39m06/04/2026, 17:52:09 [32m    LOG[39m [38;5;3m[RouterExplorer] [39m[32mMapped {/api/v1/receivables/installments, GET} route[39m[38;5;3m +0ms[39m
[32m[Nest] 47788  - [39m06/04/2026, 17:52:09 [32m    LOG[39m [38;5;3m[RouterExplorer] [39m[32mMapped {/api/v1/receivables/installments/open, GET} route[39m[38;5;3m +0ms[39m
[32m[Nest] 47788  - [39m06/04/2026, 17:52:09 [32m    LOG[39m [38;5;3m[RouterExplorer] [39m[32mMapped {/api/v1/receivables/batches/:batchId, GET} route[39m[38;5;3m +1ms[39m
[32m[Nest] 47788  - [39m06/04/2026, 17:52:09 [32m    LOG[39m [38;5;3m[RouterExplorer] [39m[32mMapped {/api/v1/receivables/installments/:installmentId/settle-cash, POST} route[39m[38;5;3m +0ms[39m
[32m[Nest] 47788  - [39m06/04/2026, 17:52:09 [32m    LOG[39m [38;5;3m[RoutesResolver] [39m[32mCashSessionsController {/api/v1/cash-sessions}:[39m[38;5;3m +0ms[39m
[32m[Nest] 47788  - [39m06/04/2026, 17:52:09 [32m    LOG[39m [38;5;3m[RouterExplorer] [39m[32mMapped {/api/v1/cash-sessions/current, GET} route[39m[38;5;3m +0ms[39m
[32m[Nest] 47788  - [39m06/04/2026, 17:52:09 [32m    LOG[39m [38;5;3m[RouterExplorer] [39m[32mMapped {/api/v1/cash-sessions/open, POST} route[39m[38;5;3m +0ms[39m
[32m[Nest] 47788  - [39m06/04/2026, 17:52:09 [32m    LOG[39m [38;5;3m[RouterExplorer] [39m[32mMapped {/api/v1/cash-sessions/close-current, POST} route[39m[38;5;3m +0ms[39m
[32m[Nest] 47788  - [39m06/04/2026, 17:52:09 [32m    LOG[39m [38;5;3m[NestApplication] [39m[32mNest application successfully started[39m[38;5;3m +3ms[39m
[2J[3J[H[[90m17:52:09[0m] File change detected. Starting incremental compilation...

[[90m17:52:10[0m] Found 0 errors. Watching for file changes.

[2J[3J[H[[90m17:52:10[0m] File change detected. Starting incremental compilation...

[32m[Nest] 3260  - [39m06/04/2026, 17:52:10 [32m    LOG[39m [38;5;3m[NestFactory] [39m[32mStarting Nest application...[39m
[32m[Nest] 3260  - [39m06/04/2026, 17:52:10 [32m    LOG[39m [38;5;3m[InstanceLoader] [39m[32mPrismaModule dependencies initialized[39m[38;5;3m +11ms[39m
[32m[Nest] 3260  - [39m06/04/2026, 17:52:10 [32m    LOG[39m [38;5;3m[InstanceLoader] [39m[32mConfigHostModule dependencies initialized[39m[38;5;3m +2ms[39m
[32m[Nest] 3260  - [39m06/04/2026, 17:52:10 [32m    LOG[39m [38;5;3m[InstanceLoader] [39m[32mHealthModule dependencies initialized[39m[38;5;3m +0ms[39m
[32m[Nest] 3260  - [39m06/04/2026, 17:52:10 [32m    LOG[39m [38;5;3m[InstanceLoader] [39m[32mAppModule dependencies initialized[39m[38;5;3m +0ms[39m
[32m[Nest] 3260  - [39m06/04/2026, 17:52:10 [32m    LOG[39m [38;5;3m[InstanceLoader] [39m[32mConfigModule dependencies initialized[39m[38;5;3m +0ms[39m
[32m[Nest] 3260  - [39m06/04/2026, 17:52:10 [32m    LOG[39m [38;5;3m[InstanceLoader] [39m[32mCompaniesModule dependencies initialized[39m[38;5;3m +0ms[39m
[32m[Nest] 3260  - [39m06/04/2026, 17:52:10 [32m    LOG[39m [38;5;3m[InstanceLoader] [39m[32mReceivablesModule dependencies initialized[39m[38;5;3m +0ms[39m
[32m[Nest] 3260  - [39m06/04/2026, 17:52:10 [32m    LOG[39m [38;5;3m[InstanceLoader] [39m[32mCashSessionsModule dependencies initialized[39m[38;5;3m +1ms[39m
[32m[Nest] 3260  - [39m06/04/2026, 17:52:10 [32m    LOG[39m [38;5;3m[RoutesResolver] [39m[32mAppController {/api/v1}:[39m[38;5;3m +2ms[39m
[32m[Nest] 3260  - [39m06/04/2026, 17:52:10 [32m    LOG[39m [38;5;3m[RouterExplorer] [39m[32mMapped {/api/v1, GET} route[39m[38;5;3m +2ms[39m
[32m[Nest] 3260  - [39m06/04/2026, 17:52:10 [32m    LOG[39m [38;5;3m[RoutesResolver] [39m[32mHealthController {/api/v1/health}:[39m[38;5;3m +0ms[39m
[32m[Nest] 3260  - [39m06/04/2026, 17:52:10 [32m    LOG[39m [38;5;3m[RouterExplorer] [39m[32mMapped {/api/v1/health, GET} route[39m[38;5;3m +0ms[39m
[32m[Nest] 3260  - [39m06/04/2026, 17:52:10 [32m    LOG[39m [38;5;3m[RoutesResolver] [39m[32mCompaniesController {/api/v1/companies}:[39m[38;5;3m +0ms[39m
[32m[Nest] 3260  - [39m06/04/2026, 17:52:10 [32m    LOG[39m [38;5;3m[RouterExplorer] [39m[32mMapped {/api/v1/companies, POST} route[39m[38;5;3m +0ms[39m
[32m[Nest] 3260  - [39m06/04/2026, 17:52:10 [32m    LOG[39m [38;5;3m[RouterExplorer] [39m[32mMapped {/api/v1/companies, GET} route[39m[38;5;3m +1ms[39m
[32m[Nest] 3260  - [39m06/04/2026, 17:52:10 [32m    LOG[39m [38;5;3m[RoutesResolver] [39m[32mReceivablesController {/api/v1/receivables}:[39m[38;5;3m +0ms[39m
[32m[Nest] 3260  - [39m06/04/2026, 17:52:10 [32m    LOG[39m [38;5;3m[RouterExplorer] [39m[32mMapped {/api/v1/receivables/import, POST} route[39m[38;5;3m +0ms[39m
[32m[Nest] 3260  - [39m06/04/2026, 17:52:10 [32m    LOG[39m [38;5;3m[RouterExplorer] [39m[32mMapped {/api/v1/receivables/existing-business-keys, POST} route[39m[38;5;3m +0ms[39m
[32m[Nest] 3260  - [39m06/04/2026, 17:52:10 [32m    LOG[39m [38;5;3m[RouterExplorer] [39m[32mMapped {/api/v1/receivables/batches, GET} route[39m[38;5;3m +0ms[39m
[32m[Nest] 3260  - [39m06/04/2026, 17:52:10 [32m    LOG[39m [38;5;3m[RouterExplorer] [39m[32mMapped {/api/v1/receivables/installments, GET} route[39m[38;5;3m +0ms[39m
[32m[Nest] 3260  - [39m06/04/2026, 17:52:10 [32m    LOG[39m [38;5;3m[RouterExplorer] [39m[32mMapped {/api/v1/receivables/installments/open, GET} route[39m[38;5;3m +1ms[39m
[32m[Nest] 3260  - [39m06/04/2026, 17:52:10 [32m    LOG[39m [38;5;3m[RouterExplorer] [39m[32mMapped {/api/v1/receivables/batches/:batchId, GET} route[39m[38;5;3m +0ms[39m
[32m[Nest] 3260  - [39m06/04/2026, 17:52:10 [32m    LOG[39m [38;5;3m[RouterExplorer] [39m[32mMapped {/api/v1/receivables/installments/:installmentId/settle-cash, POST} route[39m[38;5;3m +0ms[39m
[32m[Nest] 3260  - [39m06/04/2026, 17:52:10 [32m    LOG[39m [38;5;3m[RoutesResolver] [39m[32mCashSessionsController {/api/v1/cash-sessions}:[39m[38;5;3m +0ms[39m
[32m[Nest] 3260  - [39m06/04/2026, 17:52:10 [32m    LOG[39m [38;5;3m[RouterExplorer] [39m[32mMapped {/api/v1/cash-sessions/current, GET} route[39m[38;5;3m +0ms[39m
[32m[Nest] 3260  - [39m06/04/2026, 17:52:10 [32m    LOG[39m [38;5;3m[RouterExplorer] [39m[32mMapped {/api/v1/cash-sessions/open, POST} route[39m[38;5;3m +0ms[39m
[32m[Nest] 3260  - [39m06/04/2026, 17:52:10 [32m    LOG[39m [38;5;3m[RouterExplorer] [39m[32mMapped {/api/v1/cash-sessions/close-current, POST} route[39m[38;5;3m +0ms[39m
[32m[Nest] 3260  - [39m06/04/2026, 17:52:10 [32m    LOG[39m [38;5;3m[NestApplication] [39m[32mNest application successfully started[39m[38;5;3m +2ms[39m
[[90m17:52:10[0m] Found 0 errors. Watching for file changes.

[32m[Nest] 47600  - [39m06/04/2026, 17:52:11 [32m    LOG[39m [38;5;3m[NestFactory] [39m[32mStarting Nest application...[39m
[32m[Nest] 47600  - [39m06/04/2026, 17:52:11 [32m    LOG[39m [38;5;3m[InstanceLoader] [39m[32mPrismaModule dependencies initialized[39m[38;5;3m +13ms[39m
[32m[Nest] 47600  - [39m06/04/2026, 17:52:11 [32m    LOG[39m [38;5;3m[InstanceLoader] [39m[32mConfigHostModule dependencies initialized[39m[38;5;3m +2ms[39m
[32m[Nest] 47600  - [39m06/04/2026, 17:52:11 [32m    LOG[39m [38;5;3m[InstanceLoader] [39m[32mHealthModule dependencies initialized[39m[38;5;3m +0ms[39m
[32m[Nest] 47600  - [39m06/04/2026, 17:52:11 [32m    LOG[39m [38;5;3m[InstanceLoader] [39m[32mAppModule dependencies initialized[39m[38;5;3m +0ms[39m
[32m[Nest] 47600  - [39m06/04/2026, 17:52:11 [32m    LOG[39m [38;5;3m[InstanceLoader] [39m[32mConfigModule dependencies initialized[39m[38;5;3m +0ms[39m
[32m[Nest] 47600  - [39m06/04/2026, 17:52:11 [32m    LOG[39m [38;5;3m[InstanceLoader] [39m[32mCompaniesModule dependencies initialized[39m[38;5;3m +0ms[39m
[32m[Nest] 47600  - [39m06/04/2026, 17:52:11 [32m    LOG[39m [38;5;3m[InstanceLoader] [39m[32mReceivablesModule dependencies initialized[39m[38;5;3m +0ms[39m
[32m[Nest] 47600  - [39m06/04/2026, 17:52:11 [32m    LOG[39m [38;5;3m[InstanceLoader] [39m[32mCashSessionsModule dependencies initialized[39m[38;5;3m +1ms[39m
[32m[Nest] 47600  - [39m06/04/2026, 17:52:11 [32m    LOG[39m [38;5;3m[RoutesResolver] [39m[32mAppController {/api/v1}:[39m[38;5;3m +3ms[39m
[32m[Nest] 47600  - [39m06/04/2026, 17:52:11 [32m    LOG[39m [38;5;3m[RouterExplorer] [39m[32mMapped {/api/v1, GET} route[39m[38;5;3m +1ms[39m
[32m[Nest] 47600  - [39m06/04/2026, 17:52:11 [32m    LOG[39m [38;5;3m[RoutesResolver] [39m[32mHealthController {/api/v1/health}:[39m[38;5;3m +0ms[39m
[32m[Nest] 47600  - [39m06/04/2026, 17:52:11 [32m    LOG[39m [38;5;3m[RouterExplorer] [39m[32mMapped {/api/v1/health, GET} route[39m[38;5;3m +1ms[39m
[32m[Nest] 47600  - [39m06/04/2026, 17:52:11 [32m    LOG[39m [38;5;3m[RoutesResolver] [39m[32mCompaniesController {/api/v1/companies}:[39m[38;5;3m +0ms[39m
[32m[Nest] 47600  - [39m06/04/2026, 17:52:11 [32m    LOG[39m [38;5;3m[RouterExplorer] [39m[32mMapped {/api/v1/companies, POST} route[39m[38;5;3m +0ms[39m
[32m[Nest] 47600  - [39m06/04/2026, 17:52:11 [32m    LOG[39m [38;5;3m[RouterExplorer] [39m[32mMapped {/api/v1/companies, GET} route[39m[38;5;3m +0ms[39m
[32m[Nest] 47600  - [39m06/04/2026, 17:52:11 [32m    LOG[39m [38;5;3m[RoutesResolver] [39m[32mReceivablesController {/api/v1/receivables}:[39m[38;5;3m +0ms[39m
[32m[Nest] 47600  - [39m06/04/2026, 17:52:11 [32m    LOG[39m [38;5;3m[RouterExplorer] [39m[32mMapped {/api/v1/receivables/import, POST} route[39m[38;5;3m +1ms[39m
[32m[Nest] 47600  - [39m06/04/2026, 17:52:11 [32m    LOG[39m [38;5;3m[RouterExplorer] [39m[32mMapped {/api/v1/receivables/existing-business-keys, POST} route[39m[38;5;3m +0ms[39m
[32m[Nest] 47600  - [39m06/04/2026, 17:52:11 [32m    LOG[39m [38;5;3m[RouterExplorer] [39m[32mMapped {/api/v1/receivables/batches, GET} route[39m[38;5;3m +0ms[39m
[32m[Nest] 47600  - [39m06/04/2026, 17:52:11 [32m    LOG[39m [38;5;3m[RouterExplorer] [39m[32mMapped {/api/v1/receivables/installments, GET} route[39m[38;5;3m +0ms[39m
[32m[Nest] 47600  - [39m06/04/2026, 17:52:11 [32m    LOG[39m [38;5;3m[RouterExplorer] [39m[32mMapped {/api/v1/receivables/installments/open, GET} route[39m[38;5;3m +0ms[39m
[32m[Nest] 47600  - [39m06/04/2026, 17:52:11 [32m    LOG[39m [38;5;3m[RouterExplorer] [39m[32mMapped {/api/v1/receivables/batches/:batchId, GET} route[39m[38;5;3m +1ms[39m
[32m[Nest] 47600  - [39m06/04/2026, 17:52:11 [32m    LOG[39m [38;5;3m[RouterExplorer] [39m[32mMapped {/api/v1/receivables/installments/:installmentId/settle-cash, POST} route[39m[38;5;3m +0ms[39m
[32m[Nest] 47600  - [39m06/04/2026, 17:52:11 [32m    LOG[39m [38;5;3m[RoutesResolver] [39m[32mCashSessionsController {/api/v1/cash-sessions}:[39m[38;5;3m +0ms[39m
[32m[Nest] 47600  - [39m06/04/2026, 17:52:11 [32m    LOG[39m [38;5;3m[RouterExplorer] [39m[32mMapped {/api/v1/cash-sessions/current, GET} route[39m[38;5;3m +0ms[39m
[32m[Nest] 47600  - [39m06/04/2026, 17:52:11 [32m    LOG[39m [38;5;3m[RouterExplorer] [39m[32mMapped {/api/v1/cash-sessions/open, POST} route[39m[38;5;3m +0ms[39m
[32m[Nest] 47600  - [39m06/04/2026, 17:52:11 [32m    LOG[39m [38;5;3m[RouterExplorer] [39m[32mMapped {/api/v1/cash-sessions/close-current, POST} route[39m[38;5;3m +0ms[39m
[32m[Nest] 47600  - [39m06/04/2026, 17:52:11 [32m    LOG[39m [38;5;3m[NestApplication] [39m[32mNest application successfully started[39m[38;5;3m +2ms[39m
