
> frontend@0.1.0 dev
> next dev --hostname 127.0.0.1 --port 3000

▲ Next.js 16.1.6 (Turbopack)
- Local:         http://127.0.0.1:3000
- Network:       http://127.0.0.1:3000

✓ Starting...
✓ Ready in 870ms
 GET /msinfor-admin 200 in 1044ms (compile: 914ms, render: 129ms)
 GET /msinfor-admin 200 in 185ms (compile: 161ms, render: 25ms)
 GET /manifest.webmanifest 200 in 52ms (compile: 43ms, render: 9ms)
✓ Compiled in 113ms
✓ Compiled in 62ms
✓ Compiled in 105ms
 GET /msinfor-admin 200 in 544ms (compile: 221ms, render: 323ms)
 GET /msinfor-admin 200 in 309ms (compile: 123ms, render: 186ms)
 GET /msinfor-admin 200 in 305ms (compile: 156ms, render: 150ms)
 GET /msinfor-admin 200 in 411ms (compile: 124ms, render: 287ms)
 GET /msinfor-admin 200 in 424ms (compile: 121ms, render: 303ms)
 GET /msinfor-admin 200 in 430ms (compile: 133ms, render: 297ms)
 GET /msinfor-admin 200 in 424ms (compile: 136ms, render: 288ms)
 GET /msinfor-admin 200 in 423ms (compile: 124ms, render: 300ms)
 GET /msinfor-admin 200 in 445ms (compile: 128ms, render: 317ms)
 GET /msinfor-admin 200 in 455ms (compile: 137ms, render: 318ms)
 GET /msinfor-admin 200 in 310ms (compile: 143ms, render: 167ms)
 GET /msinfor-admin 200 in 295ms (compile: 139ms, render: 155ms)
 GET /msinfor-admin 200 in 422ms (compile: 134ms, render: 288ms)
 GET /msinfor-admin 200 in 430ms (compile: 128ms, render: 301ms)
 GET /msinfor-admin 200 in 463ms (compile: 132ms, render: 332ms)
 GET /msinfor-admin 200 in 323ms (compile: 138ms, render: 185ms)
 GET /msinfor-admin 200 in 470ms (compile: 157ms, render: 313ms)
 GET /msinfor-admin 200 in 304ms (compile: 144ms, render: 160ms)
 GET /msinfor-admin 200 in 308ms (compile: 136ms, render: 172ms)
 GET /msinfor-admin 200 in 468ms (compile: 151ms, render: 317ms)
 GET /msinfor-admin 200 in 462ms (compile: 136ms, render: 325ms)
 GET /msinfor-admin 200 in 319ms (compile: 151ms, render: 168ms)
 GET /msinfor-admin 200 in 310ms (compile: 143ms, render: 167ms)
 GET /msinfor-admin 200 in 470ms (compile: 144ms, render: 326ms)
 GET /msinfor-admin 200 in 477ms (compile: 147ms, render: 330ms)
 GET /msinfor-admin 200 in 323ms (compile: 148ms, render: 175ms)
 GET /msinfor-admin 200 in 321ms (compile: 150ms, render: 171ms)
 GET /msinfor-admin 200 in 480ms (compile: 147ms, render: 333ms)
 GET /msinfor-admin 200 in 474ms (compile: 156ms, render: 319ms)
 GET /msinfor-admin 200 in 488ms (compile: 147ms, render: 341ms)
 GET /msinfor-admin 200 in 504ms (compile: 138ms, render: 366ms)
 GET /msinfor-admin 200 in 522ms (compile: 165ms, render: 357ms)
 GET /msinfor-admin 200 in 486ms (compile: 164ms, render: 323ms)
 GET /msinfor-admin 200 in 461ms (compile: 156ms, render: 305ms)
 GET /msinfor-admin 200 in 295ms (compile: 133ms, render: 162ms)
 GET /msinfor-admin 200 in 313ms (compile: 138ms, render: 175ms)
 GET /msinfor-admin 200 in 329ms (compile: 153ms, render: 176ms)
 GET /msinfor-admin 200 in 468ms (compile: 156ms, render: 312ms)
 GET /msinfor-admin 200 in 473ms (compile: 143ms, render: 329ms)
 GET /msinfor-admin 200 in 510ms (compile: 139ms, render: 371ms)
 GET /msinfor-admin 200 in 521ms (compile: 158ms, render: 363ms)
 GET /msinfor-admin 200 in 507ms (compile: 179ms, render: 328ms)
 GET /msinfor-admin 200 in 482ms (compile: 148ms, render: 334ms)
 GET /msinfor-admin 200 in 489ms (compile: 145ms, render: 344ms)
 GET /msinfor-admin 200 in 498ms (compile: 155ms, render: 344ms)
 GET /msinfor-admin 200 in 529ms (compile: 154ms, render: 374ms)
 GET /msinfor-admin 200 in 531ms (compile: 155ms, render: 376ms)
 GET /msinfor-admin 200 in 532ms (compile: 181ms, render: 351ms)
 GET /msinfor-admin 200 in 489ms (compile: 157ms, render: 332ms)
 GET /msinfor-admin 200 in 508ms (compile: 157ms, render: 350ms)
 GET /msinfor-admin 200 in 496ms (compile: 140ms, render: 355ms)
 GET /msinfor-admin 200 in 498ms (compile: 174ms, render: 325ms)
 GET /msinfor-admin 200 in 468ms (compile: 144ms, render: 324ms)
 GET /msinfor-admin 200 in 315ms (compile: 144ms, render: 171ms)
 GET /msinfor-admin 200 in 315ms (compile: 144ms, render: 171ms)
 GET /msinfor-admin 200 in 460ms (compile: 146ms, render: 314ms)
 GET /msinfor-admin 200 in 464ms (compile: 138ms, render: 326ms)
 GET /msinfor-admin 200 in 317ms (compile: 142ms, render: 175ms)
 GET /msinfor-admin 200 in 329ms (compile: 150ms, render: 179ms)
 GET /msinfor-admin 200 in 484ms (compile: 156ms, render: 329ms)
 GET /msinfor-admin 200 in 320ms (compile: 151ms, render: 169ms)
 GET /msinfor-admin 200 in 501ms (compile: 146ms, render: 356ms)
 GET /msinfor-admin 200 in 347ms (compile: 152ms, render: 195ms)
 GET /msinfor-admin 200 in 329ms (compile: 171ms, render: 158ms)
 GET /msinfor-admin 200 in 421ms (compile: 135ms, render: 286ms)
 GET /msinfor-admin 200 in 279ms (compile: 124ms, render: 155ms)
 GET /msinfor-admin 200 in 284ms (compile: 131ms, render: 152ms)
 GET /msinfor-admin 200 in 272ms (compile: 131ms, render: 141ms)
 GET /msinfor-admin 200 in 429ms (compile: 122ms, render: 307ms)
 GET /msinfor-admin 200 in 301ms (compile: 145ms, render: 156ms)
 GET /msinfor-admin 200 in 302ms (compile: 134ms, render: 168ms)
 GET /msinfor-admin 200 in 159ms (compile: 148ms, render: 11ms)
 GET /manifest.webmanifest 200 in 35ms (compile: 26ms, render: 9ms)
 GET / 200 in 84ms (compile: 31ms, render: 53ms)
 GET /principal 200 in 32ms (compile: 17ms, render: 15ms)
 GET /manifest.webmanifest 200 in 5ms (compile: 1524µs, render: 3ms)
 GET /principal/pessoas 200 in 39ms (compile: 27ms, render: 12ms)
 GET /manifest.webmanifest 200 in 5ms (compile: 1751µs, render: 3ms)
 GET /manifest.webmanifest 200 in 5ms (compile: 1555µs, render: 3ms)
 GET /principal/grade 200 in 189ms (compile: 176ms, render: 13ms)
 GET /manifest.webmanifest 200 in 5ms (compile: 1589µs, render: 3ms)
 GET /manifest.webmanifest 200 in 4ms (compile: 1586µs, render: 3ms)
 GET /principal/mensalidades 200 in 348ms (compile: 333ms, render: 15ms)
 GET /manifest.webmanifest 200 in 5ms (compile: 1985µs, render: 3ms)
 GET /principal/series 200 in 183ms (compile: 172ms, render: 11ms)
 GET /manifest.webmanifest 200 in 6ms (compile: 1964µs, render: 4ms)
 GET /principal/mensalidades 200 in 10ms (compile: 1611µs, render: 9ms)
 GET /manifest.webmanifest 200 in 5ms (compile: 1420µs, render: 3ms)
✓ Compiled in 96ms
✓ Compiled in 85ms
✓ Compiled in 50ms
✓ Compiled in 47ms
✓ Compiled in 95ms
✓ Compiled in 49ms
✓ Compiled in 48ms
✓ Compiled in 46ms
✓ Compiled in 85ms
✓ Compiled in 46ms
✓ Compiled in 85ms
✓ Compiled in 44ms
✓ Compiled in 47ms
✓ Compiled in 43ms
✓ Compiled in 50ms
✓ Compiled in 39ms
✓ Compiled in 45ms
✓ Compiled in 49ms
✓ Compiled in 42ms
 GET /principal/mensalidades 500 in 263ms (compile: 156ms, render: 107ms)
 GET /principal/mensalidades 500 in 70ms (compile: 57ms, render: 13ms)
 GET /principal/mensalidades 500 in 69ms (compile: 63ms, render: 6ms)
✓ Compiled in 43ms
 GET /principal/mensalidades 200 in 221ms (compile: 102ms, render: 119ms)
 GET /manifest.webmanifest 200 in 32ms (compile: 24ms, render: 7ms)
 GET /principal/mensalidades/detalhes/6b9db421-e624-4076-80b8-516b7571c271 200 in 548ms (compile: 528ms, render: 19ms)
 GET /manifest.webmanifest 200 in 5ms (compile: 1779µs, render: 3ms)
✓ Compiled in 51ms
✓ Compiled in 46ms
 GET /manifest.webmanifest 200 in 6ms (compile: 1868µs, render: 4ms)
 GET /principal/alunos 200 in 200ms (compile: 188ms, render: 11ms)
 GET /manifest.webmanifest 200 in 5ms (compile: 1809µs, render: 3ms)
 GET /principal/mensalidades 200 in 12ms (compile: 1654µs, render: 10ms)
 GET /manifest.webmanifest 200 in 4ms (compile: 1647µs, render: 2ms)
 GET /principal/mensalidades/detalhes/6b9db421-e624-4076-80b8-516b7571c271 200 in 80ms (compile: 60ms, render: 19ms)
 GET /manifest.webmanifest 200 in 4ms (compile: 1699µs, render: 3ms)
 GET /manifest.webmanifest 200 in 4ms (compile: 1639µs, render: 2ms)
 GET /principal/mensalidades/detalhes/6b9db421-e624-4076-80b8-516b7571c271 200 in 25ms (compile: 9ms, render: 16ms)
 GET /manifest.webmanifest 200 in 4ms (compile: 1735µs, render: 2ms)
✓ Compiled in 89ms
✓ Compiled in 46ms
✓ Compiled in 71ms
✓ Compiled in 39ms
✓ Compiled in 47ms
✓ Compiled in 40ms
 GET /principal/mensalidades 200 in 12ms (compile: 2ms, render: 10ms)
 GET /manifest.webmanifest 200 in 4ms (compile: 1599µs, render: 2ms)
 GET / 200 in 75ms (compile: 11ms, render: 64ms)
 GET /manifest.webmanifest 200 in 4ms (compile: 1628µs, render: 3ms)
 GET /principal 200 in 27ms (compile: 12ms, render: 16ms)
 GET /manifest.webmanifest 200 in 4ms (compile: 1544µs, render: 3ms)
 GET /principal/mensalidades 200 in 13ms (compile: 2ms, render: 11ms)
 GET /manifest.webmanifest 200 in 3ms (compile: 1218µs, render: 1886µs)
 GET /principal/mensalidades 200 in 13ms (compile: 2ms, render: 11ms)
 GET /manifest.webmanifest 200 in 4ms (compile: 1719µs, render: 3ms)
 GET /principal/mensalidades 200 in 10ms (compile: 1551µs, render: 8ms)
 GET /manifest.webmanifest 200 in 3ms (compile: 1201µs, render: 1692µs)
 GET /principal/mensalidades 200 in 12ms (compile: 1574µs, render: 10ms)
 GET /manifest.webmanifest 200 in 4ms (compile: 1584µs, render: 3ms)
 GET /principal/disciplinas 200 in 203ms (compile: 187ms, render: 16ms)
 GET /manifest.webmanifest 200 in 4ms (compile: 1303µs, render: 3ms)
 GET /principal/mensalidades 200 in 11ms (compile: 1562µs, render: 9ms)
 GET /manifest.webmanifest 200 in 3ms (compile: 1179µs, render: 1932µs)
✓ Compiled in 49ms
 GET / 200 in 11ms (compile: 2ms, render: 9ms)
 GET /manifest.webmanifest 200 in 4ms (compile: 1927µs, render: 2ms)
✓ Compiled in 44ms
 GET / 200 in 35ms (compile: 2ms, render: 33ms)
 GET /manifest.webmanifest 200 in 4ms (compile: 1319µs, render: 3ms)
✓ Compiled in 45ms
 GET / 200 in 135ms (compile: 55ms, render: 80ms)
 GET /manifest.webmanifest 200 in 4ms (compile: 1399µs, render: 3ms)
✓ Compiled in 50ms
 GET / 200 in 110ms (compile: 54ms, render: 57ms)
 GET /manifest.webmanifest 200 in 4ms (compile: 1737µs, render: 2ms)
 GET / 200 in 28ms (compile: 2ms, render: 25ms)
 GET /manifest.webmanifest 200 in 5ms (compile: 1393µs, render: 3ms)
 GET /principal 200 in 13ms (compile: 2ms, render: 10ms)
 GET /manifest.webmanifest 200 in 4ms (compile: 1492µs, render: 2ms)
 GET /principal 200 in 53ms (compile: 2ms, render: 51ms)
 GET /manifest.webmanifest 200 in 4ms (compile: 1423µs, render: 2ms)
 GET / 200 in 14ms (compile: 1984µs, render: 12ms)
 GET /manifest.webmanifest 200 in 4ms (compile: 1529µs, render: 3ms)
 GET /principal 200 in 32ms (compile: 1992µs, render: 30ms)
 GET /principal 200 in 19ms (compile: 1674µs, render: 17ms)
 GET /manifest.webmanifest 200 in 3ms (compile: 1180µs, render: 2ms)
 GET /principal/mensalidades 200 in 73ms (compile: 54ms, render: 19ms)
 GET /manifest.webmanifest 200 in 4ms (compile: 1456µs, render: 2ms)
 GET /principal/disciplinas 200 in 176ms (compile: 166ms, render: 10ms)
 GET /manifest.webmanifest 200 in 5ms (compile: 2ms, render: 3ms)
 GET / 200 in 21ms (compile: 1536µs, render: 20ms)
 GET /manifest.webmanifest 200 in 3ms (compile: 1226µs, render: 1858µs)
 GET /principal 200 in 10ms (compile: 1653µs, render: 9ms)
 GET /manifest.webmanifest 200 in 4ms (compile: 1688µs, render: 2ms)
 GET /principal/comunicacoes 200 in 40ms (compile: 31ms, render: 10ms)
 GET /manifest.webmanifest 200 in 3ms (compile: 1451µs, render: 2ms)
 GET /principal/mensalidades 200 in 12ms (compile: 1637µs, render: 11ms)
 GET /manifest.webmanifest 200 in 4ms (compile: 1437µs, render: 2ms)
 GET /principal/mensalidades/detalhes/6b9db421-e624-4076-80b8-516b7571c271 200 in 81ms (compile: 61ms, render: 20ms)
 GET /manifest.webmanifest 200 in 4ms (compile: 1424µs, render: 2ms)
 GET /principal/mensalidades/detalhes/6b9db421-e624-4076-80b8-516b7571c271 200 in 185ms (compile: 78ms, render: 108ms)
 GET /manifest.webmanifest 200 in 29ms (compile: 25ms, render: 4ms)
 GET / 200 in 45ms (compile: 12ms, render: 33ms)
 GET /manifest.webmanifest 200 in 6ms (compile: 4ms, render: 2ms)
 GET /principal 200 in 74ms (compile: 58ms, render: 16ms)
 GET /manifest.webmanifest 200 in 4ms (compile: 1495µs, render: 2ms)
 GET /principal/mensalidades 200 in 75ms (compile: 58ms, render: 18ms)
 GET /manifest.webmanifest 200 in 3ms (compile: 1296µs, render: 2ms)
 GET /principal/mensalidades 200 in 74ms (compile: 2ms, render: 71ms)
 GET /manifest.webmanifest 200 in 4ms (compile: 1523µs, render: 2ms)
 GET /principal/mensalidades 200 in 33ms (compile: 3ms, render: 30ms)
 GET /manifest.webmanifest 200 in 4ms (compile: 1312µs, render: 3ms)
 GET / 200 in 27ms (compile: 1890µs, render: 25ms)
 GET /manifest.webmanifest 200 in 3ms (compile: 1188µs, render: 1744µs)
 GET /principal 200 in 15ms (compile: 3ms, render: 12ms)
 GET /manifest.webmanifest 200 in 5ms (compile: 1779µs, render: 3ms)
 GET /principal/mensalidades 200 in 13ms (compile: 1624µs, render: 11ms)
 GET /manifest.webmanifest 200 in 3ms (compile: 1106µs, render: 2ms)
 GET /principal/mensalidades 200 in 13ms (compile: 1589µs, render: 11ms)
 GET /manifest.webmanifest 200 in 3ms (compile: 1396µs, render: 2ms)
 GET /principal/parcelas 200 in 277ms (compile: 265ms, render: 12ms)
 GET /manifest.webmanifest 200 in 4ms (compile: 1458µs, render: 3ms)
 GET /principal/mensalidades 200 in 12ms (compile: 1576µs, render: 10ms)
 GET /manifest.webmanifest 200 in 5ms (compile: 2ms, render: 2ms)
✓ Compiled in 43ms
✓ Compiled in 37ms
✓ Compiled in 48ms
✓ Compiled in 45ms
✓ Compiled in 47ms
 GET / 200 in 14ms (compile: 2ms, render: 11ms)
 GET /manifest.webmanifest 200 in 4ms (compile: 1681µs, render: 2ms)
✓ Compiled in 47ms
✓ Compiled in 42ms
✓ Compiled in 37ms
 GET / 200 in 24ms (compile: 1684µs, render: 23ms)
 GET /manifest.webmanifest 200 in 3ms (compile: 1251µs, render: 2ms)
 GET /principal 200 in 11ms (compile: 1664µs, render: 9ms)
 GET /manifest.webmanifest 200 in 4ms (compile: 1397µs, render: 2ms)
 GET /principal/mensalidades 200 in 77ms (compile: 57ms, render: 19ms)
 GET /manifest.webmanifest 200 in 4ms (compile: 1873µs, render: 2ms)
✓ Compiled in 39ms
✓ Compiled in 45ms
 GET / 200 in 28ms (compile: 2ms, render: 26ms)
 GET /principal 200 in 12ms (compile: 1830µs, render: 10ms)
 GET /manifest.webmanifest 200 in 4ms (compile: 1328µs, render: 2ms)
 GET /principal/mensalidades 200 in 137ms (compile: 58ms, render: 79ms)
 GET /manifest.webmanifest 200 in 4ms (compile: 1395µs, render: 2ms)
 GET /manifest.webmanifest 200 in 4ms (compile: 1567µs, render: 3ms)
 GET /principal/mensalidades 200 in 31ms (compile: 1631µs, render: 30ms)
 GET /manifest.webmanifest 200 in 4ms (compile: 1504µs, render: 3ms)
 GET /principal/mensalidades 200 in 32ms (compile: 1803µs, render: 31ms)
 GET /manifest.webmanifest 200 in 4ms (compile: 1405µs, render: 3ms)
 GET /principal/mensalidades 200 in 30ms (compile: 2ms, render: 28ms)
 GET /manifest.webmanifest 200 in 4ms (compile: 1805µs, render: 1872µs)
 GET /manifest.webmanifest 200 in 5ms (compile: 1785µs, render: 3ms)
✓ Compiled in 48ms
 GET / 200 in 26ms (compile: 1614µs, render: 24ms)
 GET /principal 200 in 15ms (compile: 2ms, render: 12ms)
 GET /manifest.webmanifest 200 in 5ms (compile: 1926µs, render: 3ms)
✓ Compiled in 51ms
 GET / 200 in 25ms (compile: 1846µs, render: 23ms)
 GET /principal 200 in 78ms (compile: 61ms, render: 17ms)
 GET /manifest.webmanifest 200 in 4ms (compile: 1242µs, render: 2ms)
 GET /principal 200 in 78ms (compile: 2ms, render: 76ms)
 GET / 200 in 11ms (compile: 1885µs, render: 9ms)
 GET /principal 200 in 41ms (compile: 3ms, render: 39ms)
✓ Compiled in 46ms
 GET /principal 200 in 163ms (compile: 67ms, render: 96ms)
 GET / 200 in 23ms (compile: 1916µs, render: 21ms)
 GET /principal 200 in 14ms (compile: 2ms, render: 12ms)
 GET /manifest.webmanifest 200 in 4ms (compile: 1458µs, render: 2ms)
 GET /principal 200 in 31ms (compile: 1882µs, render: 29ms)
